This file contains any messages produced by compilers while
running configure, to aid debugging if configure makes a mistake.

It was created by jasper configure 1.900.1, which was
generated by GNU Autoconf 2.59.  Invocation command line was

  $ ./configure 

## --------- ##
## Platform. ##
## --------- ##

hostname = windows7-PC
uname -m = x86_64
uname -r = 2.6.0(0.304/5/3)
uname -s = MSYS_NT-6.1
uname -v = 2016-09-07 20:45

/usr/bin/uname -p = unknown
/bin/uname -X     = unknown

/bin/arch              = x86_64
/usr/bin/arch -k       = unknown
/usr/convex/getsysinfo = unknown
hostinfo               = unknown
/bin/machine           = unknown
/usr/bin/oslevel       = unknown
/bin/universe          = unknown

PATH: /usr/local/bin
PATH: /usr/bin
PATH: /bin
PATH: /opt/bin
PATH: /c/Windows/System32
PATH: /c/Windows
PATH: /c/Windows/System32/Wbem
PATH: /c/Windows/System32/WindowsPowerShell/v1.0/


## ----------- ##
## Core tests. ##
## ----------- ##

configure:1415: loading site script /etc/config.site
| # This file is in public domain.
| # Original author: Karlson2k (Evgeny Grin)
| # Written for MSys2 to help running 'configure' scripts
| 
| # Use correct config.site even if CONFIG_SITE is not set
| if test "x$MSYSTEM" = "xMINGW64"; then
|   if test -r "${MINGW_PREFIX-/mingw64}/etc/config.site"; then
|     . "${MINGW_PREFIX-/mingw64}/etc/config.site"
|   fi
| elif test "x$MSYSTEM" = "xMINGW32"; then
|   if test -r "${MINGW_PREFIX-/mingw32}/etc/config.site"; then
|     . "${MINGW_PREFIX-/mingw32}/etc/config.site"
|   fi
| else
|   # Defaults for MSys2-targeted programs
| 
|   # Set proper selfname on bash and fallback to default name on other shells
|   test -n "${BASH_SOURCE}" 2>/dev/null && config_site_me="${BASH_SOURCE[0]##*/}" || config_site_me=config.site
| 
|   # Set default 'host' to speedup configure
|   if test -z "$build_alias"; then
|     build_alias="${MSYSTEM_CARCH-x86_64}-pc-msys"  && \
|       $as_echo "$config_site_me:${as_lineno-$LINENO}: default build_alias set to $build_alias" >&5 
|   fi
| 
|   # Set default 'prefix' to "/usr"
|   if ( test -z "$prefix" || test "x$prefix" = "xNONE" ) && \
|      ( test -z "$exec_prefix" || test "x$exec_prefix" = "xNONE" ); then
|     prefix="${MSYSTEM_PREFIX-/usr}" && \
|       $as_echo "$config_site_me:${as_lineno-$LINENO}: default prefix set to $prefix" >&5
|   fi
| 
| fi
configure:1558: checking build system type
configure:1571: error: /bin/sh acaux/config.sub x86_64-pc-msys failed

## ---------------- ##
## Cache variables. ##
## ---------------- ##

ac_cv_build=
ac_cv_build_alias=x86_64-pc-msys
ac_cv_env_CC_set=
ac_cv_env_CC_value=
ac_cv_env_CFLAGS_set=
ac_cv_env_CFLAGS_value=
ac_cv_env_CPPFLAGS_set=
ac_cv_env_CPPFLAGS_value=
ac_cv_env_CPP_set=
ac_cv_env_CPP_value=
ac_cv_env_CXXCPP_set=
ac_cv_env_CXXCPP_value=
ac_cv_env_CXXFLAGS_set=
ac_cv_env_CXXFLAGS_value=
ac_cv_env_CXX_set=
ac_cv_env_CXX_value=
ac_cv_env_F77_set=
ac_cv_env_F77_value=
ac_cv_env_FFLAGS_set=
ac_cv_env_FFLAGS_value=
ac_cv_env_LDFLAGS_set=
ac_cv_env_LDFLAGS_value=
ac_cv_env_build_alias_set=
ac_cv_env_build_alias_value=
ac_cv_env_host_alias_set=
ac_cv_env_host_alias_value=
ac_cv_env_target_alias_set=
ac_cv_env_target_alias_value=

## ----------------- ##
## Output variables. ##
## ----------------- ##

ACLOCAL=''
AMDEPBACKSLASH=''
AMDEP_FALSE=''
AMDEP_TRUE=''
AMTAR=''
AR=''
AUTOCONF=''
AUTOHEADER=''
AUTOMAKE=''
AWK=''
CC=''
CCDEPMODE=''
CFLAGS=''
CPP=''
CPPFLAGS=''
CXX=''
CXXCPP=''
CXXDEPMODE=''
CXXFLAGS=''
CYGPATH_W=''
DEFS=''
DEPDIR=''
ECHO='echo'
ECHO_C=''
ECHO_N='-n'
ECHO_T=''
EGREP=''
EXEEXT=''
F77=''
FFLAGS=''
HAVE_LIBJPEG_FALSE=''
HAVE_LIBJPEG_TRUE=''
HAVE_OPENGL_FALSE=''
HAVE_OPENGL_TRUE=''
INSTALL_DATA=''
INSTALL_PROGRAM=''
INSTALL_SCRIPT=''
INSTALL_STRIP_PROGRAM=''
JAS_MAJOR_VERSION=''
JAS_MICRO_VERSION=''
JAS_MINOR_VERSION=''
JAS_RPM_RELEASE=''
JAS_VERSION=''
LDFLAGS=''
LIBOBJS=''
LIBS=''
LIBTOOL=''
LN_S=''
LTLIBOBJS=''
LT_AGE=''
LT_CURRENT=''
LT_RELEASE=''
LT_REVISION=''
MAKEINFO=''
OBJEXT=''
OPENGL_LIBS=''
PACKAGE=''
PACKAGE_BUGREPORT=''
PACKAGE_NAME='jasper'
PACKAGE_STRING='jasper 1.900.1'
PACKAGE_TARNAME='jasper'
PACKAGE_VERSION='1.900.1'
PATH_SEPARATOR=':'
RANLIB=''
SED=''
SET_MAKE=''
SHELL='/bin/sh'
STRIP=''
VERSION=''
X_CFLAGS=''
X_EXTRA_LIBS=''
X_LIBS=''
X_PRE_LIBS=''
ac_ct_AR=''
ac_ct_CC=''
ac_ct_CXX=''
ac_ct_F77=''
ac_ct_RANLIB=''
ac_ct_STRIP=''
am__fastdepCC_FALSE=''
am__fastdepCC_TRUE=''
am__fastdepCXX_FALSE=''
am__fastdepCXX_TRUE=''
am__include=''
am__leading_dot=''
am__quote=''
am__tar=''
am__untar=''
bindir='${exec_prefix}/bin'
build=''
build_alias='x86_64-pc-msys'
build_cpu=''
build_os=''
build_vendor=''
datadir='${prefix}/share'
exec_prefix='NONE'
host=''
host_alias=''
host_cpu=''
host_os=''
host_vendor=''
includedir='${prefix}/include'
infodir='${prefix}/info'
install_sh=''
libdir='${exec_prefix}/lib'
libexecdir='${exec_prefix}/libexec'
localstatedir='${prefix}/var'
mandir='${prefix}/man'
mkdir_p=''
oldincludedir='/usr/include'
prefix='/usr'
program_transform_name='s,x,x,'
sbindir='${exec_prefix}/sbin'
sharedstatedir='${prefix}/com'
sysconfdir='${prefix}/etc'
target=''
target_alias=''
target_cpu=''
target_os=''
target_vendor=''

## ----------- ##
## confdefs.h. ##
## ----------- ##

#define PACKAGE_BUGREPORT ""
#define PACKAGE_NAME "jasper"
#define PACKAGE_STRING "jasper 1.900.1"
#define PACKAGE_TARNAME "jasper"
#define PACKAGE_VERSION "1.900.1"

configure: exit 1
