This file contains any messages produced by compilers while
running configure, to aid debugging if configure makes a mistake.

It was created by libwebp configure 0.6.0, which was
generated by GNU Autoconf 2.69.  Invocation command line was

  $ ./configure 

## --------- ##
## Platform. ##
## --------- ##

hostname = figuinha-mint
uname -m = x86_64
uname -r = 4.4.0-53-generic
uname -s = Linux
uname -v = #74-Ubuntu SMP Fri Dec 2 15:59:10 UTC 2016

/usr/bin/uname -p = unknown
/bin/uname -X     = unknown

/bin/arch              = unknown
/usr/bin/arch -k       = unknown
/usr/convex/getsysinfo = unknown
/usr/bin/hostinfo      = unknown
/bin/machine           = unknown
/usr/bin/oslevel       = unknown
/bin/universe          = unknown

PATH: /home/figuinha/bin
PATH: /home/figuinha/.local/bin
PATH: /usr/local/sbin
PATH: /usr/local/bin
PATH: /usr/sbin
PATH: /usr/bin
PATH: /sbin
PATH: /bin
PATH: /usr/games
PATH: /usr/local/games


## ----------- ##
## Core tests. ##
## ----------- ##

configure:2351: checking build system type
configure:2365: result: x86_64-unknown-linux-gnu
configure:2385: checking host system type
configure:2398: result: x86_64-unknown-linux-gnu
configure:2435: checking for a BSD-compatible install
configure:2503: result: /usr/bin/install -c
configure:2514: checking whether build environment is sane
configure:2569: result: yes
configure:2720: checking for a thread-safe mkdir -p
configure:2759: result: /bin/mkdir -p
configure:2766: checking for gawk
configure:2782: found /usr/bin/gawk
configure:2793: result: gawk
configure:2804: checking whether make sets $(MAKE)
configure:2826: result: yes
configure:2855: checking whether make supports nested variables
configure:2872: result: yes
configure:3010: checking for style of include used by make
configure:3038: result: GNU
configure:3109: checking for gcc
configure:3125: found /usr/bin/gcc
configure:3136: result: gcc
configure:3365: checking for C compiler version
configure:3374: gcc --version >&5
gcc (Ubuntu 5.4.0-6ubuntu1~16.04.4) 5.4.0 20160609
Copyright (C) 2015 Free Software Foundation, Inc.
This is free software; see the source for copying conditions.  There is NO
warranty; not even for MERCHANTABILITY or FITNESS FOR A PARTICULAR PURPOSE.

configure:3385: $? = 0
configure:3374: gcc -v >&5
Using built-in specs.
COLLECT_GCC=gcc
COLLECT_LTO_WRAPPER=/usr/lib/gcc/x86_64-linux-gnu/5/lto-wrapper
Target: x86_64-linux-gnu
Configured with: ../src/configure -v --with-pkgversion='Ubuntu 5.4.0-6ubuntu1~16.04.4' --with-bugurl=file:///usr/share/doc/gcc-5/README.Bugs --enable-languages=c,ada,c++,java,go,d,fortran,objc,obj-c++ --prefix=/usr --program-suffix=-5 --enable-shared --enable-linker-build-id --libexecdir=/usr/lib --without-included-gettext --enable-threads=posix --libdir=/usr/lib --enable-nls --with-sysroot=/ --enable-clocale=gnu --enable-libstdcxx-debug --enable-libstdcxx-time=yes --with-default-libstdcxx-abi=new --enable-gnu-unique-object --disable-vtable-verify --enable-libmpx --enable-plugin --with-system-zlib --disable-browser-plugin --enable-java-awt=gtk --enable-gtk-cairo --with-java-home=/usr/lib/jvm/java-1.5.0-gcj-5-amd64/jre --enable-java-home --with-jvm-root-dir=/usr/lib/jvm/java-1.5.0-gcj-5-amd64 --with-jvm-jar-dir=/usr/lib/jvm-exports/java-1.5.0-gcj-5-amd64 --with-arch-directory=amd64 --with-ecj-jar=/usr/share/java/eclipse-ecj.jar --enable-objc-gc --enable-multiarch --disable-werror --with-arch-32=i686 --with-abi=m64 --with-multilib-list=m32,m64,mx32 --enable-multilib --with-tune=generic --enable-checking=release --build=x86_64-linux-gnu --host=x86_64-linux-gnu --target=x86_64-linux-gnu
Thread model: posix
gcc version 5.4.0 20160609 (Ubuntu 5.4.0-6ubuntu1~16.04.4) 
configure:3385: $? = 0
configure:3374: gcc -V >&5
gcc: error: unrecognized command line option '-V'
gcc: fatal error: no input files
compilation terminated.
configure:3385: $? = 1
configure:3374: gcc -qversion >&5
gcc: error: unrecognized command line option '-qversion'
gcc: fatal error: no input files
compilation terminated.
configure:3385: $? = 1
configure:3405: checking whether the C compiler works
configure:3427: gcc    conftest.c  >&5
configure:3431: $? = 0
configure:3479: result: yes
configure:3482: checking for C compiler default output file name
configure:3484: result: a.out
configure:3490: checking for suffix of executables
configure:3497: gcc -o conftest    conftest.c  >&5
configure:3501: $? = 0
configure:3523: result: 
configure:3545: checking whether we are cross compiling
configure:3553: gcc -o conftest    conftest.c  >&5
configure:3557: $? = 0
configure:3564: ./conftest
configure:3568: $? = 0
configure:3583: result: no
configure:3588: checking for suffix of object files
configure:3610: gcc -c   conftest.c >&5
configure:3614: $? = 0
configure:3635: result: o
configure:3639: checking whether we are using the GNU C compiler
configure:3658: gcc -c   conftest.c >&5
configure:3658: $? = 0
configure:3667: result: yes
configure:3676: checking whether gcc accepts -g
configure:3696: gcc -c -g  conftest.c >&5
configure:3696: $? = 0
configure:3737: result: yes
configure:3754: checking for gcc option to accept ISO C89
configure:3817: gcc  -c -g -O2  conftest.c >&5
configure:3817: $? = 0
configure:3830: result: none needed
configure:3855: checking whether gcc understands -c and -o together
configure:3877: gcc -c conftest.c -o conftest2.o
configure:3880: $? = 0
configure:3877: gcc -c conftest.c -o conftest2.o
configure:3880: $? = 0
configure:3892: result: yes
configure:3911: checking dependency style of gcc
configure:4022: result: gcc3
configure:4087: checking for ar
configure:4103: found /usr/bin/ar
configure:4114: result: ar
configure:4140: checking the archiver (ar) interface
configure:4156: gcc -c -g -O2  conftest.c >&5
configure:4156: $? = 0
configure:4158: ar cru libconftest.a conftest.o >&5
ar: `u' modifier ignored since `D' is the default (see `U')
configure:4161: $? = 0
configure:4189: result: ar
configure:4256: checking how to print strings
configure:4283: result: printf
configure:4304: checking for a sed that does not truncate output
configure:4368: result: /bin/sed
configure:4386: checking for grep that handles long lines and -e
configure:4444: result: /bin/grep
configure:4449: checking for egrep
configure:4511: result: /bin/grep -E
configure:4516: checking for fgrep
configure:4578: result: /bin/grep -F
configure:4613: checking for ld used by gcc
configure:4680: result: /usr/bin/ld
configure:4687: checking if the linker (/usr/bin/ld) is GNU ld
configure:4702: result: yes
configure:4714: checking for BSD- or MS-compatible name lister (nm)
configure:4763: result: /usr/bin/nm -B
configure:4893: checking the name lister (/usr/bin/nm -B) interface
configure:4900: gcc -c -g -O2  conftest.c >&5
configure:4903: /usr/bin/nm -B "conftest.o"
configure:4906: output
0000000000000000 B some_variable
configure:4913: result: BSD nm
configure:4916: checking whether ln -s works
configure:4920: result: yes
configure:4928: checking the maximum length of command line arguments
configure:5059: result: 1572864
configure:5076: checking whether the shell understands some XSI constructs
configure:5086: result: yes
configure:5090: checking whether the shell understands "+="
configure:5096: result: yes
configure:5131: checking how to convert x86_64-unknown-linux-gnu file names to x86_64-unknown-linux-gnu format
configure:5171: result: func_convert_file_noop
configure:5178: checking how to convert x86_64-unknown-linux-gnu file names to toolchain format
configure:5198: result: func_convert_file_noop
configure:5205: checking for /usr/bin/ld option to reload object files
configure:5212: result: -r
configure:5286: checking for objdump
configure:5302: found /usr/bin/objdump
configure:5313: result: objdump
configure:5345: checking how to recognize dependent libraries
configure:5543: result: pass_all
configure:5628: checking for dlltool
configure:5658: result: no
configure:5688: checking how to associate runtime and link libraries
configure:5715: result: printf %s\n
configure:5839: checking for archiver @FILE support
configure:5856: gcc -c -g -O2  conftest.c >&5
configure:5856: $? = 0
configure:5859: ar cru libconftest.a @conftest.lst >&5
ar: `u' modifier ignored since `D' is the default (see `U')
configure:5862: $? = 0
configure:5867: ar cru libconftest.a @conftest.lst >&5
ar: `u' modifier ignored since `D' is the default (see `U')
ar: conftest.o: No such file or directory
configure:5870: $? = 1
configure:5882: result: @
configure:5940: checking for strip
configure:5956: found /usr/bin/strip
configure:5967: result: strip
configure:6039: checking for ranlib
configure:6055: found /usr/bin/ranlib
configure:6066: result: ranlib
configure:6168: checking command to parse /usr/bin/nm -B output from gcc object
configure:6288: gcc -c -g -O2  conftest.c >&5
configure:6291: $? = 0
configure:6295: /usr/bin/nm -B conftest.o \| sed -n -e 's/^.*[ ]\([ABCDGIRSTW][ABCDGIRSTW]*\)[ ][ ]*\([_A-Za-z][_A-Za-z0-9]*\)$/\1 \2 \2/p' | sed '/ __gnu_lto/d' \> conftest.nm
configure:6298: $? = 0
configure:6364: gcc -o conftest -g -O2   conftest.c conftstm.o >&5
configure:6367: $? = 0
configure:6405: result: ok
configure:6442: checking for sysroot
configure:6472: result: no
configure:6549: gcc -c -g -O2  conftest.c >&5
configure:6552: $? = 0
configure:6741: checking for mt
configure:6757: found /bin/mt
configure:6768: result: mt
configure:6791: checking if mt is a manifest tool
configure:6797: mt '-?'
configure:6805: result: no
configure:7447: checking how to run the C preprocessor
configure:7478: gcc -E  conftest.c
configure:7478: $? = 0
configure:7492: gcc -E  conftest.c
conftest.c:11:28: fatal error: ac_nonexistent.h: No such file or directory
compilation terminated.
configure:7492: $? = 1
configure: failed program was:
| /* confdefs.h */
| #define PACKAGE_NAME "libwebp"
| #define PACKAGE_TARNAME "libwebp"
| #define PACKAGE_VERSION "0.6.0"
| #define PACKAGE_STRING "libwebp 0.6.0"
| #define PACKAGE_BUGREPORT "https://bugs.chromium.org/p/webp"
| #define PACKAGE_URL "http://developers.google.com/speed/webp"
| #define PACKAGE "libwebp"
| #define VERSION "0.6.0"
| /* end confdefs.h.  */
| #include <ac_nonexistent.h>
configure:7517: result: gcc -E
configure:7537: gcc -E  conftest.c
configure:7537: $? = 0
configure:7551: gcc -E  conftest.c
conftest.c:11:28: fatal error: ac_nonexistent.h: No such file or directory
compilation terminated.
configure:7551: $? = 1
configure: failed program was:
| /* confdefs.h */
| #define PACKAGE_NAME "libwebp"
| #define PACKAGE_TARNAME "libwebp"
| #define PACKAGE_VERSION "0.6.0"
| #define PACKAGE_STRING "libwebp 0.6.0"
| #define PACKAGE_BUGREPORT "https://bugs.chromium.org/p/webp"
| #define PACKAGE_URL "http://developers.google.com/speed/webp"
| #define PACKAGE "libwebp"
| #define VERSION "0.6.0"
| /* end confdefs.h.  */
| #include <ac_nonexistent.h>
configure:7580: checking for ANSI C header files
configure:7600: gcc -c -g -O2  conftest.c >&5
configure:7600: $? = 0
configure:7673: gcc -o conftest -g -O2   conftest.c  >&5
configure:7673: $? = 0
configure:7673: ./conftest
configure:7673: $? = 0
configure:7684: result: yes
configure:7697: checking for sys/types.h
configure:7697: gcc -c -g -O2  conftest.c >&5
configure:7697: $? = 0
configure:7697: result: yes
configure:7697: checking for sys/stat.h
configure:7697: gcc -c -g -O2  conftest.c >&5
configure:7697: $? = 0
configure:7697: result: yes
configure:7697: checking for stdlib.h
configure:7697: gcc -c -g -O2  conftest.c >&5
configure:7697: $? = 0
configure:7697: result: yes
configure:7697: checking for string.h
configure:7697: gcc -c -g -O2  conftest.c >&5
configure:7697: $? = 0
configure:7697: result: yes
configure:7697: checking for memory.h
configure:7697: gcc -c -g -O2  conftest.c >&5
configure:7697: $? = 0
configure:7697: result: yes
configure:7697: checking for strings.h
configure:7697: gcc -c -g -O2  conftest.c >&5
configure:7697: $? = 0
configure:7697: result: yes
configure:7697: checking for inttypes.h
configure:7697: gcc -c -g -O2  conftest.c >&5
configure:7697: $? = 0
configure:7697: result: yes
configure:7697: checking for stdint.h
configure:7697: gcc -c -g -O2  conftest.c >&5
configure:7697: $? = 0
configure:7697: result: yes
configure:7697: checking for unistd.h
configure:7697: gcc -c -g -O2  conftest.c >&5
configure:7697: $? = 0
configure:7697: result: yes
configure:7711: checking for dlfcn.h
configure:7711: gcc -c -g -O2  conftest.c >&5
configure:7711: $? = 0
configure:7711: result: yes
configure:7917: checking for objdir
configure:7932: result: .libs
configure:8203: checking if gcc supports -fno-rtti -fno-exceptions
configure:8221: gcc -c -g -O2  -fno-rtti -fno-exceptions conftest.c >&5
cc1: warning: command line option '-fno-rtti' is valid for C++/ObjC++ but not for C
configure:8225: $? = 0
configure:8238: result: no
configure:8565: checking for gcc option to produce PIC
configure:8572: result: -fPIC -DPIC
configure:8580: checking if gcc PIC flag -fPIC -DPIC works
configure:8598: gcc -c -g -O2  -fPIC -DPIC -DPIC conftest.c >&5
configure:8602: $? = 0
configure:8615: result: yes
configure:8644: checking if gcc static flag -static works
configure:8672: result: yes
configure:8687: checking if gcc supports -c -o file.o
configure:8708: gcc -c -g -O2  -o out/conftest2.o conftest.c >&5
configure:8712: $? = 0
configure:8734: result: yes
configure:8742: checking if gcc supports -c -o file.o
configure:8789: result: yes
configure:8822: checking whether the gcc linker (/usr/bin/ld -m elf_x86_64) supports shared libraries
configure:9979: result: yes
configure:10016: checking whether -lc should be explicitly linked in
configure:10024: gcc -c -g -O2  conftest.c >&5
configure:10027: $? = 0
configure:10042: gcc -shared  -fPIC -DPIC conftest.o  -v -Wl,-soname -Wl,conftest -o conftest 2\>\&1 \| /bin/grep  -lc  \>/dev/null 2\>\&1
configure:10045: $? = 0
configure:10059: result: no
configure:10219: checking dynamic linker characteristics
configure:10719: gcc -o conftest -g -O2   -Wl,-rpath -Wl,/foo conftest.c  >&5
configure:10719: $? = 0
configure:10953: result: GNU/Linux ld.so
configure:11060: checking how to hardcode library paths into programs
configure:11085: result: immediate
configure:11625: checking whether stripping libraries is possible
configure:11630: result: yes
configure:11665: checking if libtool supports shared libraries
configure:11667: result: yes
configure:11670: checking whether to build shared libraries
configure:11691: result: yes
configure:11694: checking whether to build static libraries
configure:11698: result: yes
configure:11735: checking for a sed that does not truncate output
configure:11799: result: /bin/sed
configure:11817: checking whether make supports nested variables
configure:11834: result: yes
configure:11846: checking whether byte ordering is bigendian
configure:11861: gcc -c -g -O2  conftest.c >&5
conftest.c:24:9: error: unknown type name 'not'
         not a universal capable compiler
         ^
conftest.c:24:15: error: expected '=', ',', ';', 'asm' or '__attribute__' before 'universal'
         not a universal capable compiler
               ^
conftest.c:24:15: error: unknown type name 'universal'
configure:11861: $? = 1
configure: failed program was:
| /* confdefs.h */
| #define PACKAGE_NAME "libwebp"
| #define PACKAGE_TARNAME "libwebp"
| #define PACKAGE_VERSION "0.6.0"
| #define PACKAGE_STRING "libwebp 0.6.0"
| #define PACKAGE_BUGREPORT "https://bugs.chromium.org/p/webp"
| #define PACKAGE_URL "http://developers.google.com/speed/webp"
| #define PACKAGE "libwebp"
| #define VERSION "0.6.0"
| #define STDC_HEADERS 1
| #define HAVE_SYS_TYPES_H 1
| #define HAVE_SYS_STAT_H 1
| #define HAVE_STDLIB_H 1
| #define HAVE_STRING_H 1
| #define HAVE_MEMORY_H 1
| #define HAVE_STRINGS_H 1
| #define HAVE_INTTYPES_H 1
| #define HAVE_STDINT_H 1
| #define HAVE_UNISTD_H 1
| #define HAVE_DLFCN_H 1
| #define LT_OBJDIR ".libs/"
| /* end confdefs.h.  */
| #ifndef __APPLE_CC__
| 	       not a universal capable compiler
| 	     #endif
| 	     typedef int dummy;
| 
configure:11906: gcc -c -g -O2  conftest.c >&5
configure:11906: $? = 0
configure:11924: gcc -c -g -O2  conftest.c >&5
conftest.c: In function 'main':
conftest.c:30:4: error: unknown type name 'not'
    not big endian
    ^
conftest.c:30:12: error: expected '=', ',', ';', 'asm' or '__attribute__' before 'endian'
    not big endian
            ^
configure:11924: $? = 1
configure: failed program was:
| /* confdefs.h */
| #define PACKAGE_NAME "libwebp"
| #define PACKAGE_TARNAME "libwebp"
| #define PACKAGE_VERSION "0.6.0"
| #define PACKAGE_STRING "libwebp 0.6.0"
| #define PACKAGE_BUGREPORT "https://bugs.chromium.org/p/webp"
| #define PACKAGE_URL "http://developers.google.com/speed/webp"
| #define PACKAGE "libwebp"
| #define VERSION "0.6.0"
| #define STDC_HEADERS 1
| #define HAVE_SYS_TYPES_H 1
| #define HAVE_SYS_STAT_H 1
| #define HAVE_STDLIB_H 1
| #define HAVE_STRING_H 1
| #define HAVE_MEMORY_H 1
| #define HAVE_STRINGS_H 1
| #define HAVE_INTTYPES_H 1
| #define HAVE_STDINT_H 1
| #define HAVE_UNISTD_H 1
| #define HAVE_DLFCN_H 1
| #define LT_OBJDIR ".libs/"
| /* end confdefs.h.  */
| #include <sys/types.h>
| 		#include <sys/param.h>
| 
| int
| main ()
| {
| #if BYTE_ORDER != BIG_ENDIAN
| 		 not big endian
| 		#endif
| 
|   ;
|   return 0;
| }
configure:12052: result: no
configure:12083: checking whether asserts are enabled
configure:12093: result: no
configure:12110: checking whether gcc supports -fvisibility=hidden
configure:12116: gcc -c -Werror -fvisibility=hidden  conftest.c >&5
configure:12116: $? = 0
configure:12117: result: yes
configure:12128: checking whether gcc supports -Wall
configure:12134: gcc -c -Werror -Wall  conftest.c >&5
configure:12134: $? = 0
configure:12135: result: yes
configure:12146: checking whether gcc supports -Wdeclaration-after-statement
configure:12152: gcc -c -Werror -Wdeclaration-after-statement  conftest.c >&5
configure:12152: $? = 0
configure:12153: result: yes
configure:12164: checking whether gcc supports -Wextra
configure:12170: gcc -c -Werror -Wextra  conftest.c >&5
configure:12170: $? = 0
configure:12171: result: yes
configure:12182: checking whether gcc supports -Wfloat-conversion
configure:12188: gcc -c -Werror -Wfloat-conversion  conftest.c >&5
configure:12188: $? = 0
configure:12189: result: yes
configure:12200: checking whether gcc supports -Wformat -Wformat-nonliteral
configure:12206: gcc -c -Werror -Wformat -Wformat-nonliteral  conftest.c >&5
configure:12206: $? = 0
configure:12207: result: yes
configure:12218: checking whether gcc supports -Wformat -Wformat-security
configure:12224: gcc -c -Werror -Wformat -Wformat-security  conftest.c >&5
configure:12224: $? = 0
configure:12225: result: yes
configure:12236: checking whether gcc supports -Wmissing-declarations
configure:12242: gcc -c -Werror -Wmissing-declarations  conftest.c >&5
configure:12242: $? = 0
configure:12243: result: yes
configure:12254: checking whether gcc supports -Wmissing-prototypes
configure:12260: gcc -c -Werror -Wmissing-prototypes  conftest.c >&5
configure:12260: $? = 0
configure:12261: result: yes
configure:12272: checking whether gcc supports -Wold-style-definition
configure:12278: gcc -c -Werror -Wold-style-definition  conftest.c >&5
configure:12278: $? = 0
configure:12279: result: yes
configure:12290: checking whether gcc supports -Wshadow
configure:12296: gcc -c -Werror -Wshadow  conftest.c >&5
configure:12296: $? = 0
configure:12297: result: yes
configure:12308: checking whether gcc supports -Wshorten-64-to-32
configure:12314: gcc -c -Werror -Wshorten-64-to-32  conftest.c >&5
gcc: error: unrecognized command line option '-Wshorten-64-to-32'
configure:12314: $? = 1
configure: failed program was:
| /* confdefs.h */
| #define PACKAGE_NAME "libwebp"
| #define PACKAGE_TARNAME "libwebp"
| #define PACKAGE_VERSION "0.6.0"
| #define PACKAGE_STRING "libwebp 0.6.0"
| #define PACKAGE_BUGREPORT "https://bugs.chromium.org/p/webp"
| #define PACKAGE_URL "http://developers.google.com/speed/webp"
| #define PACKAGE "libwebp"
| #define VERSION "0.6.0"
| #define STDC_HEADERS 1
| #define HAVE_SYS_TYPES_H 1
| #define HAVE_SYS_STAT_H 1
| #define HAVE_STDLIB_H 1
| #define HAVE_STRING_H 1
| #define HAVE_MEMORY_H 1
| #define HAVE_STRINGS_H 1
| #define HAVE_INTTYPES_H 1
| #define HAVE_STDINT_H 1
| #define HAVE_UNISTD_H 1
| #define HAVE_DLFCN_H 1
| #define LT_OBJDIR ".libs/"
| /* end confdefs.h.  */
| int main(void) { return 0; }
configure:12319: result: no
configure:12326: checking whether gcc supports -Wunreachable-code
configure:12332: gcc -c -Werror -Wunreachable-code  conftest.c >&5
configure:12332: $? = 0
configure:12333: result: yes
configure:12344: checking whether gcc supports -Wunused-but-set-variable
configure:12350: gcc -c -Werror -Wunused-but-set-variable  conftest.c >&5
configure:12350: $? = 0
configure:12351: result: yes
configure:12362: checking whether gcc supports -Wunused
configure:12368: gcc -c -Werror -Wunused  conftest.c >&5
configure:12368: $? = 0
configure:12369: result: yes
configure:12380: checking whether gcc supports -Wvla
configure:12386: gcc -c -Werror -Wvla  conftest.c >&5
configure:12386: $? = 0
configure:12387: result: yes
configure:12449: gcc -c -g -O2  conftest.c >&5
configure:12449: $? = 0
configure:12489: checking whether gcc supports -mavx2
configure:12495: gcc -c -Werror -mavx2  conftest.c >&5
configure:12495: $? = 0
configure:12496: result: yes
configure:12509: checking for immintrin.h
configure:12509: gcc -c -g -O2  -mavx2  conftest.c >&5
configure:12509: $? = 0
configure:12509: result: yes
configure:12539: checking whether gcc supports -msse4.1
configure:12545: gcc -c -Werror -msse4.1  conftest.c >&5
configure:12545: $? = 0
configure:12546: result: yes
configure:12559: checking smmintrin.h usability
configure:12559: gcc -c -g -O2   -msse4.1  conftest.c >&5
configure:12559: $? = 0
configure:12559: result: yes
configure:12559: checking smmintrin.h presence
configure:12559: gcc -E  conftest.c
configure:12559: $? = 0
configure:12559: result: yes
configure:12559: checking for smmintrin.h
configure:12559: result: yes
configure:12585: checking whether gcc supports -msse2
configure:12591: gcc -c -Werror -msse2  conftest.c >&5
configure:12591: $? = 0
configure:12592: result: yes
configure:12605: checking emmintrin.h usability
configure:12605: gcc -c -g -O2   -msse2  conftest.c >&5
configure:12605: $? = 0
configure:12605: result: yes
configure:12605: checking emmintrin.h presence
configure:12605: gcc -E  conftest.c
configure:12605: $? = 0
configure:12605: result: yes
configure:12605: checking for emmintrin.h
configure:12605: result: yes
configure:12743: checking for __builtin_bswap16
configure:12756: gcc -o conftest -g -O2   conftest.c  >&5
configure:12756: $? = 0
configure:12757: result: yes
configure:12780: checking for __builtin_bswap32
configure:12793: gcc -o conftest -g -O2   conftest.c  >&5
configure:12793: $? = 0
configure:12794: result: yes
configure:12817: checking for __builtin_bswap64
configure:12830: gcc -o conftest -g -O2   conftest.c  >&5
configure:12830: $? = 0
configure:12831: result: yes
configure:12857: checking for threading support...
configure:12971: checking if compiler needs -Werror to reject unknown flags
configure:12987: gcc -c -g -O2 -Werror -Wunknown-warning-option -Wsizeof-array-argument  conftest.c >&5
gcc: error: unrecognized command line option '-Wunknown-warning-option'
configure:12987: $? = 1
configure: failed program was:
| /* confdefs.h */
| #define PACKAGE_NAME "libwebp"
| #define PACKAGE_TARNAME "libwebp"
| #define PACKAGE_VERSION "0.6.0"
| #define PACKAGE_STRING "libwebp 0.6.0"
| #define PACKAGE_BUGREPORT "https://bugs.chromium.org/p/webp"
| #define PACKAGE_URL "http://developers.google.com/speed/webp"
| #define PACKAGE "libwebp"
| #define VERSION "0.6.0"
| #define STDC_HEADERS 1
| #define HAVE_SYS_TYPES_H 1
| #define HAVE_SYS_STAT_H 1
| #define HAVE_STDLIB_H 1
| #define HAVE_STRING_H 1
| #define HAVE_MEMORY_H 1
| #define HAVE_STRINGS_H 1
| #define HAVE_INTTYPES_H 1
| #define HAVE_STDINT_H 1
| #define HAVE_UNISTD_H 1
| #define HAVE_DLFCN_H 1
| #define LT_OBJDIR ".libs/"
| #define WEBP_HAVE_AVX2 1
| #define WEBP_HAVE_SSE41 1
| #define WEBP_HAVE_SSE2 1
| #define HAVE_BUILTIN_BSWAP16 1
| #define HAVE_BUILTIN_BSWAP32 1
| #define HAVE_BUILTIN_BSWAP64 1
| /* end confdefs.h.  */
| int foo(void);
| int
| main ()
| {
| foo()
|   ;
|   return 0;
| }
configure:12992: result: no
configure:13058: checking for the pthreads library -lpthreads
configure:13096: gcc -o conftest -g -O2     conftest.c -lpthreads  >&5
/usr/bin/ld: cannot find -lpthreads
collect2: error: ld returned 1 exit status
configure:13096: $? = 1
configure: failed program was:
| /* confdefs.h */
| #define PACKAGE_NAME "libwebp"
| #define PACKAGE_TARNAME "libwebp"
| #define PACKAGE_VERSION "0.6.0"
| #define PACKAGE_STRING "libwebp 0.6.0"
| #define PACKAGE_BUGREPORT "https://bugs.chromium.org/p/webp"
| #define PACKAGE_URL "http://developers.google.com/speed/webp"
| #define PACKAGE "libwebp"
| #define VERSION "0.6.0"
| #define STDC_HEADERS 1
| #define HAVE_SYS_TYPES_H 1
| #define HAVE_SYS_STAT_H 1
| #define HAVE_STDLIB_H 1
| #define HAVE_STRING_H 1
| #define HAVE_MEMORY_H 1
| #define HAVE_STRINGS_H 1
| #define HAVE_INTTYPES_H 1
| #define HAVE_STDINT_H 1
| #define HAVE_UNISTD_H 1
| #define HAVE_DLFCN_H 1
| #define LT_OBJDIR ".libs/"
| #define WEBP_HAVE_AVX2 1
| #define WEBP_HAVE_SSE41 1
| #define WEBP_HAVE_SSE2 1
| #define HAVE_BUILTIN_BSWAP16 1
| #define HAVE_BUILTIN_BSWAP32 1
| #define HAVE_BUILTIN_BSWAP64 1
| /* end confdefs.h.  */
| #include <pthread.h>
|                         static void routine(void *a) { a = 0; }
|                         static void *start_routine(void *a) { return a; }
| int
| main ()
| {
| pthread_t th; pthread_attr_t attr;
|                         pthread_create(&th, 0, start_routine, 0);
|                         pthread_join(th, 0);
|                         pthread_attr_init(&attr);
|                         pthread_cleanup_push(routine, 0);
|                         pthread_cleanup_pop(0) /* ; */
|   ;
|   return 0;
| }
configure:13105: result: no
configure:13003: checking whether pthreads work without any flags
configure:13096: gcc -o conftest -g -O2     conftest.c   >&5
/tmp/ccN0bZJw.o: In function `main':
/home/figuinha/dev/Regards/libextern/libwebp-0.6.0/conftest.c:36: undefined reference to `pthread_create'
/home/figuinha/dev/Regards/libextern/libwebp-0.6.0/conftest.c:37: undefined reference to `pthread_join'
/home/figuinha/dev/Regards/libextern/libwebp-0.6.0/conftest.c:39: undefined reference to `__pthread_register_cancel'
/home/figuinha/dev/Regards/libextern/libwebp-0.6.0/conftest.c:40: undefined reference to `__pthread_unregister_cancel'
collect2: error: ld returned 1 exit status
configure:13096: $? = 1
configure: failed program was:
| /* confdefs.h */
| #define PACKAGE_NAME "libwebp"
| #define PACKAGE_TARNAME "libwebp"
| #define PACKAGE_VERSION "0.6.0"
| #define PACKAGE_STRING "libwebp 0.6.0"
| #define PACKAGE_BUGREPORT "https://bugs.chromium.org/p/webp"
| #define PACKAGE_URL "http://developers.google.com/speed/webp"
| #define PACKAGE "libwebp"
| #define VERSION "0.6.0"
| #define STDC_HEADERS 1
| #define HAVE_SYS_TYPES_H 1
| #define HAVE_SYS_STAT_H 1
| #define HAVE_STDLIB_H 1
| #define HAVE_STRING_H 1
| #define HAVE_MEMORY_H 1
| #define HAVE_STRINGS_H 1
| #define HAVE_INTTYPES_H 1
| #define HAVE_STDINT_H 1
| #define HAVE_UNISTD_H 1
| #define HAVE_DLFCN_H 1
| #define LT_OBJDIR ".libs/"
| #define WEBP_HAVE_AVX2 1
| #define WEBP_HAVE_SSE41 1
| #define WEBP_HAVE_SSE2 1
| #define HAVE_BUILTIN_BSWAP16 1
| #define HAVE_BUILTIN_BSWAP32 1
| #define HAVE_BUILTIN_BSWAP64 1
| /* end confdefs.h.  */
| #include <pthread.h>
|                         static void routine(void *a) { a = 0; }
|                         static void *start_routine(void *a) { return a; }
| int
| main ()
| {
| pthread_t th; pthread_attr_t attr;
|                         pthread_create(&th, 0, start_routine, 0);
|                         pthread_join(th, 0);
|                         pthread_attr_init(&attr);
|                         pthread_cleanup_push(routine, 0);
|                         pthread_cleanup_pop(0) /* ; */
|   ;
|   return 0;
| }
configure:13105: result: no
configure:13008: checking whether pthreads work with -Kthread
configure:13096: gcc -o conftest -g -O2 -Kthread    conftest.c   >&5
gcc: error: unrecognized command line option '-Kthread'
configure:13096: $? = 1
configure: failed program was:
| /* confdefs.h */
| #define PACKAGE_NAME "libwebp"
| #define PACKAGE_TARNAME "libwebp"
| #define PACKAGE_VERSION "0.6.0"
| #define PACKAGE_STRING "libwebp 0.6.0"
| #define PACKAGE_BUGREPORT "https://bugs.chromium.org/p/webp"
| #define PACKAGE_URL "http://developers.google.com/speed/webp"
| #define PACKAGE "libwebp"
| #define VERSION "0.6.0"
| #define STDC_HEADERS 1
| #define HAVE_SYS_TYPES_H 1
| #define HAVE_SYS_STAT_H 1
| #define HAVE_STDLIB_H 1
| #define HAVE_STRING_H 1
| #define HAVE_MEMORY_H 1
| #define HAVE_STRINGS_H 1
| #define HAVE_INTTYPES_H 1
| #define HAVE_STDINT_H 1
| #define HAVE_UNISTD_H 1
| #define HAVE_DLFCN_H 1
| #define LT_OBJDIR ".libs/"
| #define WEBP_HAVE_AVX2 1
| #define WEBP_HAVE_SSE41 1
| #define WEBP_HAVE_SSE2 1
| #define HAVE_BUILTIN_BSWAP16 1
| #define HAVE_BUILTIN_BSWAP32 1
| #define HAVE_BUILTIN_BSWAP64 1
| /* end confdefs.h.  */
| #include <pthread.h>
|                         static void routine(void *a) { a = 0; }
|                         static void *start_routine(void *a) { return a; }
| int
| main ()
| {
| pthread_t th; pthread_attr_t attr;
|                         pthread_create(&th, 0, start_routine, 0);
|                         pthread_join(th, 0);
|                         pthread_attr_init(&attr);
|                         pthread_cleanup_push(routine, 0);
|                         pthread_cleanup_pop(0) /* ; */
|   ;
|   return 0;
| }
configure:13105: result: no
configure:13008: checking whether pthreads work with -kthread
configure:13096: gcc -o conftest -g -O2 -kthread    conftest.c   >&5
gcc: error: unrecognized command line option '-kthread'
configure:13096: $? = 1
configure: failed program was:
| /* confdefs.h */
| #define PACKAGE_NAME "libwebp"
| #define PACKAGE_TARNAME "libwebp"
| #define PACKAGE_VERSION "0.6.0"
| #define PACKAGE_STRING "libwebp 0.6.0"
| #define PACKAGE_BUGREPORT "https://bugs.chromium.org/p/webp"
| #define PACKAGE_URL "http://developers.google.com/speed/webp"
| #define PACKAGE "libwebp"
| #define VERSION "0.6.0"
| #define STDC_HEADERS 1
| #define HAVE_SYS_TYPES_H 1
| #define HAVE_SYS_STAT_H 1
| #define HAVE_STDLIB_H 1
| #define HAVE_STRING_H 1
| #define HAVE_MEMORY_H 1
| #define HAVE_STRINGS_H 1
| #define HAVE_INTTYPES_H 1
| #define HAVE_STDINT_H 1
| #define HAVE_UNISTD_H 1
| #define HAVE_DLFCN_H 1
| #define LT_OBJDIR ".libs/"
| #define WEBP_HAVE_AVX2 1
| #define WEBP_HAVE_SSE41 1
| #define WEBP_HAVE_SSE2 1
| #define HAVE_BUILTIN_BSWAP16 1
| #define HAVE_BUILTIN_BSWAP32 1
| #define HAVE_BUILTIN_BSWAP64 1
| /* end confdefs.h.  */
| #include <pthread.h>
|                         static void routine(void *a) { a = 0; }
|                         static void *start_routine(void *a) { return a; }
| int
| main ()
| {
| pthread_t th; pthread_attr_t attr;
|                         pthread_create(&th, 0, start_routine, 0);
|                         pthread_join(th, 0);
|                         pthread_attr_init(&attr);
|                         pthread_cleanup_push(routine, 0);
|                         pthread_cleanup_pop(0) /* ; */
|   ;
|   return 0;
| }
configure:13105: result: no
configure:13058: checking for the pthreads library -llthread
configure:13096: gcc -o conftest -g -O2     conftest.c -llthread  >&5
/usr/bin/ld: cannot find -llthread
collect2: error: ld returned 1 exit status
configure:13096: $? = 1
configure: failed program was:
| /* confdefs.h */
| #define PACKAGE_NAME "libwebp"
| #define PACKAGE_TARNAME "libwebp"
| #define PACKAGE_VERSION "0.6.0"
| #define PACKAGE_STRING "libwebp 0.6.0"
| #define PACKAGE_BUGREPORT "https://bugs.chromium.org/p/webp"
| #define PACKAGE_URL "http://developers.google.com/speed/webp"
| #define PACKAGE "libwebp"
| #define VERSION "0.6.0"
| #define STDC_HEADERS 1
| #define HAVE_SYS_TYPES_H 1
| #define HAVE_SYS_STAT_H 1
| #define HAVE_STDLIB_H 1
| #define HAVE_STRING_H 1
| #define HAVE_MEMORY_H 1
| #define HAVE_STRINGS_H 1
| #define HAVE_INTTYPES_H 1
| #define HAVE_STDINT_H 1
| #define HAVE_UNISTD_H 1
| #define HAVE_DLFCN_H 1
| #define LT_OBJDIR ".libs/"
| #define WEBP_HAVE_AVX2 1
| #define WEBP_HAVE_SSE41 1
| #define WEBP_HAVE_SSE2 1
| #define HAVE_BUILTIN_BSWAP16 1
| #define HAVE_BUILTIN_BSWAP32 1
| #define HAVE_BUILTIN_BSWAP64 1
| /* end confdefs.h.  */
| #include <pthread.h>
|                         static void routine(void *a) { a = 0; }
|                         static void *start_routine(void *a) { return a; }
| int
| main ()
| {
| pthread_t th; pthread_attr_t attr;
|                         pthread_create(&th, 0, start_routine, 0);
|                         pthread_join(th, 0);
|                         pthread_attr_init(&attr);
|                         pthread_cleanup_push(routine, 0);
|                         pthread_cleanup_pop(0) /* ; */
|   ;
|   return 0;
| }
configure:13105: result: no
configure:13008: checking whether pthreads work with -pthread
configure:13096: gcc -o conftest -g -O2 -pthread    conftest.c   >&5
configure:13096: $? = 0
configure:13105: result: yes
configure:13124: checking for joinable pthread attribute
configure:13139: gcc -o conftest -g -O2 -pthread   conftest.c   >&5
configure:13139: $? = 0
configure:13145: result: PTHREAD_CREATE_JOINABLE
configure:13155: checking if more special flags are required for pthreads
configure:13170: result: no
configure:13176: checking for PTHREAD_PRIO_INHERIT
configure:13193: gcc -o conftest -g -O2 -pthread   conftest.c   >&5
configure:13193: $? = 0
configure:13202: result: yes
configure:13314: checking if threading is enabled... yes
configure:13371: checking GL/glut.h usability
configure:13371: gcc -c -g -O2 -pthread   conftest.c >&5
configure:13371: $? = 0
configure:13371: result: yes
configure:13371: checking GL/glut.h presence
configure:13371: gcc -E   conftest.c
configure:13371: $? = 0
configure:13371: result: yes
configure:13371: checking for GL/glut.h
configure:13371: result: yes
configure:13410: checking for library containing glBegin
configure:13441: gcc -o conftest -g -O2 -pthread    conftest.c    >&5
/tmp/cc2um7vS.o: In function `main':
/home/figuinha/dev/Regards/libextern/libwebp-0.6.0/conftest.c:43: undefined reference to `glBegin'
collect2: error: ld returned 1 exit status
configure:13441: $? = 1
configure: failed program was:
| /* confdefs.h */
| #define PACKAGE_NAME "libwebp"
| #define PACKAGE_TARNAME "libwebp"
| #define PACKAGE_VERSION "0.6.0"
| #define PACKAGE_STRING "libwebp 0.6.0"
| #define PACKAGE_BUGREPORT "https://bugs.chromium.org/p/webp"
| #define PACKAGE_URL "http://developers.google.com/speed/webp"
| #define PACKAGE "libwebp"
| #define VERSION "0.6.0"
| #define STDC_HEADERS 1
| #define HAVE_SYS_TYPES_H 1
| #define HAVE_SYS_STAT_H 1
| #define HAVE_STDLIB_H 1
| #define HAVE_STRING_H 1
| #define HAVE_MEMORY_H 1
| #define HAVE_STRINGS_H 1
| #define HAVE_INTTYPES_H 1
| #define HAVE_STDINT_H 1
| #define HAVE_UNISTD_H 1
| #define HAVE_DLFCN_H 1
| #define LT_OBJDIR ".libs/"
| #define WEBP_HAVE_AVX2 1
| #define WEBP_HAVE_SSE41 1
| #define WEBP_HAVE_SSE2 1
| #define HAVE_BUILTIN_BSWAP16 1
| #define HAVE_BUILTIN_BSWAP32 1
| #define HAVE_BUILTIN_BSWAP64 1
| #define HAVE_PTHREAD_PRIO_INHERIT 1
| #define WEBP_USE_THREAD 1
| #define HAVE_GL_GLUT_H 1
| /* end confdefs.h.  */
| 
| /* Override any GCC internal prototype to avoid an error.
|    Use char because int might match the return type of a GCC
|    builtin and then its argument prototype would still apply.  */
| #ifdef __cplusplus
| extern "C"
| #endif
| char glBegin ();
| int
| main ()
| {
| return glBegin ();
|   ;
|   return 0;
| }
configure:13441: gcc -o conftest -g -O2 -pthread    conftest.c -lGL     >&5
configure:13441: $? = 0
configure:13458: result: -lGL
configure:13495: gcc -o conftest -g -O2 -pthread    conftest.c  >&5
/tmp/cc2eaTsX.o: In function `main':
/home/figuinha/dev/Regards/libextern/libwebp-0.6.0/conftest.c:45: undefined reference to `glOrtho'
/home/figuinha/dev/Regards/libextern/libwebp-0.6.0/conftest.c:46: undefined reference to `glutMainLoop'
collect2: error: ld returned 1 exit status
configure:13495: $? = 1
configure: failed program was:
| /* confdefs.h */
| #define PACKAGE_NAME "libwebp"
| #define PACKAGE_TARNAME "libwebp"
| #define PACKAGE_VERSION "0.6.0"
| #define PACKAGE_STRING "libwebp 0.6.0"
| #define PACKAGE_BUGREPORT "https://bugs.chromium.org/p/webp"
| #define PACKAGE_URL "http://developers.google.com/speed/webp"
| #define PACKAGE "libwebp"
| #define VERSION "0.6.0"
| #define STDC_HEADERS 1
| #define HAVE_SYS_TYPES_H 1
| #define HAVE_SYS_STAT_H 1
| #define HAVE_STDLIB_H 1
| #define HAVE_STRING_H 1
| #define HAVE_MEMORY_H 1
| #define HAVE_STRINGS_H 1
| #define HAVE_INTTYPES_H 1
| #define HAVE_STDINT_H 1
| #define HAVE_UNISTD_H 1
| #define HAVE_DLFCN_H 1
| #define LT_OBJDIR ".libs/"
| #define WEBP_HAVE_AVX2 1
| #define WEBP_HAVE_SSE41 1
| #define WEBP_HAVE_SSE2 1
| #define HAVE_BUILTIN_BSWAP16 1
| #define HAVE_BUILTIN_BSWAP32 1
| #define HAVE_BUILTIN_BSWAP64 1
| #define HAVE_PTHREAD_PRIO_INHERIT 1
| #define WEBP_USE_THREAD 1
| #define HAVE_GL_GLUT_H 1
| /* end confdefs.h.  */
| 
|              #ifdef __cplusplus
|              # define EXTERN_C extern "C"
|              #else
|              # define EXTERN_C
|              #endif
|              EXTERN_C char glOrtho();
|              EXTERN_C char glutMainLoop();
| 
| int
| main ()
| {
| 
|              glOrtho();
|              glutMainLoop();
| 
|   ;
|   return 0;
| }
| 
configure:13495: gcc -o conftest -g -O2 -pthread    conftest.c -lglut >&5
/usr/bin/ld: /tmp/ccW22U6Z.o: undefined reference to symbol 'glOrtho'
//usr/lib/nvidia-367/libGL.so.1: error adding symbols: DSO missing from command line
collect2: error: ld returned 1 exit status
configure:13495: $? = 1
configure: failed program was:
| /* confdefs.h */
| #define PACKAGE_NAME "libwebp"
| #define PACKAGE_TARNAME "libwebp"
| #define PACKAGE_VERSION "0.6.0"
| #define PACKAGE_STRING "libwebp 0.6.0"
| #define PACKAGE_BUGREPORT "https://bugs.chromium.org/p/webp"
| #define PACKAGE_URL "http://developers.google.com/speed/webp"
| #define PACKAGE "libwebp"
| #define VERSION "0.6.0"
| #define STDC_HEADERS 1
| #define HAVE_SYS_TYPES_H 1
| #define HAVE_SYS_STAT_H 1
| #define HAVE_STDLIB_H 1
| #define HAVE_STRING_H 1
| #define HAVE_MEMORY_H 1
| #define HAVE_STRINGS_H 1
| #define HAVE_INTTYPES_H 1
| #define HAVE_STDINT_H 1
| #define HAVE_UNISTD_H 1
| #define HAVE_DLFCN_H 1
| #define LT_OBJDIR ".libs/"
| #define WEBP_HAVE_AVX2 1
| #define WEBP_HAVE_SSE41 1
| #define WEBP_HAVE_SSE2 1
| #define HAVE_BUILTIN_BSWAP16 1
| #define HAVE_BUILTIN_BSWAP32 1
| #define HAVE_BUILTIN_BSWAP64 1
| #define HAVE_PTHREAD_PRIO_INHERIT 1
| #define WEBP_USE_THREAD 1
| #define HAVE_GL_GLUT_H 1
| /* end confdefs.h.  */
| 
|              #ifdef __cplusplus
|              # define EXTERN_C extern "C"
|              #else
|              # define EXTERN_C
|              #endif
|              EXTERN_C char glOrtho();
|              EXTERN_C char glutMainLoop();
| 
| int
| main ()
| {
| 
|              glOrtho();
|              glutMainLoop();
| 
|   ;
|   return 0;
| }
| 
configure:13495: gcc -o conftest -g -O2 -pthread    conftest.c -lglut -lGL >&5
configure:13495: $? = 0
configure:13554: checking for libpng-config
configure:13572: found /usr/bin/libpng-config
configure:13584: result: /usr/bin/libpng-config
configure:13617: checking png.h usability
configure:13617: gcc -c -g -O2 -pthread -I/usr/include/libpng12  conftest.c >&5
configure:13617: $? = 0
configure:13617: result: yes
configure:13617: checking png.h presence
configure:13617: gcc -E -I/usr/include/libpng12  conftest.c
configure:13617: $? = 0
configure:13617: result: yes
configure:13617: checking for png.h
configure:13617: result: yes
configure:13619: checking for library containing png_get_libpng_ver
configure:13650: gcc -o conftest -g -O2 -pthread -I/usr/include/libpng12   conftest.c -lpng12   >&5
configure:13650: $? = 0
configure:13667: result: none required
configure:13730: checking jpeglib.h usability
configure:13730: gcc -c -g -O2 -pthread   conftest.c >&5
conftest.c:67:21: fatal error: jpeglib.h: No such file or directory
compilation terminated.
configure:13730: $? = 1
configure: failed program was:
| /* confdefs.h */
| #define PACKAGE_NAME "libwebp"
| #define PACKAGE_TARNAME "libwebp"
| #define PACKAGE_VERSION "0.6.0"
| #define PACKAGE_STRING "libwebp 0.6.0"
| #define PACKAGE_BUGREPORT "https://bugs.chromium.org/p/webp"
| #define PACKAGE_URL "http://developers.google.com/speed/webp"
| #define PACKAGE "libwebp"
| #define VERSION "0.6.0"
| #define STDC_HEADERS 1
| #define HAVE_SYS_TYPES_H 1
| #define HAVE_SYS_STAT_H 1
| #define HAVE_STDLIB_H 1
| #define HAVE_STRING_H 1
| #define HAVE_MEMORY_H 1
| #define HAVE_STRINGS_H 1
| #define HAVE_INTTYPES_H 1
| #define HAVE_STDINT_H 1
| #define HAVE_UNISTD_H 1
| #define HAVE_DLFCN_H 1
| #define LT_OBJDIR ".libs/"
| #define WEBP_HAVE_AVX2 1
| #define WEBP_HAVE_SSE41 1
| #define WEBP_HAVE_SSE2 1
| #define HAVE_BUILTIN_BSWAP16 1
| #define HAVE_BUILTIN_BSWAP32 1
| #define HAVE_BUILTIN_BSWAP64 1
| #define HAVE_PTHREAD_PRIO_INHERIT 1
| #define WEBP_USE_THREAD 1
| #define HAVE_GL_GLUT_H 1
| #define WEBP_HAVE_GL 1
| #define WEBP_HAVE_PNG 1
| /* end confdefs.h.  */
| #include <stdio.h>
| #ifdef HAVE_SYS_TYPES_H
| # include <sys/types.h>
| #endif
| #ifdef HAVE_SYS_STAT_H
| # include <sys/stat.h>
| #endif
| #ifdef STDC_HEADERS
| # include <stdlib.h>
| # include <stddef.h>
| #else
| # ifdef HAVE_STDLIB_H
| #  include <stdlib.h>
| # endif
| #endif
| #ifdef HAVE_STRING_H
| # if !defined STDC_HEADERS && defined HAVE_MEMORY_H
| #  include <memory.h>
| # endif
| # include <string.h>
| #endif
| #ifdef HAVE_STRINGS_H
| # include <strings.h>
| #endif
| #ifdef HAVE_INTTYPES_H
| # include <inttypes.h>
| #endif
| #ifdef HAVE_STDINT_H
| # include <stdint.h>
| #endif
| #ifdef HAVE_UNISTD_H
| # include <unistd.h>
| #endif
| #include <jpeglib.h>
configure:13730: result: no
configure:13730: checking jpeglib.h presence
configure:13730: gcc -E   conftest.c
conftest.c:34:21: fatal error: jpeglib.h: No such file or directory
compilation terminated.
configure:13730: $? = 1
configure: failed program was:
| /* confdefs.h */
| #define PACKAGE_NAME "libwebp"
| #define PACKAGE_TARNAME "libwebp"
| #define PACKAGE_VERSION "0.6.0"
| #define PACKAGE_STRING "libwebp 0.6.0"
| #define PACKAGE_BUGREPORT "https://bugs.chromium.org/p/webp"
| #define PACKAGE_URL "http://developers.google.com/speed/webp"
| #define PACKAGE "libwebp"
| #define VERSION "0.6.0"
| #define STDC_HEADERS 1
| #define HAVE_SYS_TYPES_H 1
| #define HAVE_SYS_STAT_H 1
| #define HAVE_STDLIB_H 1
| #define HAVE_STRING_H 1
| #define HAVE_MEMORY_H 1
| #define HAVE_STRINGS_H 1
| #define HAVE_INTTYPES_H 1
| #define HAVE_STDINT_H 1
| #define HAVE_UNISTD_H 1
| #define HAVE_DLFCN_H 1
| #define LT_OBJDIR ".libs/"
| #define WEBP_HAVE_AVX2 1
| #define WEBP_HAVE_SSE41 1
| #define WEBP_HAVE_SSE2 1
| #define HAVE_BUILTIN_BSWAP16 1
| #define HAVE_BUILTIN_BSWAP32 1
| #define HAVE_BUILTIN_BSWAP64 1
| #define HAVE_PTHREAD_PRIO_INHERIT 1
| #define WEBP_USE_THREAD 1
| #define HAVE_GL_GLUT_H 1
| #define WEBP_HAVE_GL 1
| #define WEBP_HAVE_PNG 1
| /* end confdefs.h.  */
| #include <jpeglib.h>
configure:13730: result: no
configure:13730: checking for jpeglib.h
configure:13730: result: no
configure:13782: WARNING: jpeg library not available - no jpeglib.h
configure:13821: checking tiffio.h usability
configure:13821: gcc -c -g -O2 -pthread   conftest.c >&5
conftest.c:67:20: fatal error: tiffio.h: No such file or directory
compilation terminated.
configure:13821: $? = 1
configure: failed program was:
| /* confdefs.h */
| #define PACKAGE_NAME "libwebp"
| #define PACKAGE_TARNAME "libwebp"
| #define PACKAGE_VERSION "0.6.0"
| #define PACKAGE_STRING "libwebp 0.6.0"
| #define PACKAGE_BUGREPORT "https://bugs.chromium.org/p/webp"
| #define PACKAGE_URL "http://developers.google.com/speed/webp"
| #define PACKAGE "libwebp"
| #define VERSION "0.6.0"
| #define STDC_HEADERS 1
| #define HAVE_SYS_TYPES_H 1
| #define HAVE_SYS_STAT_H 1
| #define HAVE_STDLIB_H 1
| #define HAVE_STRING_H 1
| #define HAVE_MEMORY_H 1
| #define HAVE_STRINGS_H 1
| #define HAVE_INTTYPES_H 1
| #define HAVE_STDINT_H 1
| #define HAVE_UNISTD_H 1
| #define HAVE_DLFCN_H 1
| #define LT_OBJDIR ".libs/"
| #define WEBP_HAVE_AVX2 1
| #define WEBP_HAVE_SSE41 1
| #define WEBP_HAVE_SSE2 1
| #define HAVE_BUILTIN_BSWAP16 1
| #define HAVE_BUILTIN_BSWAP32 1
| #define HAVE_BUILTIN_BSWAP64 1
| #define HAVE_PTHREAD_PRIO_INHERIT 1
| #define WEBP_USE_THREAD 1
| #define HAVE_GL_GLUT_H 1
| #define WEBP_HAVE_GL 1
| #define WEBP_HAVE_PNG 1
| /* end confdefs.h.  */
| #include <stdio.h>
| #ifdef HAVE_SYS_TYPES_H
| # include <sys/types.h>
| #endif
| #ifdef HAVE_SYS_STAT_H
| # include <sys/stat.h>
| #endif
| #ifdef STDC_HEADERS
| # include <stdlib.h>
| # include <stddef.h>
| #else
| # ifdef HAVE_STDLIB_H
| #  include <stdlib.h>
| # endif
| #endif
| #ifdef HAVE_STRING_H
| # if !defined STDC_HEADERS && defined HAVE_MEMORY_H
| #  include <memory.h>
| # endif
| # include <string.h>
| #endif
| #ifdef HAVE_STRINGS_H
| # include <strings.h>
| #endif
| #ifdef HAVE_INTTYPES_H
| # include <inttypes.h>
| #endif
| #ifdef HAVE_STDINT_H
| # include <stdint.h>
| #endif
| #ifdef HAVE_UNISTD_H
| # include <unistd.h>
| #endif
| #include <tiffio.h>
configure:13821: result: no
configure:13821: checking tiffio.h presence
configure:13821: gcc -E   conftest.c
conftest.c:34:20: fatal error: tiffio.h: No such file or directory
compilation terminated.
configure:13821: $? = 1
configure: failed program was:
| /* confdefs.h */
| #define PACKAGE_NAME "libwebp"
| #define PACKAGE_TARNAME "libwebp"
| #define PACKAGE_VERSION "0.6.0"
| #define PACKAGE_STRING "libwebp 0.6.0"
| #define PACKAGE_BUGREPORT "https://bugs.chromium.org/p/webp"
| #define PACKAGE_URL "http://developers.google.com/speed/webp"
| #define PACKAGE "libwebp"
| #define VERSION "0.6.0"
| #define STDC_HEADERS 1
| #define HAVE_SYS_TYPES_H 1
| #define HAVE_SYS_STAT_H 1
| #define HAVE_STDLIB_H 1
| #define HAVE_STRING_H 1
| #define HAVE_MEMORY_H 1
| #define HAVE_STRINGS_H 1
| #define HAVE_INTTYPES_H 1
| #define HAVE_STDINT_H 1
| #define HAVE_UNISTD_H 1
| #define HAVE_DLFCN_H 1
| #define LT_OBJDIR ".libs/"
| #define WEBP_HAVE_AVX2 1
| #define WEBP_HAVE_SSE41 1
| #define WEBP_HAVE_SSE2 1
| #define HAVE_BUILTIN_BSWAP16 1
| #define HAVE_BUILTIN_BSWAP32 1
| #define HAVE_BUILTIN_BSWAP64 1
| #define HAVE_PTHREAD_PRIO_INHERIT 1
| #define WEBP_USE_THREAD 1
| #define HAVE_GL_GLUT_H 1
| #define WEBP_HAVE_GL 1
| #define WEBP_HAVE_PNG 1
| /* end confdefs.h.  */
| #include <tiffio.h>
configure:13821: result: no
configure:13821: checking for tiffio.h
configure:13821: result: no
configure:13873: WARNING: tiff library not available - no tiffio.h
configure:13912: checking gif_lib.h usability
configure:13912: gcc -c -g -O2 -pthread   conftest.c >&5
conftest.c:67:21: fatal error: gif_lib.h: No such file or directory
compilation terminated.
configure:13912: $? = 1
configure: failed program was:
| /* confdefs.h */
| #define PACKAGE_NAME "libwebp"
| #define PACKAGE_TARNAME "libwebp"
| #define PACKAGE_VERSION "0.6.0"
| #define PACKAGE_STRING "libwebp 0.6.0"
| #define PACKAGE_BUGREPORT "https://bugs.chromium.org/p/webp"
| #define PACKAGE_URL "http://developers.google.com/speed/webp"
| #define PACKAGE "libwebp"
| #define VERSION "0.6.0"
| #define STDC_HEADERS 1
| #define HAVE_SYS_TYPES_H 1
| #define HAVE_SYS_STAT_H 1
| #define HAVE_STDLIB_H 1
| #define HAVE_STRING_H 1
| #define HAVE_MEMORY_H 1
| #define HAVE_STRINGS_H 1
| #define HAVE_INTTYPES_H 1
| #define HAVE_STDINT_H 1
| #define HAVE_UNISTD_H 1
| #define HAVE_DLFCN_H 1
| #define LT_OBJDIR ".libs/"
| #define WEBP_HAVE_AVX2 1
| #define WEBP_HAVE_SSE41 1
| #define WEBP_HAVE_SSE2 1
| #define HAVE_BUILTIN_BSWAP16 1
| #define HAVE_BUILTIN_BSWAP32 1
| #define HAVE_BUILTIN_BSWAP64 1
| #define HAVE_PTHREAD_PRIO_INHERIT 1
| #define WEBP_USE_THREAD 1
| #define HAVE_GL_GLUT_H 1
| #define WEBP_HAVE_GL 1
| #define WEBP_HAVE_PNG 1
| /* end confdefs.h.  */
| #include <stdio.h>
| #ifdef HAVE_SYS_TYPES_H
| # include <sys/types.h>
| #endif
| #ifdef HAVE_SYS_STAT_H
| # include <sys/stat.h>
| #endif
| #ifdef STDC_HEADERS
| # include <stdlib.h>
| # include <stddef.h>
| #else
| # ifdef HAVE_STDLIB_H
| #  include <stdlib.h>
| # endif
| #endif
| #ifdef HAVE_STRING_H
| # if !defined STDC_HEADERS && defined HAVE_MEMORY_H
| #  include <memory.h>
| # endif
| # include <string.h>
| #endif
| #ifdef HAVE_STRINGS_H
| # include <strings.h>
| #endif
| #ifdef HAVE_INTTYPES_H
| # include <inttypes.h>
| #endif
| #ifdef HAVE_STDINT_H
| # include <stdint.h>
| #endif
| #ifdef HAVE_UNISTD_H
| # include <unistd.h>
| #endif
| #include <gif_lib.h>
configure:13912: result: no
configure:13912: checking gif_lib.h presence
configure:13912: gcc -E   conftest.c
conftest.c:34:21: fatal error: gif_lib.h: No such file or directory
compilation terminated.
configure:13912: $? = 1
configure: failed program was:
| /* confdefs.h */
| #define PACKAGE_NAME "libwebp"
| #define PACKAGE_TARNAME "libwebp"
| #define PACKAGE_VERSION "0.6.0"
| #define PACKAGE_STRING "libwebp 0.6.0"
| #define PACKAGE_BUGREPORT "https://bugs.chromium.org/p/webp"
| #define PACKAGE_URL "http://developers.google.com/speed/webp"
| #define PACKAGE "libwebp"
| #define VERSION "0.6.0"
| #define STDC_HEADERS 1
| #define HAVE_SYS_TYPES_H 1
| #define HAVE_SYS_STAT_H 1
| #define HAVE_STDLIB_H 1
| #define HAVE_STRING_H 1
| #define HAVE_MEMORY_H 1
| #define HAVE_STRINGS_H 1
| #define HAVE_INTTYPES_H 1
| #define HAVE_STDINT_H 1
| #define HAVE_UNISTD_H 1
| #define HAVE_DLFCN_H 1
| #define LT_OBJDIR ".libs/"
| #define WEBP_HAVE_AVX2 1
| #define WEBP_HAVE_SSE41 1
| #define WEBP_HAVE_SSE2 1
| #define HAVE_BUILTIN_BSWAP16 1
| #define HAVE_BUILTIN_BSWAP32 1
| #define HAVE_BUILTIN_BSWAP64 1
| #define HAVE_PTHREAD_PRIO_INHERIT 1
| #define WEBP_USE_THREAD 1
| #define HAVE_GL_GLUT_H 1
| #define WEBP_HAVE_GL 1
| #define WEBP_HAVE_PNG 1
| /* end confdefs.h.  */
| #include <gif_lib.h>
configure:13912: result: no
configure:13912: checking for gif_lib.h
configure:13912: result: no
configure:13963: WARNING: gif library not available - no gif_lib.h
configure:14100: checking if --enable-swap-16bit-csp option is specified
configure:14110: result: no
configure:14116: checking if --enable-experimental option is specified
configure:14129: result: no
configure:14133: checking whether libwebpmux is to be built
configure:14140: result: no
configure:14151: checking whether libwebpdemux is to be built
configure:14158: result: no
configure:14169: checking whether decoder library is to be built
configure:14176: result: no
configure:14187: checking whether libwebpextras is to be built
configure:14194: result: no
configure:14322: checking that generated files are newer than configure
configure:14328: result: done
configure:14384: creating ./config.status

## ---------------------- ##
## Running config.status. ##
## ---------------------- ##

This file was extended by libwebp config.status 0.6.0, which was
generated by GNU Autoconf 2.69.  Invocation command line was

  CONFIG_FILES    = 
  CONFIG_HEADERS  = 
  CONFIG_LINKS    = 
  CONFIG_COMMANDS = 
  $ ./config.status 

on figuinha-mint

config.status:1148: creating Makefile
config.status:1148: creating src/Makefile
config.status:1148: creating man/Makefile
config.status:1148: creating examples/Makefile
config.status:1148: creating extras/Makefile
config.status:1148: creating imageio/Makefile
config.status:1148: creating src/dec/Makefile
config.status:1148: creating src/enc/Makefile
config.status:1148: creating src/dsp/Makefile
config.status:1148: creating src/demux/Makefile
config.status:1148: creating src/mux/Makefile
config.status:1148: creating src/utils/Makefile
config.status:1148: creating src/libwebp.pc
config.status:1148: creating src/libwebpdecoder.pc
config.status:1148: creating src/demux/libwebpdemux.pc
config.status:1148: creating src/mux/libwebpmux.pc
config.status:1148: creating src/webp/config.h
config.status:1377: executing depfiles commands
config.status:1377: executing libtool commands
configure:16657:
WebP Configuration Summary
--------------------------

Shared libraries: yes
Static libraries: yes
Threading support: yes
libwebp: yes
libwebpdecoder: no
libwebpdemux: no
libwebpmux: no
libwebpextras: no

Tools:
cwebp : yes
  Input format support
  ====================
  JPEG : no
  PNG  : yes
  TIFF : no
  WIC  : no
dwebp : yes
  Output format support
  =====================
  PNG  : yes
  WIC  : no
GIF support : no
anim_diff   : no
gif2webp    : no
img2webp    : no
webpmux     : no
vwebp       : no


## ---------------- ##
## Cache variables. ##
## ---------------- ##

ac_cv_build=x86_64-unknown-linux-gnu
ac_cv_c_bigendian=no
ac_cv_c_compiler_gnu=yes
ac_cv_env_CC_set=
ac_cv_env_CC_value=
ac_cv_env_CFLAGS_set=
ac_cv_env_CFLAGS_value=
ac_cv_env_CPPFLAGS_set=
ac_cv_env_CPPFLAGS_value=
ac_cv_env_CPP_set=
ac_cv_env_CPP_value=
ac_cv_env_LDFLAGS_set=
ac_cv_env_LDFLAGS_value=
ac_cv_env_LIBS_set=
ac_cv_env_LIBS_value=
ac_cv_env_build_alias_set=
ac_cv_env_build_alias_value=
ac_cv_env_host_alias_set=
ac_cv_env_host_alias_value=
ac_cv_env_target_alias_set=
ac_cv_env_target_alias_value=
ac_cv_header_GL_glut_h=yes
ac_cv_header_dlfcn_h=yes
ac_cv_header_emmintrin_h=yes
ac_cv_header_gif_lib_h=no
ac_cv_header_immintrin_h=yes
ac_cv_header_inttypes_h=yes
ac_cv_header_jpeglib_h=no
ac_cv_header_memory_h=yes
ac_cv_header_png_h=yes
ac_cv_header_smmintrin_h=yes
ac_cv_header_stdc=yes
ac_cv_header_stdint_h=yes
ac_cv_header_stdlib_h=yes
ac_cv_header_string_h=yes
ac_cv_header_strings_h=yes
ac_cv_header_sys_stat_h=yes
ac_cv_header_sys_types_h=yes
ac_cv_header_tiffio_h=no
ac_cv_header_unistd_h=yes
ac_cv_host=x86_64-unknown-linux-gnu
ac_cv_objext=o
ac_cv_path_EGREP='/bin/grep -E'
ac_cv_path_FGREP='/bin/grep -F'
ac_cv_path_GREP=/bin/grep
ac_cv_path_LIBPNG_CONFIG=/usr/bin/libpng-config
ac_cv_path_SED=/bin/sed
ac_cv_path_install='/usr/bin/install -c'
ac_cv_path_mkdir=/bin/mkdir
ac_cv_prog_AWK=gawk
ac_cv_prog_CPP='gcc -E'
ac_cv_prog_ac_ct_AR=ar
ac_cv_prog_ac_ct_CC=gcc
ac_cv_prog_ac_ct_MANIFEST_TOOL=mt
ac_cv_prog_ac_ct_OBJDUMP=objdump
ac_cv_prog_ac_ct_RANLIB=ranlib
ac_cv_prog_ac_ct_STRIP=strip
ac_cv_prog_cc_c89=
ac_cv_prog_cc_g=yes
ac_cv_prog_make_make_set=yes
ac_cv_search_glBegin=-lGL
ac_cv_search_png_get_libpng_ver='none required'
am_cv_CC_dependencies_compiler_type=gcc3
am_cv_ar_interface=ar
am_cv_make_support_nested_variables=yes
am_cv_prog_cc_c_o=yes
ax_cv_PTHREAD_PRIO_INHERIT=yes
lt_cv_ar_at_file=@
lt_cv_archive_cmds_need_lc=no
lt_cv_deplibs_check_method=pass_all
lt_cv_file_magic_cmd='$MAGIC_CMD'
lt_cv_file_magic_test_file=
lt_cv_ld_reload_flag=-r
lt_cv_nm_interface='BSD nm'
lt_cv_objdir=.libs
lt_cv_path_LD=/usr/bin/ld
lt_cv_path_NM='/usr/bin/nm -B'
lt_cv_path_mainfest_tool=no
lt_cv_prog_compiler_c_o=yes
lt_cv_prog_compiler_pic='-fPIC -DPIC'
lt_cv_prog_compiler_pic_works=yes
lt_cv_prog_compiler_rtti_exceptions=no
lt_cv_prog_compiler_static_works=yes
lt_cv_prog_gnu_ld=yes
lt_cv_sharedlib_from_linklib_cmd='printf %s\n'
lt_cv_shlibpath_overrides_runpath=no
lt_cv_sys_global_symbol_pipe='sed -n -e '\''s/^.*[	 ]\([ABCDGIRSTW][ABCDGIRSTW]*\)[	 ][	 ]*\([_A-Za-z][_A-Za-z0-9]*\)$/\1 \2 \2/p'\'' | sed '\''/ __gnu_lto/d'\'''
lt_cv_sys_global_symbol_to_c_name_address='sed -n -e '\''s/^: \([^ ]*\)[ ]*$/  {\"\1\", (void *) 0},/p'\'' -e '\''s/^[ABCDGIRSTW]* \([^ ]*\) \([^ ]*\)$/  {"\2", (void *) \&\2},/p'\'''
lt_cv_sys_global_symbol_to_c_name_address_lib_prefix='sed -n -e '\''s/^: \([^ ]*\)[ ]*$/  {\"\1\", (void *) 0},/p'\'' -e '\''s/^[ABCDGIRSTW]* \([^ ]*\) \(lib[^ ]*\)$/  {"\2", (void *) \&\2},/p'\'' -e '\''s/^[ABCDGIRSTW]* \([^ ]*\) \([^ ]*\)$/  {"lib\2", (void *) \&\2},/p'\'''
lt_cv_sys_global_symbol_to_cdecl='sed -n -e '\''s/^T .* \(.*\)$/extern int \1();/p'\'' -e '\''s/^[ABCDGIRSTW]* .* \(.*\)$/extern char \1;/p'\'''
lt_cv_sys_max_cmd_len=1572864
lt_cv_to_host_file_cmd=func_convert_file_noop
lt_cv_to_tool_file_cmd=func_convert_file_noop

## ----------------- ##
## Output variables. ##
## ----------------- ##

ACLOCAL='${SHELL} /home/figuinha/dev/Regards/libextern/libwebp-0.6.0/missing aclocal-1.14'
AMDEPBACKSLASH='\'
AMDEP_FALSE='#'
AMDEP_TRUE=''
AMTAR='$${TAR-tar}'
AM_BACKSLASH='\'
AM_CFLAGS=' -fvisibility=hidden -Wall -Wdeclaration-after-statement -Wextra -Wfloat-conversion -Wformat -Wformat-nonliteral -Wformat -Wformat-security -Wmissing-declarations -Wmissing-prototypes -Wold-style-definition -Wshadow -Wunreachable-code -Wunused-but-set-variable -Wunused -Wvla'
AM_CPPFLAGS=' -DNDEBUG'
AM_DEFAULT_V='$(AM_DEFAULT_VERBOSITY)'
AM_DEFAULT_VERBOSITY='0'
AM_V='$(V)'
AR='ar'
AUTOCONF='${SHELL} /home/figuinha/dev/Regards/libextern/libwebp-0.6.0/missing autoconf'
AUTOHEADER='${SHELL} /home/figuinha/dev/Regards/libextern/libwebp-0.6.0/missing autoheader'
AUTOMAKE='${SHELL} /home/figuinha/dev/Regards/libextern/libwebp-0.6.0/missing automake-1.14'
AVX2_FLAGS=' -mavx2'
AWK='gawk'
BUILD_ANIMDIFF_FALSE=''
BUILD_ANIMDIFF_TRUE='#'
BUILD_GIF2WEBP_FALSE=''
BUILD_GIF2WEBP_TRUE='#'
BUILD_IMG2WEBP_FALSE=''
BUILD_IMG2WEBP_TRUE='#'
BUILD_LIBWEBPDECODER_FALSE=''
BUILD_LIBWEBPDECODER_TRUE='#'
BUILD_VWEBP_FALSE=''
BUILD_VWEBP_TRUE='#'
CC='gcc'
CCDEPMODE='depmode=gcc3'
CFLAGS='-g -O2 -pthread'
CPP='gcc -E'
CPPFLAGS=''
CYGPATH_W='echo'
DEFS='-DHAVE_CONFIG_H'
DEPDIR='.deps'
DLLTOOL='false'
DSYMUTIL=''
DUMPBIN=''
ECHO_C=''
ECHO_N='-n'
ECHO_T=''
EGREP='/bin/grep -E'
EXEEXT=''
FGREP='/bin/grep -F'
GIF_INCLUDES=''
GIF_LIBS=''
GL_INCLUDES=''
GL_LIBS=' -lglut -lGL'
GREP='/bin/grep'
INSTALL_DATA='${INSTALL} -m 644'
INSTALL_PROGRAM='${INSTALL}'
INSTALL_SCRIPT='${INSTALL}'
INSTALL_STRIP_PROGRAM='$(install_sh) -c -s'
JPEG_INCLUDES=''
JPEG_LIBS=''
LD='/usr/bin/ld -m elf_x86_64'
LDFLAGS=''
LIBOBJS=''
LIBPNG_CONFIG='/usr/bin/libpng-config'
LIBS=' '
LIBTOOL='$(SHELL) $(top_builddir)/libtool'
LIPO=''
LN_S='ln -s'
LTLIBOBJS=''
MAKEINFO='${SHELL} /home/figuinha/dev/Regards/libextern/libwebp-0.6.0/missing makeinfo'
MANIFEST_TOOL=':'
MKDIR_P='/bin/mkdir -p'
NEON_FLAGS=''
NM='/usr/bin/nm -B'
NMEDIT=''
OBJDUMP='objdump'
OBJEXT='o'
OTOOL64=''
OTOOL=''
PACKAGE='libwebp'
PACKAGE_BUGREPORT='https://bugs.chromium.org/p/webp'
PACKAGE_NAME='libwebp'
PACKAGE_STRING='libwebp 0.6.0'
PACKAGE_TARNAME='libwebp'
PACKAGE_URL='http://developers.google.com/speed/webp'
PACKAGE_VERSION='0.6.0'
PATH_SEPARATOR=':'
PNG_INCLUDES='-I/usr/include/libpng12 -DWEBP_HAVE_PNG'
PNG_LIBS='-lpng12'
PTHREAD_CC='gcc'
PTHREAD_CFLAGS='-pthread'
PTHREAD_LIBS=''
RANLIB='ranlib'
SED='/bin/sed'
SET_MAKE=''
SHELL='/bin/bash'
SSE2_FLAGS='  -msse2'
SSE41_FLAGS='  -msse4.1'
STRIP='strip'
TIFF_INCLUDES=''
TIFF_LIBS=''
USE_EXPERIMENTAL_CODE=''
USE_SWAP_16BIT_CSP=''
VERSION='0.6.0'
WANT_DEMUX_FALSE=''
WANT_DEMUX_TRUE='#'
WANT_EXTRAS_FALSE=''
WANT_EXTRAS_TRUE='#'
WANT_MUX_FALSE=''
WANT_MUX_TRUE='#'
ac_ct_AR='ar'
ac_ct_CC='gcc'
ac_ct_DUMPBIN=''
am__EXEEXT_FALSE=''
am__EXEEXT_TRUE='#'
am__fastdepCC_FALSE='#'
am__fastdepCC_TRUE=''
am__include='include'
am__isrc=''
am__leading_dot='.'
am__nodep='_no'
am__quote=''
am__tar='$${TAR-tar} chof - "$$tardir"'
am__untar='$${TAR-tar} xf -'
ax_pthread_config=''
bindir='${exec_prefix}/bin'
build='x86_64-unknown-linux-gnu'
build_alias=''
build_cpu='x86_64'
build_os='linux-gnu'
build_vendor='unknown'
datadir='${datarootdir}'
datarootdir='${prefix}/share'
docdir='${datarootdir}/doc/${PACKAGE_TARNAME}'
dvidir='${docdir}'
exec_prefix='${prefix}'
host='x86_64-unknown-linux-gnu'
host_alias=''
host_cpu='x86_64'
host_os='linux-gnu'
host_vendor='unknown'
htmldir='${docdir}'
includedir='${prefix}/include'
infodir='${datarootdir}/info'
install_sh='${SHELL} /home/figuinha/dev/Regards/libextern/libwebp-0.6.0/install-sh'
libdir='${exec_prefix}/lib'
libexecdir='${exec_prefix}/libexec'
localedir='${datarootdir}/locale'
localstatedir='${prefix}/var'
mandir='${datarootdir}/man'
mkdir_p='$(MKDIR_P)'
oldincludedir='/usr/include'
pdfdir='${docdir}'
pkgconfigdir='${libdir}/pkgconfig'
prefix='/usr/local'
program_transform_name='s,x,x,'
psdir='${docdir}'
sbindir='${exec_prefix}/sbin'
sharedstatedir='${prefix}/com'
sysconfdir='${prefix}/etc'
target_alias=''

## ----------- ##
## confdefs.h. ##
## ----------- ##

/* confdefs.h */
#define PACKAGE_NAME "libwebp"
#define PACKAGE_TARNAME "libwebp"
#define PACKAGE_VERSION "0.6.0"
#define PACKAGE_STRING "libwebp 0.6.0"
#define PACKAGE_BUGREPORT "https://bugs.chromium.org/p/webp"
#define PACKAGE_URL "http://developers.google.com/speed/webp"
#define PACKAGE "libwebp"
#define VERSION "0.6.0"
#define STDC_HEADERS 1
#define HAVE_SYS_TYPES_H 1
#define HAVE_SYS_STAT_H 1
#define HAVE_STDLIB_H 1
#define HAVE_STRING_H 1
#define HAVE_MEMORY_H 1
#define HAVE_STRINGS_H 1
#define HAVE_INTTYPES_H 1
#define HAVE_STDINT_H 1
#define HAVE_UNISTD_H 1
#define HAVE_DLFCN_H 1
#define LT_OBJDIR ".libs/"
#define WEBP_HAVE_AVX2 1
#define WEBP_HAVE_SSE41 1
#define WEBP_HAVE_SSE2 1
#define HAVE_BUILTIN_BSWAP16 1
#define HAVE_BUILTIN_BSWAP32 1
#define HAVE_BUILTIN_BSWAP64 1
#define HAVE_PTHREAD_PRIO_INHERIT 1
#define WEBP_USE_THREAD 1
#define HAVE_GL_GLUT_H 1
#define WEBP_HAVE_GL 1
#define WEBP_HAVE_PNG 1

configure: exit 0
