[1214/140010.647:WARNING:policy_logger.cc(148)] :components\enterprise\browser\controller\chrome_browser_cloud_management_controller.cc(88) Could not create policy manager as CBCM is not enabled.
[1214/140011.490:WARNING:dxgi_swap_chain_image_backing.cc(208)] First draw to surface should draw to everything
[1214/140017.570:ERROR:cert_verify_proc_builtin.cc(701)] CertVerifyProcBuiltin for 127.0.0.1 failed:
----- Certificate i=0 (CN=PortableJacques) -----
ERROR: No matching issuer found


[1214/140017.570:ERROR:ssl_client_socket_impl.cc(968)] handshake failed; returned -1, SSL error code 1, net_error -202
[1214/140017.702:ERROR:ssl_client_socket_impl.cc(968)] handshake failed; returned -1, SSL error code 1, net_error -202
[1214/140017.702:ERROR:ssl_client_socket_impl.cc(968)] handshake failed; returned -1, SSL error code 1, net_error -202
[1214/140017.702:ERROR:ssl_client_socket_impl.cc(968)] handshake failed; returned -1, SSL error code 1, net_error -202
[1214/140017.719:ERROR:ssl_client_socket_impl.cc(968)] handshake failed; returned -1, SSL error code 1, net_error -202
[1214/140017.723:ERROR:ssl_client_socket_impl.cc(968)] handshake failed; returned -1, SSL error code 1, net_error -202
[1214/140017.727:ERROR:ssl_client_socket_impl.cc(968)] handshake failed; returned -1, SSL error code 1, net_error -202
[1214/140017.731:ERROR:ssl_client_socket_impl.cc(968)] handshake failed; returned -1, SSL error code 1, net_error -202
[1214/140017.731:ERROR:ssl_client_socket_impl.cc(968)] handshake failed; returned -1, SSL error code 1, net_error -202
[1214/140017.731:ERROR:ssl_client_socket_impl.cc(968)] handshake failed; returned -1, SSL error code 1, net_error -202
[1214/140017.731:ERROR:ssl_client_socket_impl.cc(968)] handshake failed; returned -1, SSL error code 1, net_error -202
[1214/140017.747:ERROR:ssl_client_socket_impl.cc(968)] handshake failed; returned -1, SSL error code 1, net_error -202
[1214/140017.747:ERROR:ssl_client_socket_impl.cc(968)] handshake failed; returned -1, SSL error code 1, net_error -202
[1214/140017.747:ERROR:ssl_client_socket_impl.cc(968)] handshake failed; returned -1, SSL error code 1, net_error -202
[1214/140017.747:ERROR:ssl_client_socket_impl.cc(968)] handshake failed; returned -1, SSL error code 1, net_error -202
[1214/140017.763:ERROR:ssl_client_socket_impl.cc(968)] handshake failed; returned -1, SSL error code 1, net_error -202
[1214/140017.763:ERROR:ssl_client_socket_impl.cc(968)] handshake failed; returned -1, SSL error code 1, net_error -202
[1214/140018.520:ERROR:ssl_client_socket_impl.cc(968)] handshake failed; returned -1, SSL error code 1, net_error -202
[1214/140022.084:WARNING:dxgi_swap_chain_image_backing.cc(208)] First draw to surface should draw to everything
[1214/140022.399:ERROR:ssl_client_socket_impl.cc(968)] handshake failed; returned -1, SSL error code 1, net_error -202
[1214/140045.686:ERROR:ssl_client_socket_impl.cc(968)] handshake failed; returned -1, SSL error code 1, net_error -202
[1214/140047.201:ERROR:ssl_client_socket_impl.cc(968)] handshake failed; returned -1, SSL error code 1, net_error -202
[1214/140047.232:ERROR:ssl_client_socket_impl.cc(968)] handshake failed; returned -1, SSL error code 1, net_error -202
[1214/140047.238:ERROR:ssl_client_socket_impl.cc(968)] handshake failed; returned -1, SSL error code 1, net_error -202
[1214/140047.243:ERROR:ssl_client_socket_impl.cc(968)] handshake failed; returned -1, SSL error code 1, net_error -202
[1214/140047.247:ERROR:ssl_client_socket_impl.cc(968)] handshake failed; returned -1, SSL error code 1, net_error -202
[1214/140110.412:ERROR:ssl_client_socket_impl.cc(968)] handshake failed; returned -1, SSL error code 1, net_error -202
[1214/140110.412:ERROR:ssl_client_socket_impl.cc(968)] handshake failed; returned -1, SSL error code 1, net_error -202
[1214/140110.420:ERROR:ssl_client_socket_impl.cc(968)] handshake failed; returned -1, SSL error code 1, net_error -202
[1214/140150.355:ERROR:ssl_client_socket_impl.cc(968)] handshake failed; returned -1, SSL error code 1, net_error -202
[1214/140150.355:ERROR:ssl_client_socket_impl.cc(968)] handshake failed; returned -1, SSL error code 1, net_error -202
[1214/140151.956:ERROR:ssl_client_socket_impl.cc(968)] handshake failed; returned -1, SSL error code 1, net_error -202
[1214/140152.240:ERROR:ssl_client_socket_impl.cc(968)] handshake failed; returned -1, SSL error code 1, net_error -202
[1214/140152.250:ERROR:ssl_client_socket_impl.cc(968)] handshake failed; returned -1, SSL error code 1, net_error -202
[1214/140152.319:ERROR:ssl_client_socket_impl.cc(968)] handshake failed; returned -1, SSL error code 1, net_error -202
[1214/140152.372:ERROR:ssl_client_socket_impl.cc(968)] handshake failed; returned -1, SSL error code 1, net_error -202
[1214/140152.372:ERROR:ssl_client_socket_impl.cc(968)] handshake failed; returned -1, SSL error code 1, net_error -202
[1214/140152.387:ERROR:ssl_client_socket_impl.cc(968)] handshake failed; returned -1, SSL error code 1, net_error -202
[1214/140152.390:ERROR:ssl_client_socket_impl.cc(968)] handshake failed; returned -1, SSL error code 1, net_error -202
[1214/140152.390:ERROR:ssl_client_socket_impl.cc(968)] handshake failed; returned -1, SSL error code 1, net_error -202
[1214/140152.639:ERROR:ssl_client_socket_impl.cc(968)] handshake failed; returned -1, SSL error code 1, net_error -202
[1214/140152.639:ERROR:ssl_client_socket_impl.cc(968)] handshake failed; returned -1, SSL error code 1, net_error -202
[1214/140152.655:ERROR:ssl_client_socket_impl.cc(968)] handshake failed; returned -1, SSL error code 1, net_error -202
[1214/140152.739:ERROR:ssl_client_socket_impl.cc(968)] handshake failed; returned -1, SSL error code 1, net_error -202
[1214/140152.739:ERROR:ssl_client_socket_impl.cc(968)] handshake failed; returned -1, SSL error code 1, net_error -202
[1214/140152.756:ERROR:ssl_client_socket_impl.cc(968)] handshake failed; returned -1, SSL error code 1, net_error -202
[1214/140152.756:ERROR:ssl_client_socket_impl.cc(968)] handshake failed; returned -1, SSL error code 1, net_error -202
[1214/140152.756:ERROR:ssl_client_socket_impl.cc(968)] handshake failed; returned -1, SSL error code 1, net_error -202
[1214/140210.598:ERROR:ssl_client_socket_impl.cc(968)] handshake failed; returned -1, SSL error code 1, net_error -202
[1214/140210.598:ERROR:ssl_client_socket_impl.cc(968)] handshake failed; returned -1, SSL error code 1, net_error -202
[1214/140210.614:ERROR:ssl_client_socket_impl.cc(968)] handshake failed; returned -1, SSL error code 1, net_error -202
[1214/140210.892:ERROR:ssl_client_socket_impl.cc(968)] handshake failed; returned -1, SSL error code 1, net_error -202
[1214/140210.892:ERROR:ssl_client_socket_impl.cc(968)] handshake failed; returned -1, SSL error code 1, net_error -202
[1214/140210.903:ERROR:ssl_client_socket_impl.cc(968)] handshake failed; returned -1, SSL error code 1, net_error -202
[1214/140220.679:ERROR:ssl_client_socket_impl.cc(968)] handshake failed; returned -1, SSL error code 1, net_error -202
[1214/140336.069:ERROR:ssl_client_socket_impl.cc(968)] handshake failed; returned -1, SSL error code 1, net_error -202
[1214/140337.366:ERROR:ssl_client_socket_impl.cc(968)] handshake failed; returned -1, SSL error code 1, net_error -202
[1214/140337.366:ERROR:ssl_client_socket_impl.cc(968)] handshake failed; returned -1, SSL error code 1, net_error -202
[1214/140344.279:ERROR:ssl_client_socket_impl.cc(968)] handshake failed; returned -1, SSL error code 1, net_error -202
[1214/140358.406:ERROR:ssl_client_socket_impl.cc(968)] handshake failed; returned -1, SSL error code 1, net_error -202
[1214/140358.414:ERROR:ssl_client_socket_impl.cc(968)] handshake failed; returned -1, SSL error code 1, net_error -202
[1214/140358.416:ERROR:ssl_client_socket_impl.cc(968)] handshake failed; returned -1, SSL error code 1, net_error -202
