La génération a démarré 08/02/2017 12:04:54.
     1>Projet "C:\developpement\vs2013wx3.1\Regards\libextern\jxrlib\JXRGlueLib\JXRGlueLib_vc11.vcxproj" sur le nœud 2 (build cible(s)).
     1>InitializeBuildStatus:
         Création de "Debug/JXRGlueLib\JXRGlueLib.unsuccessfulbuild", car "AlwaysCreate" a été spécifié.
       ClCompile:
         C:\Program Files (x86)\Microsoft Visual Studio 10.0\VC\bin\CL.exe /c /I..\image\sys /I..\image\x86 /I..\JXRGlueLib /I..\common\include /Zi /nologo /W4 /WX- /Od /Oy- /D WIN32 /D _DEBUG /D _LIB /D _VC80_UPGRADE=0x0710 /D _MBCS /Gm /EHsc /RTC1 /MTd /GS /fp:precise /Zc:wchar_t /Zc:forScope /Fo"Debug/JXRGlueLib\\" /Fd"Debug/JXRGlueLib\vc100.pdb" /Gd /TC /analyze- /errorReport:prompt JXRGlue.c JXRGluePFC.c JXRGlueJxr.c JXRMeta.c
         JXRMeta.c
         JXRGlueJxr.c
         JXRGluePFC.c
         JXRGlue.c
         Génération de code en cours...
       Lib:
         C:\Program Files (x86)\Microsoft Visual Studio 10.0\VC\bin\Lib.exe /OUT:"Debug/JXRGlueLib\JXRGlueLib.lib" /NOLOGO Debug/JXRGlueLib\JXRGlue.obj
         Debug/JXRGlueLib\JXRGluePFC.obj
         Debug/JXRGlueLib\JXRGlueJxr.obj
         Debug/JXRGlueLib\JXRMeta.obj
         JXRGlueLib_vc11.vcxproj -> C:\developpement\vs2013wx3.1\Regards\libextern\jxrlib\JXRGlueLib\Debug/JXRGlueLib\JXRGlueLib.lib
       FinalizeBuildStatus:
         Suppression du fichier "Debug/JXRGlueLib\JXRGlueLib.unsuccessfulbuild".
         Mise à jour de l'horodatage "Debug/JXRGlueLib\JXRGlueLib.lastbuildstate".
     1>Génération du projet "C:\developpement\vs2013wx3.1\Regards\libextern\jxrlib\JXRGlueLib\JXRGlueLib_vc11.vcxproj" terminée (build cible(s)).

La génération a réussi.

Temps écoulé 00:00:00.40
