This file contains any messages produced by compilers while
running configure, to aid debugging if configure makes a mistake.

It was created by libjpeg-turbo Configure 1.5.1, which was
generated by GNU Autoconf 2.69.  Invocation command line was

  $ ./Configure --no-create --no-recursion

## --------- ##
## Platform. ##
## --------- ##

hostname = LAPTOP-C27IAGV2
uname -m = x86_64
uname -r = 2.11.2(0.329/5/3)
uname -s = MINGW64_NT-10.0
uname -v = 2018-11-26 09:22

/usr/bin/uname -p = unknown
/bin/uname -X     = unknown

/bin/arch              = x86_64
/usr/bin/arch -k       = unknown
/usr/convex/getsysinfo = unknown
/usr/bin/hostinfo      = unknown
/bin/machine           = unknown
/usr/bin/oslevel       = unknown
/bin/universe          = unknown

PATH: /mingw64/bin
PATH: /usr/local/bin
PATH: /usr/bin
PATH: /bin
PATH: /c/Windows/System32
PATH: /c/Windows
PATH: /c/Windows/System32/Wbem
PATH: /c/Windows/System32/WindowsPowerShell/v1.0/
PATH: /usr/bin/site_perl
PATH: /usr/bin/vendor_perl
PATH: /usr/bin/core_perl


## ----------- ##
## Core tests. ##
## ----------- ##

Configure:2535: loading site script /mingw64/etc/config.site
| # This file is in public domain.
| # Original author: Karlson2k (Evgeny Grin)
| # Written for MSys2/MinGW64 to help running 'configure' scripts
| 
| # Defaults for MinGW64-targeted programs
| 
| # Set proper selfname on bash and fallback to default name on other shells
| test -n "${BASH_SOURCE}" 2>/dev/null && config_site_me="${BASH_SOURCE[0]##*/}" || config_site_me=config.site
| 
| # Set default 'host' to speedup configure
| if test -z "$build_alias"; then
|   build_alias="${MSYSTEM_CHOST-x86_64-w64-mingw32}" && \
|     ${as_echo-echo} "$config_site_me:${as_lineno-$LINENO}: default build_alias set to $build_alias" >&5
| fi
| 
| # Set default 'prefix' to "/mingw64"
| if ( test -z "$prefix" || test "x$prefix" = "xNONE" ) && \
|    ( test -z "$exec_prefix" || test "x$exec_prefix" = "xNONE" ); then
|   prefix="${MSYSTEM_PREFIX-/mingw64}" && \
|     ${as_echo-echo} "$config_site_me:${as_lineno-$LINENO}: default prefix set to $prefix" >&5
| fi
config.site:13: default build_alias set to x86_64-w64-mingw32
config.site:20: default prefix set to /mingw64
Configure:2677: checking for a BSD-compatible install
Configure:2745: result: /usr/bin/install -c
Configure:2756: checking whether build environment is sane
Configure:2811: result: yes
Configure:2962: checking for a thread-safe mkdir -p
Configure:3001: result: /usr/bin/mkdir -p
Configure:3008: checking for gawk
Configure:3024: found /usr/bin/gawk
Configure:3035: result: gawk
Configure:3046: checking whether make sets $(MAKE)
Configure:3068: result: yes
Configure:3097: checking whether make supports nested variables
Configure:3114: result: yes
Configure:3253: checking whether make supports nested variables
Configure:3270: result: yes
Configure:3297: checking for style of include used by make
Configure:3325: result: GNU
Configure:3396: checking for gcc
Configure:3412: found /mingw64/bin/gcc
Configure:3423: result: gcc
Configure:3652: checking for C compiler version
Configure:3661: gcc --version >&5
gcc.exe (Rev1, Built by MSYS2 project) 8.3.0
Copyright (C) 2018 Free Software Foundation, Inc.
This is free software; see the source for copying conditions.  There is NO
warranty; not even for MERCHANTABILITY or FITNESS FOR A PARTICULAR PURPOSE.

Configure:3672: $? = 0
Configure:3661: gcc -v >&5
Using built-in specs.
COLLECT_GCC=C:\msys64\mingw64\bin\gcc.exe
COLLECT_LTO_WRAPPER=C:/msys64/mingw64/bin/../lib/gcc/x86_64-w64-mingw32/8.3.0/lto-wrapper.exe
Target: x86_64-w64-mingw32
Configured with: ../gcc-8.3.0/configure --prefix=/mingw64 --with-local-prefix=/mingw64/local --build=x86_64-w64-mingw32 --host=x86_64-w64-mingw32 --target=x86_64-w64-mingw32 --with-native-system-header-dir=/mingw64/x86_64-w64-mingw32/include --libexecdir=/mingw64/lib --enable-bootstrap --with-arch=x86-64 --with-tune=generic --enable-languages=ada,c,lto,c++,objc,obj-c++,fortran --enable-shared --enable-static --enable-libatomic --enable-threads=posix --enable-graphite --enable-fully-dynamic-string --enable-libstdcxx-filesystem-ts=yes --enable-libstdcxx-time=yes --disable-libstdcxx-pch --disable-libstdcxx-debug --disable-isl-version-check --enable-lto --enable-libgomp --disable-multilib --enable-checking=release --disable-rpath --disable-win32-registry --disable-nls --disable-werror --disable-symvers --with-libiconv --with-system-zlib --with-gmp=/mingw64 --with-mpfr=/mingw64 --with-mpc=/mingw64 --with-isl=/mingw64 --with-pkgversion='Rev1, Built by MSYS2 project' --with-bugurl=https://sourceforge.net/projects/msys2 --with-gnu-as --with-gnu-ld
Thread model: posix
gcc version 8.3.0 (Rev1, Built by MSYS2 project) 
Configure:3672: $? = 0
Configure:3661: gcc -V >&5
gcc.exe: error: unrecognized command line option '-V'
gcc.exe: fatal error: no input files
compilation terminated.
Configure:3672: $? = 1
Configure:3661: gcc -qversion >&5
gcc.exe: error: unrecognized command line option '-qversion'; did you mean '--version'?
gcc.exe: fatal error: no input files
compilation terminated.
Configure:3672: $? = 1
Configure:3692: checking whether the C compiler works
Configure:3714: gcc    conftest.c  >&5
Configure:3718: $? = 0
Configure:3766: result: yes
Configure:3769: checking for C compiler default output file name
Configure:3771: result: a.exe
Configure:3777: checking for suffix of executables
Configure:3784: gcc -o conftest.exe    conftest.c  >&5
Configure:3788: $? = 0
Configure:3810: result: .exe
Configure:3832: checking whether we are cross compiling
Configure:3840: gcc -o conftest.exe    conftest.c  >&5
Configure:3844: $? = 0
Configure:3851: ./conftest.exe
Configure:3855: $? = 0
Configure:3870: result: no
Configure:3875: checking for suffix of object files
Configure:3897: gcc -c   conftest.c >&5
Configure:3901: $? = 0
Configure:3922: result: o
Configure:3926: checking whether we are using the GNU C compiler
Configure:3945: gcc -c   conftest.c >&5
Configure:3945: $? = 0
Configure:3954: result: yes
Configure:3963: checking whether gcc accepts -g
Configure:3983: gcc -c -g  conftest.c >&5
Configure:3983: $? = 0
Configure:4024: result: yes
Configure:4041: checking for gcc option to accept ISO C89
Configure:4104: gcc  -c -g -O2  conftest.c >&5
Configure:4104: $? = 0
Configure:4117: result: none needed
Configure:4142: checking whether gcc understands -c and -o together
Configure:4164: gcc -c conftest.c -o conftest2.o
Configure:4167: $? = 0
Configure:4164: gcc -c conftest.c -o conftest2.o
Configure:4167: $? = 0
Configure:4179: result: yes
Configure:4198: checking dependency style of gcc
Configure:4309: result: gcc3
Configure:4329: checking how to run the C preprocessor
Configure:4360: gcc -E  conftest.c
Configure:4360: $? = 0
Configure:4374: gcc -E  conftest.c
conftest.c:11:10: fatal error: ac_nonexistent.h: No such file or directory
 #include <ac_nonexistent.h>
          ^~~~~~~~~~~~~~~~~~
compilation terminated.
Configure:4374: $? = 1
Configure: failed program was:
| /* confdefs.h */
| #define PACKAGE_NAME "libjpeg-turbo"
| #define PACKAGE_TARNAME "libjpeg-turbo"
| #define PACKAGE_VERSION "1.5.1"
| #define PACKAGE_STRING "libjpeg-turbo 1.5.1"
| #define PACKAGE_BUGREPORT ""
| #define PACKAGE_URL ""
| #define PACKAGE "libjpeg-turbo"
| #define VERSION "1.5.1"
| /* end confdefs.h.  */
| #include <ac_nonexistent.h>
Configure:4399: result: gcc -E
Configure:4419: gcc -E  conftest.c
Configure:4419: $? = 0
Configure:4433: gcc -E  conftest.c
conftest.c:11:10: fatal error: ac_nonexistent.h: No such file or directory
 #include <ac_nonexistent.h>
          ^~~~~~~~~~~~~~~~~~
compilation terminated.
Configure:4433: $? = 1
Configure: failed program was:
| /* confdefs.h */
| #define PACKAGE_NAME "libjpeg-turbo"
| #define PACKAGE_TARNAME "libjpeg-turbo"
| #define PACKAGE_VERSION "1.5.1"
| #define PACKAGE_STRING "libjpeg-turbo 1.5.1"
| #define PACKAGE_BUGREPORT ""
| #define PACKAGE_URL ""
| #define PACKAGE "libjpeg-turbo"
| #define VERSION "1.5.1"
| /* end confdefs.h.  */
| #include <ac_nonexistent.h>
Configure:4509: checking for gcc
Configure:4536: result: gcc
Configure:4765: checking for C compiler version
Configure:4774: gcc --version >&5
gcc.exe (Rev1, Built by MSYS2 project) 8.3.0
Copyright (C) 2018 Free Software Foundation, Inc.
This is free software; see the source for copying conditions.  There is NO
warranty; not even for MERCHANTABILITY or FITNESS FOR A PARTICULAR PURPOSE.

Configure:4785: $? = 0
Configure:4774: gcc -v >&5
Using built-in specs.
COLLECT_GCC=C:\msys64\mingw64\bin\gcc.exe
COLLECT_LTO_WRAPPER=C:/msys64/mingw64/bin/../lib/gcc/x86_64-w64-mingw32/8.3.0/lto-wrapper.exe
Target: x86_64-w64-mingw32
Configured with: ../gcc-8.3.0/configure --prefix=/mingw64 --with-local-prefix=/mingw64/local --build=x86_64-w64-mingw32 --host=x86_64-w64-mingw32 --target=x86_64-w64-mingw32 --with-native-system-header-dir=/mingw64/x86_64-w64-mingw32/include --libexecdir=/mingw64/lib --enable-bootstrap --with-arch=x86-64 --with-tune=generic --enable-languages=ada,c,lto,c++,objc,obj-c++,fortran --enable-shared --enable-static --enable-libatomic --enable-threads=posix --enable-graphite --enable-fully-dynamic-string --enable-libstdcxx-filesystem-ts=yes --enable-libstdcxx-time=yes --disable-libstdcxx-pch --disable-libstdcxx-debug --disable-isl-version-check --enable-lto --enable-libgomp --disable-multilib --enable-checking=release --disable-rpath --disable-win32-registry --disable-nls --disable-werror --disable-symvers --with-libiconv --with-system-zlib --with-gmp=/mingw64 --with-mpfr=/mingw64 --with-mpc=/mingw64 --with-isl=/mingw64 --with-pkgversion='Rev1, Built by MSYS2 project' --with-bugurl=https://sourceforge.net/projects/msys2 --with-gnu-as --with-gnu-ld
Thread model: posix
gcc version 8.3.0 (Rev1, Built by MSYS2 project) 
Configure:4785: $? = 0
Configure:4774: gcc -V >&5
gcc.exe: error: unrecognized command line option '-V'
gcc.exe: fatal error: no input files
compilation terminated.
Configure:4785: $? = 1
Configure:4774: gcc -qversion >&5
gcc.exe: error: unrecognized command line option '-qversion'; did you mean '--version'?
gcc.exe: fatal error: no input files
compilation terminated.
Configure:4785: $? = 1
Configure:4789: checking whether we are using the GNU C compiler
Configure:4817: result: yes
Configure:4826: checking whether gcc accepts -g
Configure:4887: result: yes
Configure:4904: checking for gcc option to accept ISO C89
Configure:4980: result: none needed
Configure:5005: checking whether gcc understands -c and -o together
Configure:5042: result: yes
Configure:5061: checking dependency style of gcc
Configure:5172: result: gcc3
Configure:5237: checking for ar
Configure:5253: found /mingw64/bin/ar
Configure:5264: result: ar
Configure:5290: checking the archiver (ar) interface
Configure:5306: gcc -c -g -O2  conftest.c >&5
Configure:5306: $? = 0
Configure:5308: ar cru libconftest.a conftest.o >&5
Configure:5311: $? = 0
Configure:5339: result: ar
Configure:5368: checking dependency style of gcc
Configure:5477: result: gcc3
Configure:5523: checking build system type
Configure:5537: result: x86_64-w64-mingw32
Configure:5557: checking host system type
Configure:5570: result: x86_64-w64-mingw32
Configure:5611: checking how to print strings
Configure:5638: result: printf
Configure:5659: checking for a sed that does not truncate output
Configure:5723: result: /usr/bin/sed
Configure:5741: checking for grep that handles long lines and -e
Configure:5799: result: /usr/bin/grep
Configure:5804: checking for egrep
Configure:5866: result: /usr/bin/grep -E
Configure:5871: checking for fgrep
Configure:5933: result: /usr/bin/grep -F
Configure:5968: checking for ld used by gcc
Configure:6035: result: C:/msys64/mingw64/x86_64-w64-mingw32/bin/ld.exe
Configure:6042: checking if the linker (C:/msys64/mingw64/x86_64-w64-mingw32/bin/ld.exe) is GNU ld
Configure:6057: result: yes
Configure:6069: checking for BSD- or MS-compatible name lister (nm)
Configure:6123: result: /mingw64/bin/nm -B
Configure:6253: checking the name lister (/mingw64/bin/nm -B) interface
Configure:6260: gcc -c -g -O2  conftest.c >&5
Configure:6263: /mingw64/bin/nm -B "conftest.o"
Configure:6266: output
0000000000000000 b .bss
0000000000000000 d .data
0000000000000000 N .debug_abbrev
0000000000000000 N .debug_aranges
0000000000000000 N .debug_info
0000000000000000 N .debug_line
0000000000000000 r .rdata$zzz
0000000000000000 t .text
0000000000000000 B some_variable
Configure:6273: result: BSD nm
Configure:6276: checking whether ln -s works
Configure:6283: result: no, using cp -pR
Configure:6288: checking the maximum length of command line arguments
Configure:6419: result: 8192
Configure:6467: checking how to convert x86_64-w64-mingw32 file names to x86_64-w64-mingw32 format
Configure:6507: result: func_convert_file_msys_to_w32
Configure:6514: checking how to convert x86_64-w64-mingw32 file names to toolchain format
Configure:6534: result: func_convert_file_msys_to_w32
Configure:6541: checking for C:/msys64/mingw64/x86_64-w64-mingw32/bin/ld.exe option to reload object files
Configure:6548: result: -r
Configure:6622: checking for objdump
Configure:6638: found /mingw64/bin/objdump
Configure:6649: result: objdump
Configure:6681: checking how to recognize dependent libraries
Configure:6881: result: file_magic ^x86 archive import|^x86 DLL
Configure:6966: checking for dlltool
Configure:6982: found /mingw64/bin/dlltool
Configure:6993: result: dlltool
Configure:7026: checking how to associate runtime and link libraries
Configure:7053: result: func_cygming_dll_for_implib
Configure:7177: checking for archiver @FILE support
Configure:7194: gcc -c -g -O2  conftest.c >&5
Configure:7194: $? = 0
Configure:7197: ar cru libconftest.a @conftest.lst >&5
Configure:7200: $? = 0
Configure:7205: ar cru libconftest.a @conftest.lst >&5
C:\msys64\mingw64\bin\ar.exe: conftest.o: No such file or directory
Configure:7208: $? = 1
Configure:7220: result: @
Configure:7278: checking for strip
Configure:7294: found /mingw64/bin/strip
Configure:7305: result: strip
Configure:7377: checking for ranlib
Configure:7393: found /mingw64/bin/ranlib
Configure:7404: result: ranlib
Configure:7506: checking command to parse /mingw64/bin/nm -B output from gcc object
Configure:7659: gcc -c -g -O2  conftest.c >&5
Configure:7662: $? = 0
Configure:7666: /mingw64/bin/nm -B conftest.o \| sed -n -e 's/^.*[ ]\([ABCDGIRSTW][ABCDGIRSTW]*\)[ ][ ]*\([_A-Za-z][_A-Za-z0-9]*\)\{0,1\}$/\1 \2 \2/p' | sed '/ __gnu_lto/d' \> conftest.nm
Configure:7669: $? = 0
Configure:7735: gcc -o conftest.exe -g -O2   conftest.c conftstm.o >&5
Configure:7738: $? = 0
Configure:7776: result: ok
Configure:7823: checking for sysroot
Configure:7853: result: no
Configure:7860: checking for a working dd
Configure:7898: result: /usr/bin/dd
Configure:7902: checking how to truncate binary pipes
Configure:7917: result: /usr/bin/dd bs=4096 count=1
Configure:8246: checking for mt
Configure:8276: result: no
Configure:8296: checking if : is a manifest tool
Configure:8302: : '-?'
Configure:8310: result: no
Configure:8983: checking for ANSI C header files
Configure:9003: gcc -c -g -O2  conftest.c >&5
Configure:9003: $? = 0
Configure:9076: gcc -o conftest.exe -g -O2   conftest.c  >&5
Configure:9076: $? = 0
Configure:9076: ./conftest.exe
Configure:9076: $? = 0
Configure:9087: result: yes
Configure:9100: checking for sys/types.h
Configure:9100: gcc -c -g -O2  conftest.c >&5
Configure:9100: $? = 0
Configure:9100: result: yes
Configure:9100: checking for sys/stat.h
Configure:9100: gcc -c -g -O2  conftest.c >&5
Configure:9100: $? = 0
Configure:9100: result: yes
Configure:9100: checking for stdlib.h
Configure:9100: gcc -c -g -O2  conftest.c >&5
Configure:9100: $? = 0
Configure:9100: result: yes
Configure:9100: checking for string.h
Configure:9100: gcc -c -g -O2  conftest.c >&5
Configure:9100: $? = 0
Configure:9100: result: yes
Configure:9100: checking for memory.h
Configure:9100: gcc -c -g -O2  conftest.c >&5
Configure:9100: $? = 0
Configure:9100: result: yes
Configure:9100: checking for strings.h
Configure:9100: gcc -c -g -O2  conftest.c >&5
Configure:9100: $? = 0
Configure:9100: result: yes
Configure:9100: checking for inttypes.h
Configure:9100: gcc -c -g -O2  conftest.c >&5
Configure:9100: $? = 0
Configure:9100: result: yes
Configure:9100: checking for stdint.h
Configure:9100: gcc -c -g -O2  conftest.c >&5
Configure:9100: $? = 0
Configure:9100: result: yes
Configure:9100: checking for unistd.h
Configure:9100: gcc -c -g -O2  conftest.c >&5
Configure:9100: $? = 0
Configure:9100: result: yes
Configure:9114: checking for dlfcn.h
Configure:9114: gcc -c -g -O2  conftest.c >&5
conftest.c:55:10: fatal error: dlfcn.h: No such file or directory
 #include <dlfcn.h>
          ^~~~~~~~~
compilation terminated.
Configure:9114: $? = 1
Configure: failed program was:
| /* confdefs.h */
| #define PACKAGE_NAME "libjpeg-turbo"
| #define PACKAGE_TARNAME "libjpeg-turbo"
| #define PACKAGE_VERSION "1.5.1"
| #define PACKAGE_STRING "libjpeg-turbo 1.5.1"
| #define PACKAGE_BUGREPORT ""
| #define PACKAGE_URL ""
| #define PACKAGE "libjpeg-turbo"
| #define VERSION "1.5.1"
| #define STDC_HEADERS 1
| #define HAVE_SYS_TYPES_H 1
| #define HAVE_SYS_STAT_H 1
| #define HAVE_STDLIB_H 1
| #define HAVE_STRING_H 1
| #define HAVE_MEMORY_H 1
| #define HAVE_STRINGS_H 1
| #define HAVE_INTTYPES_H 1
| #define HAVE_STDINT_H 1
| #define HAVE_UNISTD_H 1
| /* end confdefs.h.  */
| #include <stdio.h>
| #ifdef HAVE_SYS_TYPES_H
| # include <sys/types.h>
| #endif
| #ifdef HAVE_SYS_STAT_H
| # include <sys/stat.h>
| #endif
| #ifdef STDC_HEADERS
| # include <stdlib.h>
| # include <stddef.h>
| #else
| # ifdef HAVE_STDLIB_H
| #  include <stdlib.h>
| # endif
| #endif
| #ifdef HAVE_STRING_H
| # if !defined STDC_HEADERS && defined HAVE_MEMORY_H
| #  include <memory.h>
| # endif
| # include <string.h>
| #endif
| #ifdef HAVE_STRINGS_H
| # include <strings.h>
| #endif
| #ifdef HAVE_INTTYPES_H
| # include <inttypes.h>
| #endif
| #ifdef HAVE_STDINT_H
| # include <stdint.h>
| #endif
| #ifdef HAVE_UNISTD_H
| # include <unistd.h>
| #endif
| 
| #include <dlfcn.h>
Configure:9114: result: no
Configure:9370: checking for objdir
Configure:9385: result: .libs
Configure:9645: checking if gcc supports -fno-rtti -fno-exceptions
Configure:9663: gcc -c -g -O2  -fno-rtti -fno-exceptions conftest.c >&5
cc1.exe: warning: command line option '-fno-rtti' is valid for C++/ObjC++ but not for C
Configure:9667: $? = 0
Configure:9680: result: no
Configure:10038: checking for gcc option to produce PIC
Configure:10045: result: -DDLL_EXPORT -DPIC
Configure:10053: checking if gcc PIC flag -DDLL_EXPORT -DPIC works
Configure:10071: gcc -c -g -O2  -DDLL_EXPORT -DPIC -DPIC conftest.c >&5
Configure:10075: $? = 0
Configure:10088: result: yes
Configure:10117: checking if gcc static flag -static works
Configure:10145: result: yes
Configure:10160: checking if gcc supports -c -o file.o
Configure:10181: gcc -c -g -O2  -o out/conftest2.o conftest.c >&5
Configure:10185: $? = 0
Configure:10207: result: yes
Configure:10215: checking if gcc supports -c -o file.o
Configure:10262: result: yes
Configure:10295: checking whether the gcc linker (C:/msys64/mingw64/x86_64-w64-mingw32/bin/ld.exe) supports shared libraries
Configure:11555: result: yes
Configure:11592: checking whether -lc should be explicitly linked in
Configure:11600: gcc -c -g -O2  conftest.c >&5
Configure:11603: $? = 0
Configure:11618: gcc -shared conftest.o  -v -o ./conftest -Wl,--enable-auto-image-base -Xlinker --out-implib -Xlinker conftest 2\>\&1 \| /usr/bin/grep  -lc  \>/dev/null 2\>\&1
Configure:11621: $? = 1
Configure:11635: result: yes
Configure:11795: checking dynamic linker characteristics
Configure:12619: result: Win32 ld.exe
Configure:12741: checking how to hardcode library paths into programs
Configure:12766: result: immediate
Configure:13314: checking whether stripping libraries is possible
Configure:13319: result: yes
Configure:13354: checking if libtool supports shared libraries
Configure:13356: result: yes
Configure:13359: checking whether to build shared libraries
Configure:13384: result: yes
Configure:13387: checking whether to build static libraries
Configure:13391: result: yes
Configure:13428: checking whether ln -s works
Configure:13435: result: no, using cp -pR
Configure:13503: checking for pkg-config
Configure:13521: found /mingw64/bin/pkg-config
Configure:13533: result: /mingw64/bin/pkg-config
Configure:13558: checking pkg-config is at least version 0.9.0
Configure:13561: result: yes
Configure:13602: checking size of size_t
Configure:13607: gcc -o conftest.exe -g -O2   conftest.c  >&5
Configure:13607: $? = 0
Configure:13607: ./conftest.exe
Configure:13607: $? = 0
Configure:13621: result: 8
Configure:13653: checking whether compiler supports pointers to undefined structures
Configure:13666: gcc -c -g -O2  conftest.c >&5
Configure:13666: $? = 0
Configure:13667: result: yes
Configure:13687: checking whether __SUNPRO_C is declared
Configure:13687: gcc -c -O3 -Wall conftest.c >&5
conftest.c: In function 'main':
conftest.c:63:10: error: '__SUNPRO_C' undeclared (first use in this function)
   (void) __SUNPRO_C;
          ^~~~~~~~~~
conftest.c:63:10: note: each undeclared identifier is reported only once for each function it appears in
Configure:13687: $? = 1
Configure: failed program was:
| /* confdefs.h */
| #define PACKAGE_NAME "libjpeg-turbo"
| #define PACKAGE_TARNAME "libjpeg-turbo"
| #define PACKAGE_VERSION "1.5.1"
| #define PACKAGE_STRING "libjpeg-turbo 1.5.1"
| #define PACKAGE_BUGREPORT ""
| #define PACKAGE_URL ""
| #define PACKAGE "libjpeg-turbo"
| #define VERSION "1.5.1"
| #define STDC_HEADERS 1
| #define HAVE_SYS_TYPES_H 1
| #define HAVE_SYS_STAT_H 1
| #define HAVE_STDLIB_H 1
| #define HAVE_STRING_H 1
| #define HAVE_MEMORY_H 1
| #define HAVE_STRINGS_H 1
| #define HAVE_INTTYPES_H 1
| #define HAVE_STDINT_H 1
| #define HAVE_UNISTD_H 1
| #define LT_OBJDIR ".libs/"
| #define SIZEOF_SIZE_T 8
| /* end confdefs.h.  */
| #include <stdio.h>
| #ifdef HAVE_SYS_TYPES_H
| # include <sys/types.h>
| #endif
| #ifdef HAVE_SYS_STAT_H
| # include <sys/stat.h>
| #endif
| #ifdef STDC_HEADERS
| # include <stdlib.h>
| # include <stddef.h>
| #else
| # ifdef HAVE_STDLIB_H
| #  include <stdlib.h>
| # endif
| #endif
| #ifdef HAVE_STRING_H
| # if !defined STDC_HEADERS && defined HAVE_MEMORY_H
| #  include <memory.h>
| # endif
| # include <string.h>
| #endif
| #ifdef HAVE_STRINGS_H
| # include <strings.h>
| #endif
| #ifdef HAVE_INTTYPES_H
| # include <inttypes.h>
| #endif
| #ifdef HAVE_STDINT_H
| # include <stdint.h>
| #endif
| #ifdef HAVE_UNISTD_H
| # include <unistd.h>
| #endif
| int
| main ()
| {
| #ifndef __SUNPRO_C
| #ifdef __cplusplus
|   (void) __SUNPRO_C;
| #else
|   (void) __SUNPRO_C;
| #endif
| #endif
| 
|   ;
|   return 0;
| }
Configure:13687: result: no
Configure:13703: checking for ANSI C header files
Configure:13807: result: yes
Configure:13818: checking stddef.h usability
Configure:13818: gcc -c -O3 -Wall conftest.c >&5
Configure:13818: $? = 0
Configure:13818: result: yes
Configure:13818: checking stddef.h presence
Configure:13818: gcc -E -Wall conftest.c
Configure:13818: $? = 0
Configure:13818: result: yes
Configure:13818: checking for stddef.h
Configure:13818: result: yes
Configure:13818: checking for stdlib.h
Configure:13818: result: yes
Configure:13818: checking locale.h usability
Configure:13818: gcc -c -O3 -Wall conftest.c >&5
Configure:13818: $? = 0
Configure:13818: result: yes
Configure:13818: checking locale.h presence
Configure:13818: gcc -E -Wall conftest.c
Configure:13818: $? = 0
Configure:13818: result: yes
Configure:13818: checking for locale.h
Configure:13818: result: yes
Configure:13818: checking for string.h
Configure:13818: result: yes
Configure:13828: checking for sys/types.h
Configure:13828: result: yes
Configure:13838: checking for an ANSI C-conforming const
Configure:13904: gcc -c -O3 -Wall conftest.c >&5
Configure:13904: $? = 0
Configure:13911: result: yes
Configure:13919: checking whether char is unsigned
Configure:13938: gcc -c -O3 -Wall conftest.c >&5
Configure:13938: $? = 0
Configure:13945: result: no
Configure:13952: checking for inline
Configure:13968: gcc -c -O3 -Wall conftest.c >&5
Configure:13968: $? = 0
Configure:13976: result: inline
Configure:13994: checking for size_t
Configure:13994: gcc -c -O3 -Wall conftest.c >&5
Configure:13994: $? = 0
Configure:13994: gcc -c -O3 -Wall conftest.c >&5
conftest.c: In function 'main':
conftest.c:65:21: error: expected expression before ')' token
 if (sizeof ((size_t)))
                     ^
Configure:13994: $? = 1
Configure: failed program was:
| /* confdefs.h */
| #define PACKAGE_NAME "libjpeg-turbo"
| #define PACKAGE_TARNAME "libjpeg-turbo"
| #define PACKAGE_VERSION "1.5.1"
| #define PACKAGE_STRING "libjpeg-turbo 1.5.1"
| #define PACKAGE_BUGREPORT ""
| #define PACKAGE_URL ""
| #define PACKAGE "libjpeg-turbo"
| #define VERSION "1.5.1"
| #define STDC_HEADERS 1
| #define HAVE_SYS_TYPES_H 1
| #define HAVE_SYS_STAT_H 1
| #define HAVE_STDLIB_H 1
| #define HAVE_STRING_H 1
| #define HAVE_MEMORY_H 1
| #define HAVE_STRINGS_H 1
| #define HAVE_INTTYPES_H 1
| #define HAVE_STDINT_H 1
| #define HAVE_UNISTD_H 1
| #define LT_OBJDIR ".libs/"
| #define SIZEOF_SIZE_T 8
| #define STDC_HEADERS 1
| #define HAVE_STDDEF_H 1
| #define HAVE_STDLIB_H 1
| #define HAVE_LOCALE_H 1
| #define HAVE_STRING_H 1
| #define NEED_SYS_TYPES_H 1
| /* end confdefs.h.  */
| #include <stdio.h>
| #ifdef HAVE_SYS_TYPES_H
| # include <sys/types.h>
| #endif
| #ifdef HAVE_SYS_STAT_H
| # include <sys/stat.h>
| #endif
| #ifdef STDC_HEADERS
| # include <stdlib.h>
| # include <stddef.h>
| #else
| # ifdef HAVE_STDLIB_H
| #  include <stdlib.h>
| # endif
| #endif
| #ifdef HAVE_STRING_H
| # if !defined STDC_HEADERS && defined HAVE_MEMORY_H
| #  include <memory.h>
| # endif
| # include <string.h>
| #endif
| #ifdef HAVE_STRINGS_H
| # include <strings.h>
| #endif
| #ifdef HAVE_INTTYPES_H
| # include <inttypes.h>
| #endif
| #ifdef HAVE_STDINT_H
| # include <stdint.h>
| #endif
| #ifdef HAVE_UNISTD_H
| # include <unistd.h>
| #endif
| int
| main ()
| {
| if (sizeof ((size_t)))
| 	    return 0;
|   ;
|   return 0;
| }
Configure:13994: result: yes
Configure:14005: checking for unsigned char
Configure:14005: gcc -c -O3 -Wall conftest.c >&5
Configure:14005: $? = 0
Configure:14005: gcc -c -O3 -Wall conftest.c >&5
conftest.c: In function 'main':
conftest.c:65:28: error: expected expression before ')' token
 if (sizeof ((unsigned char)))
                            ^
Configure:14005: $? = 1
Configure: failed program was:
| /* confdefs.h */
| #define PACKAGE_NAME "libjpeg-turbo"
| #define PACKAGE_TARNAME "libjpeg-turbo"
| #define PACKAGE_VERSION "1.5.1"
| #define PACKAGE_STRING "libjpeg-turbo 1.5.1"
| #define PACKAGE_BUGREPORT ""
| #define PACKAGE_URL ""
| #define PACKAGE "libjpeg-turbo"
| #define VERSION "1.5.1"
| #define STDC_HEADERS 1
| #define HAVE_SYS_TYPES_H 1
| #define HAVE_SYS_STAT_H 1
| #define HAVE_STDLIB_H 1
| #define HAVE_STRING_H 1
| #define HAVE_MEMORY_H 1
| #define HAVE_STRINGS_H 1
| #define HAVE_INTTYPES_H 1
| #define HAVE_STDINT_H 1
| #define HAVE_UNISTD_H 1
| #define LT_OBJDIR ".libs/"
| #define SIZEOF_SIZE_T 8
| #define STDC_HEADERS 1
| #define HAVE_STDDEF_H 1
| #define HAVE_STDLIB_H 1
| #define HAVE_LOCALE_H 1
| #define HAVE_STRING_H 1
| #define NEED_SYS_TYPES_H 1
| /* end confdefs.h.  */
| #include <stdio.h>
| #ifdef HAVE_SYS_TYPES_H
| # include <sys/types.h>
| #endif
| #ifdef HAVE_SYS_STAT_H
| # include <sys/stat.h>
| #endif
| #ifdef STDC_HEADERS
| # include <stdlib.h>
| # include <stddef.h>
| #else
| # ifdef HAVE_STDLIB_H
| #  include <stdlib.h>
| # endif
| #endif
| #ifdef HAVE_STRING_H
| # if !defined STDC_HEADERS && defined HAVE_MEMORY_H
| #  include <memory.h>
| # endif
| # include <string.h>
| #endif
| #ifdef HAVE_STRINGS_H
| # include <strings.h>
| #endif
| #ifdef HAVE_INTTYPES_H
| # include <inttypes.h>
| #endif
| #ifdef HAVE_STDINT_H
| # include <stdint.h>
| #endif
| #ifdef HAVE_UNISTD_H
| # include <unistd.h>
| #endif
| int
| main ()
| {
| if (sizeof ((unsigned char)))
| 	    return 0;
|   ;
|   return 0;
| }
Configure:14005: result: yes
Configure:14014: checking for unsigned short
Configure:14014: gcc -c -O3 -Wall conftest.c >&5
Configure:14014: $? = 0
Configure:14014: gcc -c -O3 -Wall conftest.c >&5
conftest.c: In function 'main':
conftest.c:66:29: error: expected expression before ')' token
 if (sizeof ((unsigned short)))
                             ^
Configure:14014: $? = 1
Configure: failed program was:
| /* confdefs.h */
| #define PACKAGE_NAME "libjpeg-turbo"
| #define PACKAGE_TARNAME "libjpeg-turbo"
| #define PACKAGE_VERSION "1.5.1"
| #define PACKAGE_STRING "libjpeg-turbo 1.5.1"
| #define PACKAGE_BUGREPORT ""
| #define PACKAGE_URL ""
| #define PACKAGE "libjpeg-turbo"
| #define VERSION "1.5.1"
| #define STDC_HEADERS 1
| #define HAVE_SYS_TYPES_H 1
| #define HAVE_SYS_STAT_H 1
| #define HAVE_STDLIB_H 1
| #define HAVE_STRING_H 1
| #define HAVE_MEMORY_H 1
| #define HAVE_STRINGS_H 1
| #define HAVE_INTTYPES_H 1
| #define HAVE_STDINT_H 1
| #define HAVE_UNISTD_H 1
| #define LT_OBJDIR ".libs/"
| #define SIZEOF_SIZE_T 8
| #define STDC_HEADERS 1
| #define HAVE_STDDEF_H 1
| #define HAVE_STDLIB_H 1
| #define HAVE_LOCALE_H 1
| #define HAVE_STRING_H 1
| #define NEED_SYS_TYPES_H 1
| #define HAVE_UNSIGNED_CHAR 1
| /* end confdefs.h.  */
| #include <stdio.h>
| #ifdef HAVE_SYS_TYPES_H
| # include <sys/types.h>
| #endif
| #ifdef HAVE_SYS_STAT_H
| # include <sys/stat.h>
| #endif
| #ifdef STDC_HEADERS
| # include <stdlib.h>
| # include <stddef.h>
| #else
| # ifdef HAVE_STDLIB_H
| #  include <stdlib.h>
| # endif
| #endif
| #ifdef HAVE_STRING_H
| # if !defined STDC_HEADERS && defined HAVE_MEMORY_H
| #  include <memory.h>
| # endif
| # include <string.h>
| #endif
| #ifdef HAVE_STRINGS_H
| # include <strings.h>
| #endif
| #ifdef HAVE_INTTYPES_H
| # include <inttypes.h>
| #endif
| #ifdef HAVE_STDINT_H
| # include <stdint.h>
| #endif
| #ifdef HAVE_UNISTD_H
| # include <unistd.h>
| #endif
| int
| main ()
| {
| if (sizeof ((unsigned short)))
| 	    return 0;
|   ;
|   return 0;
| }
Configure:14014: result: yes
Configure:14025: checking if right shift is signed
Configure:14054: gcc -o conftest.exe -O3 -Wall  conftest.c  >&5
conftest.c: In function 'main':
conftest.c:49:6: warning: implicit declaration of function 'exit' [-Wimplicit-function-declaration]
      exit(is_shifting_signed(-0x7F7E80B1L));
      ^~~~
conftest.c:49:6: warning: incompatible implicit declaration of built-in function 'exit'
conftest.c:49:6: note: include '<stdlib.h>' or provide a declaration of 'exit'
conftest.c:32:1:
+#include <stdlib.h>
    int is_shifting_signed (long arg) {
conftest.c:49:6:
      exit(is_shifting_signed(-0x7F7E80B1L));
      ^~~~
Configure:14054: $? = 0
Configure:14054: ./conftest.exe
Configure:14054: $? = 1
Configure: program exited with status 1
Configure: failed program was:
| /* confdefs.h */
| #define PACKAGE_NAME "libjpeg-turbo"
| #define PACKAGE_TARNAME "libjpeg-turbo"
| #define PACKAGE_VERSION "1.5.1"
| #define PACKAGE_STRING "libjpeg-turbo 1.5.1"
| #define PACKAGE_BUGREPORT ""
| #define PACKAGE_URL ""
| #define PACKAGE "libjpeg-turbo"
| #define VERSION "1.5.1"
| #define STDC_HEADERS 1
| #define HAVE_SYS_TYPES_H 1
| #define HAVE_SYS_STAT_H 1
| #define HAVE_STDLIB_H 1
| #define HAVE_STRING_H 1
| #define HAVE_MEMORY_H 1
| #define HAVE_STRINGS_H 1
| #define HAVE_INTTYPES_H 1
| #define HAVE_STDINT_H 1
| #define HAVE_UNISTD_H 1
| #define LT_OBJDIR ".libs/"
| #define SIZEOF_SIZE_T 8
| #define STDC_HEADERS 1
| #define HAVE_STDDEF_H 1
| #define HAVE_STDLIB_H 1
| #define HAVE_LOCALE_H 1
| #define HAVE_STRING_H 1
| #define NEED_SYS_TYPES_H 1
| #define HAVE_UNSIGNED_CHAR 1
| #define HAVE_UNSIGNED_SHORT 1
| /* end confdefs.h.  */
| #include <stdio.h>
|    int is_shifting_signed (long arg) {
|      long res = arg >> 4;
| 
|      if (res == -0x7F7E80CL)
|        return 1; /* right shift is signed */
| 
|      /* see if unsigned-shift hack will fix it. */
|      /* we can't just test exact value since it depends on width of long... */
|      res |= (~0L) << (32-4);
|      if (res == -0x7F7E80CL)
|        return 0; /* right shift is unsigned */
| 
|      printf("Right shift isn't acting as I expect it to.\n");
|      printf("I fear the JPEG software will not work at all.\n\n");
|      return 0; /* try it with unsigned anyway */
|    }
|    int main (void) {
|      exit(is_shifting_signed(-0x7F7E80B1L));
|    }
Configure:14061: result: yes
Configure:14073: checking for memset
Configure:14073: gcc -o conftest.exe -O3 -Wall  conftest.c  >&5
conftest.c:54:6: warning: conflicting types for built-in function 'memset' [-Wbuiltin-declaration-mismatch]
 char memset ();
      ^~~~~~
Configure:14073: $? = 0
Configure:14073: result: yes
Configure:14073: checking for memcpy
Configure:14073: gcc -o conftest.exe -O3 -Wall  conftest.c  >&5
conftest.c:55:6: warning: conflicting types for built-in function 'memcpy' [-Wbuiltin-declaration-mismatch]
 char memcpy ();
      ^~~~~~
Configure:14073: $? = 0
Configure:14073: result: yes
Configure:14087: checking libjpeg API version
Configure:14115: result: 6.2
Configure:14144: checking whether to include in-memory source/destination managers
Configure:14153: result: yes
Configure:14167: checking libjpeg shared library version
Configure:14169: result: 62.2.0
Configure:14205: checking whether the linker supports version scripts
Configure:14225: gcc -o conftest.exe -O3 -Wall  -Wl,--version-script,conftest.map conftest.c  >&5
Configure:14225: $? = 0
Configure:14227: result: yes (GNU style)
Configure:14260: checking whether to use version script when building libjpeg-turbo
Configure:14262: result: yes
Configure:14276: checking for inline
Configure:14291: gcc -c -O3 -Wall conftest.c >&5
Configure:14291: $? = 0
Configure:14346: result: inline __attribute__((always_inline))
Configure:14355: checking whether to include arithmetic encoding support
Configure:14377: result: yes
Configure:14389: checking whether to include arithmetic decoding support
Configure:14411: result: yes
Configure:14433: checking whether to use 12-bit samples
Configure:14448: result: no
Configure:14461: checking whether to build TurboJPEG C wrapper
Configure:14477: result: yes
Configure:14501: checking whether to build TurboJPEG Java wrapper
Configure:14557: result: no
Configure:14607: checking if we have SIMD optimisations for cpu type
Configure:14611: result: yes (x86_64)
Configure:14621: checking for nasm
Configure:14651: result: no
Configure:14621: checking for nasmw
Configure:14651: result: no
Configure:14621: checking for yasm
Configure:14637: found /usr/bin/yasm
Configure:14648: result: yasm
Configure:14662: checking for object file format of host system
Configure:14736: result: Win64-COFF
Configure:14744: checking for object file format specifier (NAFLAGS) 
Configure:14759: result: -fwin64 -DWIN64 -D__x86_64__
Configure:14763: checking whether the assembler (yasm -fwin64 -DWIN64 -D__x86_64__) works
Configure:14774: yasm -fwin64 -DWIN64 -D__x86_64__ -o conftest.o conftest.asm
Configure:14777: $? = 0
Configure:14779: result: yes
Configure:14790: checking whether the linker accepts assembler output
Configure:14793: gcc -o conftest.exe  conftest.o  1>&5
Configure:14796: $? = 0
Configure:14799: result: yes
Configure:15521: checking that generated files are newer than configure
Configure:15527: result: done
Configure:15626: creating ./config.status

## ---------------- ##
## Cache variables. ##
## ---------------- ##

ac_cv_build=x86_64-w64-mingw32
ac_cv_c_char_unsigned=no
ac_cv_c_compiler_gnu=yes
ac_cv_c_const=yes
ac_cv_c_inline=inline
ac_cv_env_CCASFLAGS_set=
ac_cv_env_CCASFLAGS_value=
ac_cv_env_CCAS_set=
ac_cv_env_CCAS_value=
ac_cv_env_CC_set=
ac_cv_env_CC_value=
ac_cv_env_CFLAGS_set=
ac_cv_env_CFLAGS_value=
ac_cv_env_CPPFLAGS_set=
ac_cv_env_CPPFLAGS_value=
ac_cv_env_CPP_set=
ac_cv_env_CPP_value=
ac_cv_env_JAR_set=
ac_cv_env_JAR_value=
ac_cv_env_JAVACFLAGS_set=
ac_cv_env_JAVACFLAGS_value=
ac_cv_env_JAVAC_set=
ac_cv_env_JAVAC_value=
ac_cv_env_JAVA_set=
ac_cv_env_JAVA_value=
ac_cv_env_JNI_CFLAGS_set=
ac_cv_env_JNI_CFLAGS_value=
ac_cv_env_JPEG_LIB_VERSION_set=
ac_cv_env_JPEG_LIB_VERSION_value=
ac_cv_env_LDFLAGS_set=
ac_cv_env_LDFLAGS_value=
ac_cv_env_LIBS_set=
ac_cv_env_LIBS_value=
ac_cv_env_LT_SYS_LIBRARY_PATH_set=
ac_cv_env_LT_SYS_LIBRARY_PATH_value=
ac_cv_env_NASM_set=
ac_cv_env_NASM_value=
ac_cv_env_PKGNAME_set=
ac_cv_env_PKGNAME_value=
ac_cv_env_PKG_CONFIG_LIBDIR_set=
ac_cv_env_PKG_CONFIG_LIBDIR_value=
ac_cv_env_PKG_CONFIG_PATH_set=set
ac_cv_env_PKG_CONFIG_PATH_value=/mingw64/lib/pkgconfig:/mingw64/share/pkgconfig
ac_cv_env_PKG_CONFIG_set=
ac_cv_env_PKG_CONFIG_value=
ac_cv_env_SO_MAJOR_VERSION_set=
ac_cv_env_SO_MAJOR_VERSION_value=
ac_cv_env_SO_MINOR_VERSION_set=
ac_cv_env_SO_MINOR_VERSION_value=
ac_cv_env_build_alias_set=
ac_cv_env_build_alias_value=
ac_cv_env_host_alias_set=
ac_cv_env_host_alias_value=
ac_cv_env_target_alias_set=
ac_cv_env_target_alias_value=
ac_cv_exeext=.exe
ac_cv_func_memcpy=yes
ac_cv_func_memset=yes
ac_cv_have_decl___SUNPRO_C=no
ac_cv_header_dlfcn_h=no
ac_cv_header_inttypes_h=yes
ac_cv_header_locale_h=yes
ac_cv_header_memory_h=yes
ac_cv_header_stdc=yes
ac_cv_header_stddef_h=yes
ac_cv_header_stdint_h=yes
ac_cv_header_stdlib_h=yes
ac_cv_header_string_h=yes
ac_cv_header_strings_h=yes
ac_cv_header_sys_stat_h=yes
ac_cv_header_sys_types_h=yes
ac_cv_header_unistd_h=yes
ac_cv_host=x86_64-w64-mingw32
ac_cv_objext=o
ac_cv_path_EGREP='/usr/bin/grep -E'
ac_cv_path_FGREP='/usr/bin/grep -F'
ac_cv_path_GREP=/usr/bin/grep
ac_cv_path_SED=/usr/bin/sed
ac_cv_path_ac_pt_PKG_CONFIG=/mingw64/bin/pkg-config
ac_cv_path_install='/usr/bin/install -c'
ac_cv_path_lt_DD=/usr/bin/dd
ac_cv_path_mkdir=/usr/bin/mkdir
ac_cv_prog_AWK=gawk
ac_cv_prog_CPP='gcc -E'
ac_cv_prog_NASM=yasm
ac_cv_prog_ac_ct_AR=ar
ac_cv_prog_ac_ct_CC=gcc
ac_cv_prog_ac_ct_DLLTOOL=dlltool
ac_cv_prog_ac_ct_OBJDUMP=objdump
ac_cv_prog_ac_ct_RANLIB=ranlib
ac_cv_prog_ac_ct_STRIP=strip
ac_cv_prog_cc_c89=
ac_cv_prog_cc_g=yes
ac_cv_prog_make_make_set=yes
ac_cv_sizeof_size_t=8
ac_cv_type_size_t=yes
ac_cv_type_unsigned_char=yes
ac_cv_type_unsigned_short=yes
am_cv_CCAS_dependencies_compiler_type=gcc3
am_cv_CC_dependencies_compiler_type=gcc3
am_cv_ar_interface=ar
am_cv_make_support_nested_variables=yes
am_cv_prog_cc_c_o=yes
ljt_cv_inline='inline __attribute__((always_inline))'
lt_cv_ar_at_file=@
lt_cv_archive_cmds_need_lc=yes
lt_cv_deplibs_check_method='file_magic ^x86 archive import|^x86 DLL'
lt_cv_file_magic_cmd=func_win32_libid
lt_cv_file_magic_test_file=
lt_cv_ld_reload_flag=-r
lt_cv_nm_interface='BSD nm'
lt_cv_objdir=.libs
lt_cv_path_LD=C:/msys64/mingw64/x86_64-w64-mingw32/bin/ld.exe
lt_cv_path_NM='/mingw64/bin/nm -B'
lt_cv_path_mainfest_tool=no
lt_cv_prog_compiler_c_o=yes
lt_cv_prog_compiler_pic='-DDLL_EXPORT -DPIC'
lt_cv_prog_compiler_pic_works=yes
lt_cv_prog_compiler_rtti_exceptions=no
lt_cv_prog_compiler_static_works=yes
lt_cv_prog_gnu_ld=yes
lt_cv_sharedlib_from_linklib_cmd=func_cygming_dll_for_implib
lt_cv_sys_global_symbol_pipe='sed -n -e '\''s/^.*[	 ]\([ABCDGIRSTW][ABCDGIRSTW]*\)[	 ][	 ]*\([_A-Za-z][_A-Za-z0-9]*\)\{0,1\}$/\1 \2 \2/p'\'' | sed '\''/ __gnu_lto/d'\'''
lt_cv_sys_global_symbol_to_c_name_address='sed -n -e '\''s/^: \(.*\) .*$/  {"\1", (void *) 0},/p'\'' -e '\''s/^[ABCDGIRSTW][ABCDGIRSTW]* .* \(.*\)$/  {"\1", (void *) \&\1},/p'\'''
lt_cv_sys_global_symbol_to_c_name_address_lib_prefix='sed -n -e '\''s/^: \(.*\) .*$/  {"\1", (void *) 0},/p'\'' -e '\''s/^[ABCDGIRSTW][ABCDGIRSTW]* .* \(lib.*\)$/  {"\1", (void *) \&\1},/p'\'' -e '\''s/^[ABCDGIRSTW][ABCDGIRSTW]* .* \(.*\)$/  {"lib\1", (void *) \&\1},/p'\'''
lt_cv_sys_global_symbol_to_cdecl='sed -n -e '\''s/^T .* \(.*\)$/extern int \1();/p'\'' -e '\''s/^[ABCDGIRSTW][ABCDGIRSTW]* .* \(.*\)$/extern char \1;/p'\'''
lt_cv_sys_global_symbol_to_import=
lt_cv_sys_max_cmd_len=8192
lt_cv_to_host_file_cmd=func_convert_file_msys_to_w32
lt_cv_to_tool_file_cmd=func_convert_file_msys_to_w32
lt_cv_truncate_bin='/usr/bin/dd bs=4096 count=1'

## ----------------- ##
## Output variables. ##
## ----------------- ##

ACLOCAL='${SHELL} /c/developpement/git/Regards/libextern/libjpeg-turbo-1.5.1/missing aclocal-1.15'
AMDEPBACKSLASH='\'
AMDEP_FALSE='#'
AMDEP_TRUE=''
AMTAR='$${TAR-tar}'
AM_BACKSLASH='\'
AM_DEFAULT_V='$(AM_DEFAULT_VERBOSITY)'
AM_DEFAULT_VERBOSITY='0'
AM_V='$(V)'
AR='ar'
AUTOCONF='${SHELL} /c/developpement/git/Regards/libextern/libjpeg-turbo-1.5.1/missing autoconf'
AUTOHEADER='${SHELL} /c/developpement/git/Regards/libextern/libjpeg-turbo-1.5.1/missing autoheader'
AUTOMAKE='${SHELL} /c/developpement/git/Regards/libextern/libjpeg-turbo-1.5.1/missing automake-1.15'
AWK='gawk'
BUILD='20190306'
CC='gcc'
CCAS='gcc'
CCASDEPMODE='depmode=gcc3'
CCASFLAGS='-g -O2'
CCDEPMODE='depmode=gcc3'
CFLAGS='-O3'
CPP='gcc -E'
CPPFLAGS='-Wall'
CROSS_COMPILING_FALSE=''
CROSS_COMPILING_TRUE='#'
CYGPATH_W='cygpath -w'
DEBARCH='amd64'
DEFS='-DHAVE_CONFIG_H'
DEPDIR='.deps'
DLLTOOL='dlltool'
DSYMUTIL=''
DUMPBIN=''
ECHO_C=''
ECHO_N='-n'
ECHO_T=''
EGREP='/usr/bin/grep -E'
EXEEXT='.exe'
FGREP='/usr/bin/grep -F'
GREP='/usr/bin/grep'
INSTALL_DATA='${INSTALL} -m 644'
INSTALL_PROGRAM='${INSTALL}'
INSTALL_SCRIPT='${INSTALL}'
INSTALL_STRIP_PROGRAM='$(install_sh) -c -s'
JAR='jar'
JAVA='java'
JAVAC='javac'
JAVACFLAGS=''
JAVA_RPM_CONTENTS_1=''
JAVA_RPM_CONTENTS_2=''
JNI_CFLAGS=''
JPEG_LIB_VERSION='62'
JPEG_LIB_VERSION_DECIMAL='6.2'
LD='C:/msys64/mingw64/x86_64-w64-mingw32/bin/ld.exe'
LDFLAGS=''
LIBOBJS=''
LIBS=''
LIBTOOL='$(SHELL) $(top_builddir)/libtool'
LIBTOOL_CURRENT='64'
LIPO=''
LN_S='cp -pR'
LTLIBOBJS=''
LT_SYS_LIBRARY_PATH=''
MAKEINFO='${SHELL} /c/developpement/git/Regards/libextern/libjpeg-turbo-1.5.1/missing makeinfo'
MANIFEST_TOOL=':'
MEM_SRCDST_FUNCTIONS='global:  jpeg_mem_dest;  jpeg_mem_src;'
MKDIR_P='/usr/bin/mkdir -p'
NAFLAGS='-fwin64 -DWIN64 -D__x86_64__'
NASM='yasm'
NM='/mingw64/bin/nm -B'
NMEDIT=''
OBJDUMP='objdump'
OBJEXT='o'
OTOOL64=''
OTOOL=''
PACKAGE='libjpeg-turbo'
PACKAGE_BUGREPORT=''
PACKAGE_NAME='libjpeg-turbo'
PACKAGE_STRING='libjpeg-turbo 1.5.1'
PACKAGE_TARNAME='libjpeg-turbo'
PACKAGE_URL=''
PACKAGE_VERSION='1.5.1'
PATH_SEPARATOR=':'
PKGNAME='libjpeg-turbo'
PKG_CONFIG='/mingw64/bin/pkg-config'
PKG_CONFIG_LIBDIR=''
PKG_CONFIG_PATH='/mingw64/lib/pkgconfig:/mingw64/share/pkgconfig'
RANLIB='ranlib'
RPMARCH='x86_64'
RPM_CONFIG_ARGS=''
SED='/usr/bin/sed'
SET_MAKE=''
SHELL='/bin/sh'
SIMD_ARM_64_FALSE=''
SIMD_ARM_64_TRUE='#'
SIMD_ARM_FALSE=''
SIMD_ARM_TRUE='#'
SIMD_I386_FALSE=''
SIMD_I386_TRUE='#'
SIMD_MIPS_FALSE=''
SIMD_MIPS_TRUE='#'
SIMD_POWERPC_FALSE=''
SIMD_POWERPC_TRUE='#'
SIMD_X86_64_FALSE='#'
SIMD_X86_64_TRUE=''
SO_AGE='2'
SO_MAJOR_VERSION='62'
SO_MINOR_VERSION='0'
STRIP='strip'
VERSION='1.5.1'
VERSION_SCRIPT_FALSE='#'
VERSION_SCRIPT_FLAG='-Wl,--version-script,'
VERSION_SCRIPT_TRUE=''
WITH_12BIT_FALSE=''
WITH_12BIT_TRUE='#'
WITH_ARITH_DEC_FALSE='#'
WITH_ARITH_DEC_TRUE=''
WITH_ARITH_ENC_FALSE='#'
WITH_ARITH_ENC_TRUE=''
WITH_ARITH_FALSE='#'
WITH_ARITH_TRUE=''
WITH_JAVA='0'
WITH_JAVA_FALSE=''
WITH_JAVA_TRUE='#'
WITH_SIMD_FALSE='#'
WITH_SIMD_TRUE=''
WITH_SSE_FLOAT_DCT_FALSE='#'
WITH_SSE_FLOAT_DCT_TRUE=''
WITH_TURBOJPEG_FALSE='#'
WITH_TURBOJPEG_TRUE=''
X86_64_FALSE='#'
X86_64_TRUE=''
ac_ct_AR='ar'
ac_ct_CC='gcc'
ac_ct_DUMPBIN=''
am__EXEEXT_FALSE='#'
am__EXEEXT_TRUE=''
am__fastdepCCAS_FALSE='#'
am__fastdepCCAS_TRUE=''
am__fastdepCC_FALSE='#'
am__fastdepCC_TRUE=''
am__include='include'
am__isrc=''
am__leading_dot='.'
am__nodep='_no'
am__quote=''
am__tar='$${TAR-tar} chof - "$$tardir"'
am__untar='$${TAR-tar} xf -'
bindir='${exec_prefix}/bin'
build='x86_64-w64-mingw32'
build_alias='x86_64-w64-mingw32'
build_cpu='x86_64'
build_os='mingw32'
build_vendor='w64'
datadir='${datarootdir}'
datarootdir='${prefix}/share'
docdir='${datarootdir}/doc/${PACKAGE_TARNAME}'
dvidir='${docdir}'
exec_prefix='${prefix}'
host='x86_64-w64-mingw32'
host_alias=''
host_cpu='x86_64'
host_os='mingw32'
host_vendor='w64'
htmldir='${docdir}'
includedir='${prefix}/include'
infodir='${datarootdir}/info'
install_sh='${SHELL} /c/developpement/git/Regards/libextern/libjpeg-turbo-1.5.1/install-sh'
libdir='${exec_prefix}/lib'
libexecdir='${exec_prefix}/libexec'
localedir='${datarootdir}/locale'
localstatedir='${prefix}/var'
mandir='${datarootdir}/man'
mkdir_p='$(MKDIR_P)'
oldincludedir='/usr/include'
pdfdir='${docdir}'
prefix='/mingw64'
program_transform_name='s,x,x,'
psdir='${docdir}'
sbindir='${exec_prefix}/sbin'
sharedstatedir='${prefix}/com'
sysconfdir='${prefix}/etc'
target_alias=''

## ----------- ##
## confdefs.h. ##
## ----------- ##

/* confdefs.h */
#define PACKAGE_NAME "libjpeg-turbo"
#define PACKAGE_TARNAME "libjpeg-turbo"
#define PACKAGE_VERSION "1.5.1"
#define PACKAGE_STRING "libjpeg-turbo 1.5.1"
#define PACKAGE_BUGREPORT ""
#define PACKAGE_URL ""
#define PACKAGE "libjpeg-turbo"
#define VERSION "1.5.1"
#define STDC_HEADERS 1
#define HAVE_SYS_TYPES_H 1
#define HAVE_SYS_STAT_H 1
#define HAVE_STDLIB_H 1
#define HAVE_STRING_H 1
#define HAVE_MEMORY_H 1
#define HAVE_STRINGS_H 1
#define HAVE_INTTYPES_H 1
#define HAVE_STDINT_H 1
#define HAVE_UNISTD_H 1
#define LT_OBJDIR ".libs/"
#define SIZEOF_SIZE_T 8
#define STDC_HEADERS 1
#define HAVE_STDDEF_H 1
#define HAVE_STDLIB_H 1
#define HAVE_LOCALE_H 1
#define HAVE_STRING_H 1
#define NEED_SYS_TYPES_H 1
#define HAVE_UNSIGNED_CHAR 1
#define HAVE_UNSIGNED_SHORT 1
#define HAVE_MEMSET 1
#define HAVE_MEMCPY 1
#define JPEG_LIB_VERSION 62
#define MEM_SRCDST_SUPPORTED 1
#define LIBJPEG_TURBO_VERSION 1.5.1
#define LIBJPEG_TURBO_VERSION_NUMBER 1005001
#define INLINE inline __attribute__((always_inline))
#define C_ARITH_CODING_SUPPORTED 1
#define D_ARITH_CODING_SUPPORTED 1
#define WITH_SIMD 1
#define BUILD "20190306"

Configure: exit 0

## ---------------------- ##
## Running config.status. ##
## ---------------------- ##

This file was extended by libjpeg-turbo config.status 1.5.1, which was
generated by GNU Autoconf 2.69.  Invocation command line was

  CONFIG_FILES    = 
  CONFIG_HEADERS  = 
  CONFIG_LINKS    = 
  CONFIG_COMMANDS = 
  $ ./config.status 

on LAPTOP-C27IAGV2

config.status:1196: creating pkgscripts/libjpeg-turbo.spec.tmpl
config.status:1196: creating pkgscripts/makecygwinpkg.tmpl
config.status:1196: creating pkgscripts/makedpkg.tmpl
config.status:1196: creating pkgscripts/makemacpkg.tmpl
config.status:1196: creating pkgscripts/uninstall.tmpl
config.status:1196: creating pkgscripts/libjpeg.pc
config.status:1196: creating pkgscripts/libturbojpeg.pc
config.status:1196: creating tjbenchtest
config.status:1196: creating libjpeg.map
config.status:1196: creating Makefile
config.status:1196: creating simd/Makefile
config.status:1196: creating java/Makefile
config.status:1196: creating md5/Makefile
config.status:1196: creating config.h
config.status:1377: config.h is unchanged
config.status:1196: creating jconfig.h
config.status:1377: jconfig.h is unchanged
config.status:1196: creating jconfigint.h
config.status:1377: jconfigint.h is unchanged
config.status:1425: executing depfiles commands
config.status:1425: executing libtool commands

## ---------------------- ##
## Running config.status. ##
## ---------------------- ##

This file was extended by libjpeg-turbo config.status 1.5.1, which was
generated by GNU Autoconf 2.69.  Invocation command line was

  CONFIG_FILES    = 
  CONFIG_HEADERS  = 
  CONFIG_LINKS    = 
  CONFIG_COMMANDS = 
  $ ./config.status config.h

on LAPTOP-C27IAGV2

config.status:1196: creating config.h
config.status:1377: config.h is unchanged
