This file contains any messages produced by compilers while
running configure, to aid debugging if configure makes a mistake.

It was created by libmng configure 2.0.3, which was
generated by GNU Autoconf 2.69.  Invocation command line was

  $ ./configure 

## --------- ##
## Platform. ##
## --------- ##

hostname = surface
uname -m = x86_64
uname -r = 2.6.0(0.304/5/3)
uname -s = MINGW64_NT-10.0
uname -v = 2016-09-07 20:45

/usr/bin/uname -p = unknown
/bin/uname -X     = unknown

/bin/arch              = x86_64
/usr/bin/arch -k       = unknown
/usr/convex/getsysinfo = unknown
/usr/bin/hostinfo      = unknown
/bin/machine           = unknown
/usr/bin/oslevel       = unknown
/bin/universe          = unknown

PATH: /mingw64/bin
PATH: /usr/local/bin
PATH: /usr/bin
PATH: /bin
PATH: /c/Windows/System32
PATH: /c/Windows
PATH: /c/Windows/System32/Wbem
PATH: /c/Windows/System32/WindowsPowerShell/v1.0/


## ----------- ##
## Core tests. ##
## ----------- ##

configure:2140: loading site script /mingw64/etc/config.site
| # This file is in public domain.
| # Original author: Karlson2k (Evgeny Grin)
| # Written for MSys2/MinGW64 to help running 'configure' scripts
| 
| # Defaults for MinGW64-targeted programs
| 
| # Set proper selfname on bash and fallback to default name on other shells
| test -n "${BASH_SOURCE}" 2>/dev/null && config_site_me="${BASH_SOURCE[0]##*/}" || config_site_me=config.site
| 
| # Set default 'host' to speedup configure
| if test -z "$build_alias"; then
|   build_alias="${MSYSTEM_CHOST-x86_64-w64-mingw32}" && \
|     $as_echo "$config_site_me:${as_lineno-$LINENO}: default build_alias set to $build_alias" >&5 
| fi
| 
| # Set default 'prefix' to "/mingw64"
| if ( test -z "$prefix" || test "x$prefix" = "xNONE" ) && \
|    ( test -z "$exec_prefix" || test "x$exec_prefix" = "xNONE" ); then
|   prefix="${MSYSTEM_PREFIX-/mingw64}" && \
|     $as_echo "$config_site_me:${as_lineno-$LINENO}: default prefix set to $prefix" >&5
| fi
config.site:13: default build_alias set to x86_64-w64-mingw32
config.site:20: default prefix set to /mingw64
configure:2295: checking for a BSD-compatible install
configure:2363: result: /usr/bin/install -c
configure:2374: checking whether build environment is sane
configure:2429: result: yes
configure:2580: checking for a thread-safe mkdir -p
configure:2619: result: /usr/bin/mkdir -p
configure:2626: checking for gawk
configure:2642: found /usr/bin/gawk
configure:2653: result: gawk
configure:2664: checking whether make sets $(MAKE)
configure:2686: result: yes
configure:2715: checking whether make supports nested variables
configure:2732: result: yes
configure:2878: checking for gcc
configure:2894: found /mingw64/bin/gcc
configure:2905: result: gcc
configure:3134: checking for C compiler version
configure:3143: gcc --version >&5
gcc.exe (Rev1, Built by MSYS2 project) 7.2.0
Copyright (C) 2017 Free Software Foundation, Inc.
This is free software; see the source for copying conditions.  There is NO
warranty; not even for MERCHANTABILITY or FITNESS FOR A PARTICULAR PURPOSE.

configure:3154: $? = 0
configure:3143: gcc -v >&5
Using built-in specs.
COLLECT_GCC=C:\msys64\mingw64\bin\gcc.exe
COLLECT_LTO_WRAPPER=C:/msys64/mingw64/bin/../lib/gcc/x86_64-w64-mingw32/7.2.0/lto-wrapper.exe
Target: x86_64-w64-mingw32
Configured with: ../gcc-7.2.0/configure --prefix=/mingw64 --with-local-prefix=/mingw64/local --build=x86_64-w64-mingw32 --host=x86_64-w64-mingw32 --target=x86_64-w64-mingw32 --with-native-system-header-dir=/mingw64/x86_64-w64-mingw32/include --libexecdir=/mingw64/lib --enable-bootstrap --with-arch=x86-64 --with-tune=generic --enable-languages=c,lto,c++,objc,obj-c++,fortran,ada --enable-shared --enable-static --enable-libatomic --enable-threads=posix --enable-graphite --enable-fully-dynamic-string --enable-libstdcxx-time=yes --disable-libstdcxx-pch --disable-libstdcxx-debug --disable-isl-version-check --enable-lto --enable-libgomp --disable-multilib --enable-checking=release --disable-rpath --disable-win32-registry --disable-nls --disable-werror --disable-symvers --with-libiconv --with-system-zlib --with-gmp=/mingw64 --with-mpfr=/mingw64 --with-mpc=/mingw64 --with-isl=/mingw64 --with-pkgversion='Rev1, Built by MSYS2 project' --with-bugurl=https://sourceforge.net/projects/msys2 --with-gnu-as --with-gnu-ld
Thread model: posix
gcc version 7.2.0 (Rev1, Built by MSYS2 project) 
configure:3154: $? = 0
configure:3143: gcc -V >&5
gcc.exe: error: unrecognized command line option '-V'
gcc.exe: fatal error: no input files
compilation terminated.
configure:3154: $? = 1
configure:3143: gcc -qversion >&5
gcc.exe: error: unrecognized command line option '-qversion'; did you mean '--version'?
gcc.exe: fatal error: no input files
compilation terminated.
configure:3154: $? = 1
configure:3174: checking whether the C compiler works
configure:3196: gcc    conftest.c  >&5
configure:3200: $? = 0
configure:3248: result: yes
configure:3251: checking for C compiler default output file name
configure:3253: result: a.exe
configure:3259: checking for suffix of executables
configure:3266: gcc -o conftest.exe    conftest.c  >&5
configure:3270: $? = 0
configure:3292: result: .exe
configure:3314: checking whether we are cross compiling
configure:3322: gcc -o conftest.exe    conftest.c  >&5
configure:3326: $? = 0
configure:3333: ./conftest.exe
configure:3337: $? = 0
configure:3352: result: no
configure:3357: checking for suffix of object files
configure:3379: gcc -c   conftest.c >&5
configure:3383: $? = 0
configure:3404: result: o
configure:3408: checking whether we are using the GNU C compiler
configure:3427: gcc -c   conftest.c >&5
configure:3427: $? = 0
configure:3436: result: yes
configure:3445: checking whether gcc accepts -g
configure:3465: gcc -c -g  conftest.c >&5
configure:3465: $? = 0
configure:3506: result: yes
configure:3523: checking for gcc option to accept ISO C89
configure:3586: gcc  -c -g -O2  conftest.c >&5
configure:3586: $? = 0
configure:3599: result: none needed
configure:3630: checking for style of include used by make
configure:3658: result: GNU
configure:3684: checking dependency style of gcc
configure:3795: result: none
configure:3811: checking for library containing strerror
configure:3842: gcc -o conftest.exe -g -O2   conftest.c  >&5
configure:3842: $? = 0
configure:3859: result: none required
configure:3896: checking build system type
configure:3910: result: x86_64-w64-mingw32
configure:3930: checking host system type
configure:3943: result: x86_64-w64-mingw32
configure:3984: checking how to print strings
configure:4011: result: printf
configure:4032: checking for a sed that does not truncate output
configure:4096: result: /usr/bin/sed
configure:4114: checking for grep that handles long lines and -e
configure:4172: result: /usr/bin/grep
configure:4177: checking for egrep
configure:4239: result: /usr/bin/grep -E
configure:4244: checking for fgrep
configure:4306: result: /usr/bin/grep -F
configure:4341: checking for ld used by gcc
configure:4408: result: C:/msys64/mingw64/x86_64-w64-mingw32/bin/ld.exe
configure:4415: checking if the linker (C:/msys64/mingw64/x86_64-w64-mingw32/bin/ld.exe) is GNU ld
configure:4430: result: yes
configure:4442: checking for BSD- or MS-compatible name lister (nm)
configure:4491: result: /mingw64/bin/nm -B
configure:4621: checking the name lister (/mingw64/bin/nm -B) interface
configure:4628: gcc -c -g -O2  conftest.c >&5
configure:4631: /mingw64/bin/nm -B "conftest.o"
configure:4634: output
0000000000000000 b .bss
0000000000000000 d .data
0000000000000000 N .debug_abbrev
0000000000000000 N .debug_aranges
0000000000000000 N .debug_info
0000000000000000 N .debug_line
0000000000000000 r .rdata$zzz
0000000000000000 t .text
0000000000000000 B some_variable
configure:4641: result: BSD nm
configure:4644: checking whether ln -s works
configure:4651: result: no, using cp -pR
configure:4656: checking the maximum length of command line arguments
configure:4781: result: 8192
configure:4798: checking whether the shell understands some XSI constructs
configure:4808: result: yes
configure:4812: checking whether the shell understands "+="
configure:4818: result: yes
configure:4853: checking how to convert x86_64-w64-mingw32 file names to x86_64-w64-mingw32 format
configure:4893: result: func_convert_file_msys_to_w32
configure:4900: checking how to convert x86_64-w64-mingw32 file names to toolchain format
configure:4920: result: func_convert_file_msys_to_w32
configure:4927: checking for C:/msys64/mingw64/x86_64-w64-mingw32/bin/ld.exe option to reload object files
configure:4934: result: -r
configure:5008: checking for objdump
configure:5024: found /mingw64/bin/objdump
configure:5035: result: objdump
configure:5067: checking how to recognize dependent libraries
configure:5269: result: file_magic ^x86 archive import|^x86 DLL
configure:5354: checking for dlltool
configure:5370: found /mingw64/bin/dlltool
configure:5381: result: dlltool
configure:5414: checking how to associate runtime and link libraries
configure:5441: result: func_cygming_dll_for_implib
configure:5501: checking for ar
configure:5517: found /mingw64/bin/ar
configure:5528: result: ar
configure:5565: checking for archiver @FILE support
configure:5582: gcc -c -g -O2  conftest.c >&5
configure:5582: $? = 0
configure:5585: ar cru libconftest.a @conftest.lst >&5
configure:5588: $? = 0
configure:5593: ar cru libconftest.a @conftest.lst >&5
C:\msys64\mingw64\bin\ar.exe: conftest.o: No such file or directory
configure:5596: $? = 1
configure:5608: result: @
configure:5666: checking for strip
configure:5682: found /mingw64/bin/strip
configure:5693: result: strip
configure:5765: checking for ranlib
configure:5781: found /mingw64/bin/ranlib
configure:5792: result: ranlib
configure:5894: checking command to parse /mingw64/bin/nm -B output from gcc object
configure:6013: gcc -c -g -O2  conftest.c >&5
configure:6016: $? = 0
configure:6020: /mingw64/bin/nm -B conftest.o \| sed -n -e 's/^.*[ ]\([ABCDGIRSTW][ABCDGIRSTW]*\)[ ][ ]*\([_A-Za-z][_A-Za-z0-9]*\)\{0,1\}$/\1 \2 \2/p' | sed '/ __gnu_lto/d' \> conftest.nm
configure:6023: $? = 0
configure:6089: gcc -o conftest.exe -g -O2   conftest.c conftstm.o >&5
configure:6092: $? = 0
configure:6130: result: ok
configure:6167: checking for sysroot
configure:6197: result: no
configure:6440: checking for mt
configure:6470: result: no
configure:6490: checking if : is a manifest tool
configure:6496: : '-?'
configure:6504: result: no
configure:7136: checking how to run the C preprocessor
configure:7167: gcc -E  conftest.c
configure:7167: $? = 0
configure:7181: gcc -E  conftest.c
conftest.c:16:10: fatal error: ac_nonexistent.h: No such file or directory
 #include <ac_nonexistent.h>
          ^~~~~~~~~~~~~~~~~~
compilation terminated.
configure:7181: $? = 1
configure: failed program was:
| /* confdefs.h */
| #define PACKAGE_NAME "libmng"
| #define PACKAGE_TARNAME "libmng-2.0.3"
| #define PACKAGE_VERSION "2.0.3"
| #define PACKAGE_STRING "libmng 2.0.3"
| #define PACKAGE_BUGREPORT "png-mng-implement@lists.sourceforge.net"
| #define PACKAGE_URL "http://www.libmng.com/"
| #define PACKAGE "libmng-2.0.3"
| #define VERSION "2.0.3"
| #define MNG_VERSION_MAJOR 2
| #define MNG_VERSION_MINOR 0
| #define MNG_VERSION_RELEASE 3
| #define MNG_VERSION_SO 2
| #define MNG_VERSION_DLL 2
| /* end confdefs.h.  */
| #include <ac_nonexistent.h>
configure:7206: result: gcc -E
configure:7226: gcc -E  conftest.c
configure:7226: $? = 0
configure:7240: gcc -E  conftest.c
conftest.c:16:10: fatal error: ac_nonexistent.h: No such file or directory
 #include <ac_nonexistent.h>
          ^~~~~~~~~~~~~~~~~~
compilation terminated.
configure:7240: $? = 1
configure: failed program was:
| /* confdefs.h */
| #define PACKAGE_NAME "libmng"
| #define PACKAGE_TARNAME "libmng-2.0.3"
| #define PACKAGE_VERSION "2.0.3"
| #define PACKAGE_STRING "libmng 2.0.3"
| #define PACKAGE_BUGREPORT "png-mng-implement@lists.sourceforge.net"
| #define PACKAGE_URL "http://www.libmng.com/"
| #define PACKAGE "libmng-2.0.3"
| #define VERSION "2.0.3"
| #define MNG_VERSION_MAJOR 2
| #define MNG_VERSION_MINOR 0
| #define MNG_VERSION_RELEASE 3
| #define MNG_VERSION_SO 2
| #define MNG_VERSION_DLL 2
| /* end confdefs.h.  */
| #include <ac_nonexistent.h>
configure:7269: checking for ANSI C header files
configure:7289: gcc -c -g -O2  conftest.c >&5
configure:7289: $? = 0
conftest.c:17:0: fatal error: when writing output to : Invalid argument
 
 
compilation terminated.
conftest.c:17:0: fatal error: when writing output to : No such file or directory
 
 
compilation terminated.
configure:7362: gcc -o conftest.exe -g -O2   conftest.c  >&5
configure:7362: $? = 0
configure:7362: ./conftest.exe
configure:7362: $? = 0
configure:7373: result: yes
configure:7386: checking for sys/types.h
configure:7386: gcc -c -g -O2  conftest.c >&5
configure:7386: $? = 0
configure:7386: result: yes
configure:7386: checking for sys/stat.h
configure:7386: gcc -c -g -O2  conftest.c >&5
configure:7386: $? = 0
configure:7386: result: yes
configure:7386: checking for stdlib.h
configure:7386: gcc -c -g -O2  conftest.c >&5
configure:7386: $? = 0
configure:7386: result: yes
configure:7386: checking for string.h
configure:7386: gcc -c -g -O2  conftest.c >&5
configure:7386: $? = 0
configure:7386: result: yes
configure:7386: checking for memory.h
configure:7386: gcc -c -g -O2  conftest.c >&5
configure:7386: $? = 0
configure:7386: result: yes
configure:7386: checking for strings.h
configure:7386: gcc -c -g -O2  conftest.c >&5
configure:7386: $? = 0
configure:7386: result: yes
configure:7386: checking for inttypes.h
configure:7386: gcc -c -g -O2  conftest.c >&5
configure:7386: $? = 0
configure:7386: result: yes
configure:7386: checking for stdint.h
configure:7386: gcc -c -g -O2  conftest.c >&5
configure:7386: $? = 0
configure:7386: result: yes
configure:7386: checking for unistd.h
configure:7386: gcc -c -g -O2  conftest.c >&5
configure:7386: $? = 0
configure:7386: result: yes
configure:7400: checking for dlfcn.h
configure:7400: gcc -c -g -O2  conftest.c >&5
conftest.c:60:10: fatal error: dlfcn.h: No such file or directory
 #include <dlfcn.h>
          ^~~~~~~~~
compilation terminated.
configure:7400: $? = 1
configure: failed program was:
| /* confdefs.h */
| #define PACKAGE_NAME "libmng"
| #define PACKAGE_TARNAME "libmng-2.0.3"
| #define PACKAGE_VERSION "2.0.3"
| #define PACKAGE_STRING "libmng 2.0.3"
| #define PACKAGE_BUGREPORT "png-mng-implement@lists.sourceforge.net"
| #define PACKAGE_URL "http://www.libmng.com/"
| #define PACKAGE "libmng-2.0.3"
| #define VERSION "2.0.3"
| #define MNG_VERSION_MAJOR 2
| #define MNG_VERSION_MINOR 0
| #define MNG_VERSION_RELEASE 3
| #define MNG_VERSION_SO 2
| #define MNG_VERSION_DLL 2
| #define STDC_HEADERS 1
| #define HAVE_SYS_TYPES_H 1
| #define HAVE_SYS_STAT_H 1
| #define HAVE_STDLIB_H 1
| #define HAVE_STRING_H 1
| #define HAVE_MEMORY_H 1
| #define HAVE_STRINGS_H 1
| #define HAVE_INTTYPES_H 1
| #define HAVE_STDINT_H 1
| #define HAVE_UNISTD_H 1
| /* end confdefs.h.  */
| #include <stdio.h>
| #ifdef HAVE_SYS_TYPES_H
| # include <sys/types.h>
| #endif
| #ifdef HAVE_SYS_STAT_H
| # include <sys/stat.h>
| #endif
| #ifdef STDC_HEADERS
| # include <stdlib.h>
| # include <stddef.h>
| #else
| # ifdef HAVE_STDLIB_H
| #  include <stdlib.h>
| # endif
| #endif
| #ifdef HAVE_STRING_H
| # if !defined STDC_HEADERS && defined HAVE_MEMORY_H
| #  include <memory.h>
| # endif
| # include <string.h>
| #endif
| #ifdef HAVE_STRINGS_H
| # include <strings.h>
| #endif
| #ifdef HAVE_INTTYPES_H
| # include <inttypes.h>
| #endif
| #ifdef HAVE_STDINT_H
| # include <stdint.h>
| #endif
| #ifdef HAVE_UNISTD_H
| # include <unistd.h>
| #endif
| 
| #include <dlfcn.h>
configure:7400: result: no
configure:7587: checking for objdir
configure:7602: result: .libs
configure:7873: checking if gcc supports -fno-rtti -fno-exceptions
configure:7891: gcc -c -g -O2  -fno-rtti -fno-exceptions conftest.c >&5
cc1.exe: warning: command line option '-fno-rtti' is valid for C++/ObjC++ but not for C
configure:7895: $? = 0
configure:7908: result: no
configure:8218: checking for gcc option to produce PIC
configure:8225: result: -DDLL_EXPORT -DPIC
configure:8233: checking if gcc PIC flag -DDLL_EXPORT -DPIC works
configure:8251: gcc -c -g -O2  -DDLL_EXPORT -DPIC -DPIC conftest.c >&5
configure:8255: $? = 0
configure:8268: result: yes
configure:8297: checking if gcc static flag -static works
configure:8325: result: yes
configure:8340: checking if gcc supports -c -o file.o
configure:8361: gcc -c -g -O2  -o out/conftest2.o conftest.c >&5
configure:8365: $? = 0
configure:8387: result: yes
configure:8395: checking if gcc supports -c -o file.o
configure:8442: result: yes
configure:8475: checking whether the gcc linker (C:/msys64/mingw64/x86_64-w64-mingw32/bin/ld.exe) supports shared libraries
configure:9633: result: yes
configure:9670: checking whether -lc should be explicitly linked in
configure:9678: gcc -c -g -O2  conftest.c >&5
configure:9681: $? = 0
configure:9696: gcc -shared conftest.o  -v -o ./conftest -Wl,--enable-auto-image-base -Xlinker --out-implib -Xlinker conftest 2\>\&1 \| /usr/bin/grep  -lc  \>/dev/null 2\>\&1
configure:9699: $? = 1
configure:9713: result: yes
configure:9878: checking dynamic linker characteristics
configure:10614: result: Win32 ld.exe
configure:10721: checking how to hardcode library paths into programs
configure:10746: result: immediate
configure:11286: checking whether stripping libraries is possible
configure:11291: result: yes
configure:11326: checking if libtool supports shared libraries
configure:11328: result: yes
configure:11331: checking whether to build shared libraries
configure:11352: result: yes
configure:11355: checking whether to build static libraries
configure:11359: result: yes
configure:11442: checking for as
configure:11458: found /mingw64/bin/as
configure:11469: result: as
configure:11534: checking for dlltool
configure:11561: result: dlltool
configure:11626: checking for objdump
configure:11653: result: objdump
configure:11693: checking whether byte ordering is bigendian
configure:11708: gcc -c -g -O2  conftest.c >&5
conftest.c:28:9: error: unknown type name 'not'
         not a universal capable compiler
         ^~~
conftest.c:28:15: error: expected '=', ',', ';', 'asm' or '__attribute__' before 'universal'
         not a universal capable compiler
               ^~~~~~~~~
conftest.c:28:15: error: unknown type name 'universal'
configure:11708: $? = 1
configure: failed program was:
| /* confdefs.h */
| #define PACKAGE_NAME "libmng"
| #define PACKAGE_TARNAME "libmng-2.0.3"
| #define PACKAGE_VERSION "2.0.3"
| #define PACKAGE_STRING "libmng 2.0.3"
| #define PACKAGE_BUGREPORT "png-mng-implement@lists.sourceforge.net"
| #define PACKAGE_URL "http://www.libmng.com/"
| #define PACKAGE "libmng-2.0.3"
| #define VERSION "2.0.3"
| #define MNG_VERSION_MAJOR 2
| #define MNG_VERSION_MINOR 0
| #define MNG_VERSION_RELEASE 3
| #define MNG_VERSION_SO 2
| #define MNG_VERSION_DLL 2
| #define STDC_HEADERS 1
| #define HAVE_SYS_TYPES_H 1
| #define HAVE_SYS_STAT_H 1
| #define HAVE_STDLIB_H 1
| #define HAVE_STRING_H 1
| #define HAVE_MEMORY_H 1
| #define HAVE_STRINGS_H 1
| #define HAVE_INTTYPES_H 1
| #define HAVE_STDINT_H 1
| #define HAVE_UNISTD_H 1
| #define LT_OBJDIR ".libs/"
| /* end confdefs.h.  */
| #ifndef __APPLE_CC__
| 	       not a universal capable compiler
| 	     #endif
| 	     typedef int dummy;
| 
configure:11753: gcc -c -g -O2  conftest.c >&5
configure:11753: $? = 0
configure:11771: gcc -c -g -O2  conftest.c >&5
conftest.c: In function 'main':
conftest.c:34:4: error: unknown type name 'not'; did you mean 'ino_t'?
    not big endian
    ^~~
    ino_t
conftest.c:34:12: error: expected '=', ',', ';', 'asm' or '__attribute__' before 'endian'
    not big endian
            ^~~~~~
configure:11771: $? = 1
configure: failed program was:
| /* confdefs.h */
| #define PACKAGE_NAME "libmng"
| #define PACKAGE_TARNAME "libmng-2.0.3"
| #define PACKAGE_VERSION "2.0.3"
| #define PACKAGE_STRING "libmng 2.0.3"
| #define PACKAGE_BUGREPORT "png-mng-implement@lists.sourceforge.net"
| #define PACKAGE_URL "http://www.libmng.com/"
| #define PACKAGE "libmng-2.0.3"
| #define VERSION "2.0.3"
| #define MNG_VERSION_MAJOR 2
| #define MNG_VERSION_MINOR 0
| #define MNG_VERSION_RELEASE 3
| #define MNG_VERSION_SO 2
| #define MNG_VERSION_DLL 2
| #define STDC_HEADERS 1
| #define HAVE_SYS_TYPES_H 1
| #define HAVE_SYS_STAT_H 1
| #define HAVE_STDLIB_H 1
| #define HAVE_STRING_H 1
| #define HAVE_MEMORY_H 1
| #define HAVE_STRINGS_H 1
| #define HAVE_INTTYPES_H 1
| #define HAVE_STDINT_H 1
| #define HAVE_UNISTD_H 1
| #define LT_OBJDIR ".libs/"
| /* end confdefs.h.  */
| #include <sys/types.h>
| 		#include <sys/param.h>
| 
| int
| main ()
| {
| #if BYTE_ORDER != BIG_ENDIAN
| 		 not big endian
| 		#endif
| 
|   ;
|   return 0;
| }
configure:11899: result: no
configure:11925: checking for special C compiler options needed for large files
configure:11970: result: no
configure:11976: checking for _FILE_OFFSET_BITS value needed for large files
configure:12001: gcc -c -g -O2  conftest.c >&5
conftest.c:32:33: warning: left shift count >= width of type [-Wshift-count-overflow]
 #define LARGE_OFF_T (((off_t) 1 << 62) - 1 + ((off_t) 1 << 62))
                                 ^
conftest.c:33:23: note: in expansion of macro 'LARGE_OFF_T'
   int off_t_is_large[(LARGE_OFF_T % 2147483629 == 721
                       ^~~~~~~~~~~
conftest.c:32:57: warning: left shift count >= width of type [-Wshift-count-overflow]
 #define LARGE_OFF_T (((off_t) 1 << 62) - 1 + ((off_t) 1 << 62))
                                                         ^
conftest.c:33:23: note: in expansion of macro 'LARGE_OFF_T'
   int off_t_is_large[(LARGE_OFF_T % 2147483629 == 721
                       ^~~~~~~~~~~
conftest.c:32:33: warning: left shift count >= width of type [-Wshift-count-overflow]
 #define LARGE_OFF_T (((off_t) 1 << 62) - 1 + ((off_t) 1 << 62))
                                 ^
conftest.c:34:13: note: in expansion of macro 'LARGE_OFF_T'
          && LARGE_OFF_T % 2147483647 == 1)
             ^~~~~~~~~~~
conftest.c:32:57: warning: left shift count >= width of type [-Wshift-count-overflow]
 #define LARGE_OFF_T (((off_t) 1 << 62) - 1 + ((off_t) 1 << 62))
                                                         ^
conftest.c:34:13: note: in expansion of macro 'LARGE_OFF_T'
          && LARGE_OFF_T % 2147483647 == 1)
             ^~~~~~~~~~~
conftest.c:33:7: error: variably modified 'off_t_is_large' at file scope
   int off_t_is_large[(LARGE_OFF_T % 2147483629 == 721
       ^~~~~~~~~~~~~~
configure:12001: $? = 1
configure: failed program was:
| /* confdefs.h */
| #define PACKAGE_NAME "libmng"
| #define PACKAGE_TARNAME "libmng-2.0.3"
| #define PACKAGE_VERSION "2.0.3"
| #define PACKAGE_STRING "libmng 2.0.3"
| #define PACKAGE_BUGREPORT "png-mng-implement@lists.sourceforge.net"
| #define PACKAGE_URL "http://www.libmng.com/"
| #define PACKAGE "libmng-2.0.3"
| #define VERSION "2.0.3"
| #define MNG_VERSION_MAJOR 2
| #define MNG_VERSION_MINOR 0
| #define MNG_VERSION_RELEASE 3
| #define MNG_VERSION_SO 2
| #define MNG_VERSION_DLL 2
| #define STDC_HEADERS 1
| #define HAVE_SYS_TYPES_H 1
| #define HAVE_SYS_STAT_H 1
| #define HAVE_STDLIB_H 1
| #define HAVE_STRING_H 1
| #define HAVE_MEMORY_H 1
| #define HAVE_STRINGS_H 1
| #define HAVE_INTTYPES_H 1
| #define HAVE_STDINT_H 1
| #define HAVE_UNISTD_H 1
| #define LT_OBJDIR ".libs/"
| /* end confdefs.h.  */
| #include <sys/types.h>
|  /* Check that off_t can represent 2**63 - 1 correctly.
|     We can't simply define LARGE_OFF_T to be 9223372036854775807,
|     since some C++ compilers masquerading as C compilers
|     incorrectly reject 9223372036854775807.  */
| #define LARGE_OFF_T (((off_t) 1 << 62) - 1 + ((off_t) 1 << 62))
|   int off_t_is_large[(LARGE_OFF_T % 2147483629 == 721
| 		       && LARGE_OFF_T % 2147483647 == 1)
| 		      ? 1 : -1];
| int
| main ()
| {
| 
|   ;
|   return 0;
| }
configure:12025: gcc -c -g -O2  conftest.c >&5
configure:12025: $? = 0
configure:12033: result: 64
configure:12119: checking for ANSI C header files
configure:12223: result: yes
configure:12232: checking for an ANSI C-conforming const
configure:12298: gcc -c -g -O2  conftest.c >&5
configure:12298: $? = 0
configure:12305: result: yes
configure:12314: checking for pow
configure:12314: gcc -o conftest.exe -g -O2   conftest.c  >&5
conftest.c:52:6: warning: conflicting types for built-in function 'pow' [-Wbuiltin-declaration-mismatch]
 char pow ();
      ^~~
configure:12314: $? = 0
configure:12314: result: yes
configure:12475: checking zlib.h usability
configure:12475: gcc -c -g -O2  conftest.c >&5
configure:12475: $? = 0
configure:12475: result: yes
configure:12475: checking zlib.h presence
configure:12475: gcc -E  conftest.c
configure:12475: $? = 0
configure:12475: result: yes
configure:12475: checking for zlib.h
configure:12475: result: yes
configure:12477: checking for gzread in -lz
configure:12502: gcc -o conftest.exe -g -O2   conftest.c -lz   >&5
configure:12502: $? = 0
configure:12511: result: yes
configure:12554: checking jpeglib.h usability
configure:12554: gcc -c -g -O2  conftest.c >&5
conftest.c:72:10: fatal error: jpeglib.h: No such file or directory
 #include <jpeglib.h>
          ^~~~~~~~~~~
compilation terminated.
configure:12554: $? = 1
configure: failed program was:
| /* confdefs.h */
| #define PACKAGE_NAME "libmng"
| #define PACKAGE_TARNAME "libmng-2.0.3"
| #define PACKAGE_VERSION "2.0.3"
| #define PACKAGE_STRING "libmng 2.0.3"
| #define PACKAGE_BUGREPORT "png-mng-implement@lists.sourceforge.net"
| #define PACKAGE_URL "http://www.libmng.com/"
| #define PACKAGE "libmng-2.0.3"
| #define VERSION "2.0.3"
| #define MNG_VERSION_MAJOR 2
| #define MNG_VERSION_MINOR 0
| #define MNG_VERSION_RELEASE 3
| #define MNG_VERSION_SO 2
| #define MNG_VERSION_DLL 2
| #define STDC_HEADERS 1
| #define HAVE_SYS_TYPES_H 1
| #define HAVE_SYS_STAT_H 1
| #define HAVE_STDLIB_H 1
| #define HAVE_STRING_H 1
| #define HAVE_MEMORY_H 1
| #define HAVE_STRINGS_H 1
| #define HAVE_INTTYPES_H 1
| #define HAVE_STDINT_H 1
| #define HAVE_UNISTD_H 1
| #define LT_OBJDIR ".libs/"
| #define _FILE_OFFSET_BITS 64
| #define STDC_HEADERS 1
| #define MNG_BUILD_SO 1
| #define MNG_SUPPORT_FULL 1
| #define MNG_SUPPORT_READ 1
| #define MNG_SUPPORT_WRITE 1
| #define MNG_SUPPORT_DISPLAY 1
| #define MNG_SUPPORT_DYNAMICMNG 1
| #define MNG_ACCESS_CHUNKS 1
| #define MNG_STORE_CHUNKS 1
| #define MNG_ERROR_TELLTALE 1
| #define HAVE_LIBZ 1
| /* end confdefs.h.  */
| #include <stdio.h>
| #ifdef HAVE_SYS_TYPES_H
| # include <sys/types.h>
| #endif
| #ifdef HAVE_SYS_STAT_H
| # include <sys/stat.h>
| #endif
| #ifdef STDC_HEADERS
| # include <stdlib.h>
| # include <stddef.h>
| #else
| # ifdef HAVE_STDLIB_H
| #  include <stdlib.h>
| # endif
| #endif
| #ifdef HAVE_STRING_H
| # if !defined STDC_HEADERS && defined HAVE_MEMORY_H
| #  include <memory.h>
| # endif
| # include <string.h>
| #endif
| #ifdef HAVE_STRINGS_H
| # include <strings.h>
| #endif
| #ifdef HAVE_INTTYPES_H
| # include <inttypes.h>
| #endif
| #ifdef HAVE_STDINT_H
| # include <stdint.h>
| #endif
| #ifdef HAVE_UNISTD_H
| # include <unistd.h>
| #endif
| #include <jpeglib.h>
configure:12554: result: no
configure:12554: checking jpeglib.h presence
configure:12554: gcc -E  conftest.c
conftest.c:39:10: fatal error: jpeglib.h: No such file or directory
 #include <jpeglib.h>
          ^~~~~~~~~~~
compilation terminated.
configure:12554: $? = 1
configure: failed program was:
| /* confdefs.h */
| #define PACKAGE_NAME "libmng"
| #define PACKAGE_TARNAME "libmng-2.0.3"
| #define PACKAGE_VERSION "2.0.3"
| #define PACKAGE_STRING "libmng 2.0.3"
| #define PACKAGE_BUGREPORT "png-mng-implement@lists.sourceforge.net"
| #define PACKAGE_URL "http://www.libmng.com/"
| #define PACKAGE "libmng-2.0.3"
| #define VERSION "2.0.3"
| #define MNG_VERSION_MAJOR 2
| #define MNG_VERSION_MINOR 0
| #define MNG_VERSION_RELEASE 3
| #define MNG_VERSION_SO 2
| #define MNG_VERSION_DLL 2
| #define STDC_HEADERS 1
| #define HAVE_SYS_TYPES_H 1
| #define HAVE_SYS_STAT_H 1
| #define HAVE_STDLIB_H 1
| #define HAVE_STRING_H 1
| #define HAVE_MEMORY_H 1
| #define HAVE_STRINGS_H 1
| #define HAVE_INTTYPES_H 1
| #define HAVE_STDINT_H 1
| #define HAVE_UNISTD_H 1
| #define LT_OBJDIR ".libs/"
| #define _FILE_OFFSET_BITS 64
| #define STDC_HEADERS 1
| #define MNG_BUILD_SO 1
| #define MNG_SUPPORT_FULL 1
| #define MNG_SUPPORT_READ 1
| #define MNG_SUPPORT_WRITE 1
| #define MNG_SUPPORT_DISPLAY 1
| #define MNG_SUPPORT_DYNAMICMNG 1
| #define MNG_ACCESS_CHUNKS 1
| #define MNG_STORE_CHUNKS 1
| #define MNG_ERROR_TELLTALE 1
| #define HAVE_LIBZ 1
| /* end confdefs.h.  */
| #include <jpeglib.h>
configure:12554: result: no
configure:12554: checking for jpeglib.h
configure:12554: result: no
configure:12606: WARNING: jpeg header not found
configure:12639: checking lcms2.h usability
configure:12639: gcc -c -g -O2  conftest.c >&5
conftest.c:72:10: fatal error: lcms2.h: No such file or directory
 #include <lcms2.h>
          ^~~~~~~~~
compilation terminated.
configure:12639: $? = 1
configure: failed program was:
| /* confdefs.h */
| #define PACKAGE_NAME "libmng"
| #define PACKAGE_TARNAME "libmng-2.0.3"
| #define PACKAGE_VERSION "2.0.3"
| #define PACKAGE_STRING "libmng 2.0.3"
| #define PACKAGE_BUGREPORT "png-mng-implement@lists.sourceforge.net"
| #define PACKAGE_URL "http://www.libmng.com/"
| #define PACKAGE "libmng-2.0.3"
| #define VERSION "2.0.3"
| #define MNG_VERSION_MAJOR 2
| #define MNG_VERSION_MINOR 0
| #define MNG_VERSION_RELEASE 3
| #define MNG_VERSION_SO 2
| #define MNG_VERSION_DLL 2
| #define STDC_HEADERS 1
| #define HAVE_SYS_TYPES_H 1
| #define HAVE_SYS_STAT_H 1
| #define HAVE_STDLIB_H 1
| #define HAVE_STRING_H 1
| #define HAVE_MEMORY_H 1
| #define HAVE_STRINGS_H 1
| #define HAVE_INTTYPES_H 1
| #define HAVE_STDINT_H 1
| #define HAVE_UNISTD_H 1
| #define LT_OBJDIR ".libs/"
| #define _FILE_OFFSET_BITS 64
| #define STDC_HEADERS 1
| #define MNG_BUILD_SO 1
| #define MNG_SUPPORT_FULL 1
| #define MNG_SUPPORT_READ 1
| #define MNG_SUPPORT_WRITE 1
| #define MNG_SUPPORT_DISPLAY 1
| #define MNG_SUPPORT_DYNAMICMNG 1
| #define MNG_ACCESS_CHUNKS 1
| #define MNG_STORE_CHUNKS 1
| #define MNG_ERROR_TELLTALE 1
| #define HAVE_LIBZ 1
| /* end confdefs.h.  */
| #include <stdio.h>
| #ifdef HAVE_SYS_TYPES_H
| # include <sys/types.h>
| #endif
| #ifdef HAVE_SYS_STAT_H
| # include <sys/stat.h>
| #endif
| #ifdef STDC_HEADERS
| # include <stdlib.h>
| # include <stddef.h>
| #else
| # ifdef HAVE_STDLIB_H
| #  include <stdlib.h>
| # endif
| #endif
| #ifdef HAVE_STRING_H
| # if !defined STDC_HEADERS && defined HAVE_MEMORY_H
| #  include <memory.h>
| # endif
| # include <string.h>
| #endif
| #ifdef HAVE_STRINGS_H
| # include <strings.h>
| #endif
| #ifdef HAVE_INTTYPES_H
| # include <inttypes.h>
| #endif
| #ifdef HAVE_STDINT_H
| # include <stdint.h>
| #endif
| #ifdef HAVE_UNISTD_H
| # include <unistd.h>
| #endif
| #include <lcms2.h>
configure:12639: result: no
configure:12639: checking lcms2.h presence
configure:12639: gcc -E  conftest.c
conftest.c:39:10: fatal error: lcms2.h: No such file or directory
 #include <lcms2.h>
          ^~~~~~~~~
compilation terminated.
configure:12639: $? = 1
configure: failed program was:
| /* confdefs.h */
| #define PACKAGE_NAME "libmng"
| #define PACKAGE_TARNAME "libmng-2.0.3"
| #define PACKAGE_VERSION "2.0.3"
| #define PACKAGE_STRING "libmng 2.0.3"
| #define PACKAGE_BUGREPORT "png-mng-implement@lists.sourceforge.net"
| #define PACKAGE_URL "http://www.libmng.com/"
| #define PACKAGE "libmng-2.0.3"
| #define VERSION "2.0.3"
| #define MNG_VERSION_MAJOR 2
| #define MNG_VERSION_MINOR 0
| #define MNG_VERSION_RELEASE 3
| #define MNG_VERSION_SO 2
| #define MNG_VERSION_DLL 2
| #define STDC_HEADERS 1
| #define HAVE_SYS_TYPES_H 1
| #define HAVE_SYS_STAT_H 1
| #define HAVE_STDLIB_H 1
| #define HAVE_STRING_H 1
| #define HAVE_MEMORY_H 1
| #define HAVE_STRINGS_H 1
| #define HAVE_INTTYPES_H 1
| #define HAVE_STDINT_H 1
| #define HAVE_UNISTD_H 1
| #define LT_OBJDIR ".libs/"
| #define _FILE_OFFSET_BITS 64
| #define STDC_HEADERS 1
| #define MNG_BUILD_SO 1
| #define MNG_SUPPORT_FULL 1
| #define MNG_SUPPORT_READ 1
| #define MNG_SUPPORT_WRITE 1
| #define MNG_SUPPORT_DISPLAY 1
| #define MNG_SUPPORT_DYNAMICMNG 1
| #define MNG_ACCESS_CHUNKS 1
| #define MNG_STORE_CHUNKS 1
| #define MNG_ERROR_TELLTALE 1
| #define HAVE_LIBZ 1
| /* end confdefs.h.  */
| #include <lcms2.h>
configure:12639: result: no
configure:12639: checking for lcms2.h
configure:12639: result: no
configure:12912: checking that generated files are newer than configure
configure:12918: result: done
configure:12942: creating ./config.status

## ---------------------- ##
## Running config.status. ##
## ---------------------- ##

This file was extended by libmng config.status 2.0.3, which was
generated by GNU Autoconf 2.69.  Invocation command line was

  CONFIG_FILES    = 
  CONFIG_HEADERS  = 
  CONFIG_LINKS    = 
  CONFIG_COMMANDS = 
  $ ./config.status 

on surface

config.status:1116: creating Makefile
config.status:1116: creating libmng.pc
config.status:1116: creating config.h
config.status:1345: executing depfiles commands
config.status:1345: executing libtool commands

## ---------------- ##
## Cache variables. ##
## ---------------- ##

ac_cv_build=x86_64-w64-mingw32
ac_cv_c_bigendian=no
ac_cv_c_compiler_gnu=yes
ac_cv_c_const=yes
ac_cv_env_CC_set=
ac_cv_env_CC_value=
ac_cv_env_CFLAGS_set=
ac_cv_env_CFLAGS_value=
ac_cv_env_CPPFLAGS_set=
ac_cv_env_CPPFLAGS_value=
ac_cv_env_CPP_set=
ac_cv_env_CPP_value=
ac_cv_env_LDFLAGS_set=
ac_cv_env_LDFLAGS_value=
ac_cv_env_LIBS_set=
ac_cv_env_LIBS_value=
ac_cv_env_build_alias_set=
ac_cv_env_build_alias_value=
ac_cv_env_host_alias_set=
ac_cv_env_host_alias_value=
ac_cv_env_target_alias_set=
ac_cv_env_target_alias_value=
ac_cv_exeext=.exe
ac_cv_func_pow=yes
ac_cv_header_dlfcn_h=no
ac_cv_header_inttypes_h=yes
ac_cv_header_jpeglib_h=no
ac_cv_header_lcms2_h=no
ac_cv_header_memory_h=yes
ac_cv_header_stdc=yes
ac_cv_header_stdint_h=yes
ac_cv_header_stdlib_h=yes
ac_cv_header_string_h=yes
ac_cv_header_strings_h=yes
ac_cv_header_sys_stat_h=yes
ac_cv_header_sys_types_h=yes
ac_cv_header_unistd_h=yes
ac_cv_header_zlib_h=yes
ac_cv_host=x86_64-w64-mingw32
ac_cv_lib_z_gzread=yes
ac_cv_objext=o
ac_cv_path_EGREP='/usr/bin/grep -E'
ac_cv_path_FGREP='/usr/bin/grep -F'
ac_cv_path_GREP=/usr/bin/grep
ac_cv_path_SED=/usr/bin/sed
ac_cv_path_install='/usr/bin/install -c'
ac_cv_path_mkdir=/usr/bin/mkdir
ac_cv_prog_AWK=gawk
ac_cv_prog_CPP='gcc -E'
ac_cv_prog_ac_ct_AR=ar
ac_cv_prog_ac_ct_AS=as
ac_cv_prog_ac_ct_CC=gcc
ac_cv_prog_ac_ct_DLLTOOL=dlltool
ac_cv_prog_ac_ct_OBJDUMP=objdump
ac_cv_prog_ac_ct_RANLIB=ranlib
ac_cv_prog_ac_ct_STRIP=strip
ac_cv_prog_cc_c89=
ac_cv_prog_cc_g=yes
ac_cv_prog_make_make_set=yes
ac_cv_search_strerror='none required'
ac_cv_sys_file_offset_bits=64
ac_cv_sys_largefile_CC=no
am_cv_CC_dependencies_compiler_type=none
am_cv_make_support_nested_variables=yes
lt_cv_ar_at_file=@
lt_cv_archive_cmds_need_lc=yes
lt_cv_deplibs_check_method='file_magic ^x86 archive import|^x86 DLL'
lt_cv_file_magic_cmd=func_win32_libid
lt_cv_file_magic_test_file=
lt_cv_ld_reload_flag=-r
lt_cv_nm_interface='BSD nm'
lt_cv_objdir=.libs
lt_cv_path_LD=C:/msys64/mingw64/x86_64-w64-mingw32/bin/ld.exe
lt_cv_path_NM='/mingw64/bin/nm -B'
lt_cv_path_mainfest_tool=no
lt_cv_prog_compiler_c_o=yes
lt_cv_prog_compiler_pic='-DDLL_EXPORT -DPIC'
lt_cv_prog_compiler_pic_works=yes
lt_cv_prog_compiler_rtti_exceptions=no
lt_cv_prog_compiler_static_works=yes
lt_cv_prog_gnu_ld=yes
lt_cv_sharedlib_from_linklib_cmd=func_cygming_dll_for_implib
lt_cv_sys_global_symbol_pipe='sed -n -e '\''s/^.*[	 ]\([ABCDGIRSTW][ABCDGIRSTW]*\)[	 ][	 ]*\([_A-Za-z][_A-Za-z0-9]*\)\{0,1\}$/\1 \2 \2/p'\'' | sed '\''/ __gnu_lto/d'\'''
lt_cv_sys_global_symbol_to_c_name_address='sed -n -e '\''s/^: \([^ ]*\)[ ]*$/  {\"\1\", (void *) 0},/p'\'' -e '\''s/^[ABCDGIRSTW]* \([^ ]*\) \([^ ]*\)$/  {"\2", (void *) \&\2},/p'\'''
lt_cv_sys_global_symbol_to_c_name_address_lib_prefix='sed -n -e '\''s/^: \([^ ]*\)[ ]*$/  {\"\1\", (void *) 0},/p'\'' -e '\''s/^[ABCDGIRSTW]* \([^ ]*\) \(lib[^ ]*\)$/  {"\2", (void *) \&\2},/p'\'' -e '\''s/^[ABCDGIRSTW]* \([^ ]*\) \([^ ]*\)$/  {"lib\2", (void *) \&\2},/p'\'''
lt_cv_sys_global_symbol_to_cdecl='sed -n -e '\''s/^T .* \(.*\)$/extern int \1();/p'\'' -e '\''s/^[ABCDGIRSTW]* .* \(.*\)$/extern char \1;/p'\'''
lt_cv_sys_max_cmd_len=8192
lt_cv_to_host_file_cmd=func_convert_file_msys_to_w32
lt_cv_to_tool_file_cmd=func_convert_file_msys_to_w32

## ----------------- ##
## Output variables. ##
## ----------------- ##

ACLOCAL='${SHELL} /c/Regards/libextern/libmng-2.0.3/missing aclocal-1.13'
AMDEPBACKSLASH='\'
AMDEP_FALSE='#'
AMDEP_TRUE=''
AMTAR='$${TAR-tar}'
AM_BACKSLASH='\'
AM_DEFAULT_V='$(AM_DEFAULT_VERBOSITY)'
AM_DEFAULT_VERBOSITY='1'
AM_V='$(V)'
AR='ar'
AS='as'
AUTOCONF='${SHELL} /c/Regards/libextern/libmng-2.0.3/missing autoconf'
AUTOHEADER='${SHELL} /c/Regards/libextern/libmng-2.0.3/missing autoheader'
AUTOMAKE='${SHELL} /c/Regards/libextern/libmng-2.0.3/missing automake-1.13'
AWK='gawk'
CC='gcc'
CCDEPMODE='depmode=none'
CFLAGS='-g -O2'
CPP='gcc -E'
CPPFLAGS=''
CYGPATH_W='cygpath -w'
DEFS='-DHAVE_CONFIG_H'
DEPDIR='.deps'
DLLTOOL='dlltool'
DSYMUTIL=''
DUMPBIN=''
ECHO_C=''
ECHO_N='-n'
ECHO_T=''
EGREP='/usr/bin/grep -E'
EXEEXT='.exe'
FGREP='/usr/bin/grep -F'
GREP='/usr/bin/grep'
INSTALL_DATA='${INSTALL} -m 644'
INSTALL_PROGRAM='${INSTALL}'
INSTALL_SCRIPT='${INSTALL}'
INSTALL_STRIP_PROGRAM='$(install_sh) -c -s'
LD='C:/msys64/mingw64/x86_64-w64-mingw32/bin/ld.exe'
LDFLAGS=''
LIBOBJS=''
LIBS='-lz '
LIBTOOL='$(SHELL) $(top_builddir)/libtool'
LIPO=''
LN_S='cp -pR'
LTLIBOBJS=''
MAKEINFO='${SHELL} /c/Regards/libextern/libmng-2.0.3/missing makeinfo'
MANIFEST_TOOL=':'
MKDIR_P='/usr/bin/mkdir -p'
MNG_MAJOR_NR='2'
MNG_MINOR_NR='0'
MNG_RELEASE_NR='2'
NM='/mingw64/bin/nm -B'
NMEDIT=''
OBJDUMP='objdump'
OBJEXT='o'
OTOOL64=''
OTOOL=''
PACKAGE='libmng-2.0.3'
PACKAGE_BUGREPORT='png-mng-implement@lists.sourceforge.net'
PACKAGE_NAME='libmng'
PACKAGE_STRING='libmng 2.0.3'
PACKAGE_TARNAME='libmng-2.0.3'
PACKAGE_URL='http://www.libmng.com/'
PACKAGE_VERSION='2.0.3'
PATH_SEPARATOR=':'
RANLIB='ranlib'
SED='/usr/bin/sed'
SET_MAKE=''
SHELL='/bin/sh'
STRIP='strip'
VERSION='2.0.3'
ac_ct_AR='ar'
ac_ct_CC='gcc'
ac_ct_DUMPBIN=''
am__EXEEXT_FALSE='#'
am__EXEEXT_TRUE=''
am__fastdepCC_FALSE=''
am__fastdepCC_TRUE='#'
am__include='include'
am__isrc=''
am__leading_dot='.'
am__nodep='_no'
am__quote=''
am__tar='$${TAR-tar} chof - "$$tardir"'
am__untar='$${TAR-tar} xf -'
bindir='${exec_prefix}/bin'
build='x86_64-w64-mingw32'
build_alias='x86_64-w64-mingw32'
build_cpu='x86_64'
build_os='mingw32'
build_vendor='w64'
datadir='${datarootdir}'
datarootdir='${prefix}/share'
docdir='${datarootdir}/doc/${PACKAGE_TARNAME}'
dvidir='${docdir}'
exec_prefix='${prefix}'
host='x86_64-w64-mingw32'
host_alias=''
host_cpu='x86_64'
host_os='mingw32'
host_vendor='w64'
htmldir='${docdir}'
includedir='${prefix}/include'
infodir='${datarootdir}/info'
install_sh='${SHELL} /c/Regards/libextern/libmng-2.0.3/install-sh'
libdir='${exec_prefix}/lib'
libexecdir='${exec_prefix}/libexec'
localedir='${datarootdir}/locale'
localstatedir='${prefix}/var'
mandir='${datarootdir}/man'
mkdir_p='$(MKDIR_P)'
oldincludedir='/usr/include'
pdfdir='${docdir}'
prefix='/mingw64'
program_transform_name='s,x,x,'
psdir='${docdir}'
sbindir='${exec_prefix}/sbin'
sharedstatedir='${prefix}/com'
sysconfdir='${prefix}/etc'
target_alias=''

## ----------- ##
## confdefs.h. ##
## ----------- ##

/* confdefs.h */
#define PACKAGE_NAME "libmng"
#define PACKAGE_TARNAME "libmng-2.0.3"
#define PACKAGE_VERSION "2.0.3"
#define PACKAGE_STRING "libmng 2.0.3"
#define PACKAGE_BUGREPORT "png-mng-implement@lists.sourceforge.net"
#define PACKAGE_URL "http://www.libmng.com/"
#define PACKAGE "libmng-2.0.3"
#define VERSION "2.0.3"
#define MNG_VERSION_MAJOR 2
#define MNG_VERSION_MINOR 0
#define MNG_VERSION_RELEASE 3
#define MNG_VERSION_SO 2
#define MNG_VERSION_DLL 2
#define STDC_HEADERS 1
#define HAVE_SYS_TYPES_H 1
#define HAVE_SYS_STAT_H 1
#define HAVE_STDLIB_H 1
#define HAVE_STRING_H 1
#define HAVE_MEMORY_H 1
#define HAVE_STRINGS_H 1
#define HAVE_INTTYPES_H 1
#define HAVE_STDINT_H 1
#define HAVE_UNISTD_H 1
#define LT_OBJDIR ".libs/"
#define _FILE_OFFSET_BITS 64
#define STDC_HEADERS 1
#define MNG_BUILD_SO 1
#define MNG_SUPPORT_FULL 1
#define MNG_SUPPORT_READ 1
#define MNG_SUPPORT_WRITE 1
#define MNG_SUPPORT_DISPLAY 1
#define MNG_SUPPORT_DYNAMICMNG 1
#define MNG_ACCESS_CHUNKS 1
#define MNG_STORE_CHUNKS 1
#define MNG_ERROR_TELLTALE 1
#define HAVE_LIBZ 1

configure: exit 0
