This file contains any messages produced by compilers while
running configure, to aid debugging if configure makes a mistake.

It was created by exiv2 configure 0.26, which was
generated by GNU Autoconf 2.69.  Invocation command line was

  $ ./configure --enable-video

## --------- ##
## Platform. ##
## --------- ##

hostname = work
uname -m = x86_64
uname -r = 2.11.2(0.329/5/3)
uname -s = MINGW64_NT-10.0
uname -v = 2018-11-26 09:22

/usr/bin/uname -p = unknown
/bin/uname -X     = unknown

/bin/arch              = x86_64
/usr/bin/arch -k       = unknown
/usr/convex/getsysinfo = unknown
/usr/bin/hostinfo      = unknown
/bin/machine           = unknown
/usr/bin/oslevel       = unknown
/bin/universe          = unknown

PATH: /mingw64/bin
PATH: /usr/local/bin
PATH: /usr/bin
PATH: /bin
PATH: /c/Windows/System32
PATH: /c/Windows
PATH: /c/Windows/System32/Wbem
PATH: /c/Windows/System32/WindowsPowerShell/v1.0/
PATH: /usr/bin/site_perl
PATH: /usr/bin/vendor_perl
PATH: /usr/bin/core_perl


## ----------- ##
## Core tests. ##
## ----------- ##

configure:2502: loading site script /mingw64/etc/config.site
| # This file is in public domain.
| # Original author: Karlson2k (Evgeny Grin)
| # Written for MSys2/MinGW64 to help running 'configure' scripts
| 
| # Defaults for MinGW64-targeted programs
| 
| # Set proper selfname on bash and fallback to default name on other shells
| test -n "${BASH_SOURCE}" 2>/dev/null && config_site_me="${BASH_SOURCE[0]##*/}" || config_site_me=config.site
| 
| # Set default 'host' to speedup configure
| if test -z "$build_alias"; then
|   build_alias="${MSYSTEM_CHOST-x86_64-w64-mingw32}" && \
|     ${as_echo-echo} "$config_site_me:${as_lineno-$LINENO}: default build_alias set to $build_alias" >&5
| fi
| 
| # Set default 'prefix' to "/mingw64"
| if ( test -z "$prefix" || test "x$prefix" = "xNONE" ) && \
|    ( test -z "$exec_prefix" || test "x$exec_prefix" = "xNONE" ); then
|   prefix="${MSYSTEM_PREFIX-/mingw64}" && \
|     ${as_echo-echo} "$config_site_me:${as_lineno-$LINENO}: default prefix set to $prefix" >&5
| fi
config.site:13: default build_alias set to x86_64-w64-mingw32
config.site:20: default prefix set to /mingw64
configure:2712: checking for g++
configure:2728: found /mingw64/bin/g++
configure:2739: result: g++
configure:2766: checking for C++ compiler version
configure:2775: g++ --version >&5
g++.exe (Rev2, Built by MSYS2 project) 8.3.0
Copyright (C) 2018 Free Software Foundation, Inc.
This is free software; see the source for copying conditions.  There is NO
warranty; not even for MERCHANTABILITY or FITNESS FOR A PARTICULAR PURPOSE.

configure:2786: $? = 0
configure:2775: g++ -v >&5
Using built-in specs.
COLLECT_GCC=C:\msys64\mingw64\bin\g++.exe
COLLECT_LTO_WRAPPER=C:/msys64/mingw64/bin/../lib/gcc/x86_64-w64-mingw32/8.3.0/lto-wrapper.exe
Target: x86_64-w64-mingw32
Configured with: ../gcc-8.3.0/configure --prefix=/mingw64 --with-local-prefix=/mingw64/local --build=x86_64-w64-mingw32 --host=x86_64-w64-mingw32 --target=x86_64-w64-mingw32 --with-native-system-header-dir=/mingw64/x86_64-w64-mingw32/include --libexecdir=/mingw64/lib --enable-bootstrap --with-arch=x86-64 --with-tune=generic --enable-languages=ada,c,lto,c++,objc,obj-c++,fortran --enable-shared --enable-static --enable-libatomic --enable-threads=posix --enable-graphite --enable-fully-dynamic-string --enable-libstdcxx-filesystem-ts=yes --enable-libstdcxx-time=yes --disable-libstdcxx-pch --disable-libstdcxx-debug --disable-isl-version-check --enable-lto --enable-libgomp --disable-multilib --enable-checking=release --disable-rpath --disable-win32-registry --disable-nls --disable-werror --disable-symvers --with-libiconv --with-system-zlib --with-gmp=/mingw64 --with-mpfr=/mingw64 --with-mpc=/mingw64 --with-isl=/mingw64 --with-pkgversion='Rev2, Built by MSYS2 project' --with-bugurl=https://sourceforge.net/projects/msys2 --with-gnu-as --with-gnu-ld
Thread model: posix
gcc version 8.3.0 (Rev2, Built by MSYS2 project) 
configure:2786: $? = 0
configure:2775: g++ -V >&5
g++.exe: error: unrecognized command line option '-V'
g++.exe: fatal error: no input files
compilation terminated.
configure:2786: $? = 1
configure:2775: g++ -qversion >&5
g++.exe: error: unrecognized command line option '-qversion'; did you mean '--version'?
g++.exe: fatal error: no input files
compilation terminated.
configure:2786: $? = 1
configure:2806: checking whether the C++ compiler works
configure:2828: g++    conftest.cpp  >&5
configure:2832: $? = 0
configure:2880: result: yes
configure:2883: checking for C++ compiler default output file name
configure:2885: result: a.exe
configure:2891: checking for suffix of executables
configure:2898: g++ -o conftest.exe    conftest.cpp  >&5
configure:2902: $? = 0
configure:2924: result: .exe
configure:2946: checking whether we are cross compiling
configure:2954: g++ -o conftest.exe    conftest.cpp  >&5
configure:2958: $? = 0
configure:2965: ./conftest.exe
configure:2969: $? = 0
configure:2984: result: no
configure:2989: checking for suffix of object files
configure:3011: g++ -c   conftest.cpp >&5
configure:3015: $? = 0
configure:3036: result: o
configure:3040: checking whether we are using the GNU C++ compiler
configure:3059: g++ -c   conftest.cpp >&5
configure:3059: $? = 0
configure:3068: result: yes
configure:3077: checking whether g++ accepts -g
configure:3138: result: no
configure:3166: checking how to run the C++ preprocessor
configure:3193: g++ -E  conftest.cpp
configure:3193: $? = 0
configure:3207: g++ -E  conftest.cpp
conftest.cpp:11:10: fatal error: ac_nonexistent.h: No such file or directory
 #include <ac_nonexistent.h>
          ^~~~~~~~~~~~~~~~~~
compilation terminated.
configure:3207: $? = 1
configure: failed program was:
| /* confdefs.h */
| #define PACKAGE_NAME "exiv2"
| #define PACKAGE_TARNAME "exiv2"
| #define PACKAGE_VERSION "0.26"
| #define PACKAGE_STRING "exiv2 0.26"
| #define PACKAGE_BUGREPORT "ahuggel@gmx.net"
| #define PACKAGE_URL ""
| #define PACKAGE "exiv2"
| #define VERSION "0.26"
| /* end confdefs.h.  */
| #include <ac_nonexistent.h>
configure:3232: result: g++ -E
configure:3252: g++ -E  conftest.cpp
configure:3252: $? = 0
configure:3266: g++ -E  conftest.cpp
conftest.cpp:11:10: fatal error: ac_nonexistent.h: No such file or directory
 #include <ac_nonexistent.h>
          ^~~~~~~~~~~~~~~~~~
compilation terminated.
configure:3266: $? = 1
configure: failed program was:
| /* confdefs.h */
| #define PACKAGE_NAME "exiv2"
| #define PACKAGE_TARNAME "exiv2"
| #define PACKAGE_VERSION "0.26"
| #define PACKAGE_STRING "exiv2 0.26"
| #define PACKAGE_BUGREPORT "ahuggel@gmx.net"
| #define PACKAGE_URL ""
| #define PACKAGE "exiv2"
| #define VERSION "0.26"
| /* end confdefs.h.  */
| #include <ac_nonexistent.h>
configure:3344: checking for gcc
configure:3360: found /mingw64/bin/gcc
configure:3371: result: gcc
configure:3600: checking for C compiler version
configure:3609: gcc --version >&5
gcc.exe (Rev2, Built by MSYS2 project) 8.3.0
Copyright (C) 2018 Free Software Foundation, Inc.
This is free software; see the source for copying conditions.  There is NO
warranty; not even for MERCHANTABILITY or FITNESS FOR A PARTICULAR PURPOSE.

configure:3620: $? = 0
configure:3609: gcc -v >&5
Using built-in specs.
COLLECT_GCC=C:\msys64\mingw64\bin\gcc.exe
COLLECT_LTO_WRAPPER=C:/msys64/mingw64/bin/../lib/gcc/x86_64-w64-mingw32/8.3.0/lto-wrapper.exe
Target: x86_64-w64-mingw32
Configured with: ../gcc-8.3.0/configure --prefix=/mingw64 --with-local-prefix=/mingw64/local --build=x86_64-w64-mingw32 --host=x86_64-w64-mingw32 --target=x86_64-w64-mingw32 --with-native-system-header-dir=/mingw64/x86_64-w64-mingw32/include --libexecdir=/mingw64/lib --enable-bootstrap --with-arch=x86-64 --with-tune=generic --enable-languages=ada,c,lto,c++,objc,obj-c++,fortran --enable-shared --enable-static --enable-libatomic --enable-threads=posix --enable-graphite --enable-fully-dynamic-string --enable-libstdcxx-filesystem-ts=yes --enable-libstdcxx-time=yes --disable-libstdcxx-pch --disable-libstdcxx-debug --disable-isl-version-check --enable-lto --enable-libgomp --disable-multilib --enable-checking=release --disable-rpath --disable-win32-registry --disable-nls --disable-werror --disable-symvers --with-libiconv --with-system-zlib --with-gmp=/mingw64 --with-mpfr=/mingw64 --with-mpc=/mingw64 --with-isl=/mingw64 --with-pkgversion='Rev2, Built by MSYS2 project' --with-bugurl=https://sourceforge.net/projects/msys2 --with-gnu-as --with-gnu-ld
Thread model: posix
gcc version 8.3.0 (Rev2, Built by MSYS2 project) 
configure:3620: $? = 0
configure:3609: gcc -V >&5
gcc.exe: error: unrecognized command line option '-V'
gcc.exe: fatal error: no input files
compilation terminated.
configure:3620: $? = 1
configure:3609: gcc -qversion >&5
gcc.exe: error: unrecognized command line option '-qversion'; did you mean '--version'?
gcc.exe: fatal error: no input files
compilation terminated.
configure:3620: $? = 1
configure:3624: checking whether we are using the GNU C compiler
configure:3643: gcc -c   conftest.c >&5
configure:3643: $? = 0
configure:3652: result: yes
configure:3661: checking whether gcc accepts -g
configure:3722: result: no
configure:3739: checking for gcc option to accept ISO C89
configure:3802: gcc  -c -O2  conftest.c >&5
configure:3802: $? = 0
configure:3815: result: none needed
configure:3840: checking how to run the C preprocessor
configure:3871: gcc -E  conftest.c
configure:3871: $? = 0
configure:3885: gcc -E  conftest.c
conftest.c:11:10: fatal error: ac_nonexistent.h: No such file or directory
 #include <ac_nonexistent.h>
          ^~~~~~~~~~~~~~~~~~
compilation terminated.
configure:3885: $? = 1
configure: failed program was:
| /* confdefs.h */
| #define PACKAGE_NAME "exiv2"
| #define PACKAGE_TARNAME "exiv2"
| #define PACKAGE_VERSION "0.26"
| #define PACKAGE_STRING "exiv2 0.26"
| #define PACKAGE_BUGREPORT "ahuggel@gmx.net"
| #define PACKAGE_URL ""
| #define PACKAGE "exiv2"
| #define VERSION "0.26"
| /* end confdefs.h.  */
| #include <ac_nonexistent.h>
configure:3910: result: gcc -E
configure:3930: gcc -E  conftest.c
configure:3930: $? = 0
configure:3944: gcc -E  conftest.c
conftest.c:11:10: fatal error: ac_nonexistent.h: No such file or directory
 #include <ac_nonexistent.h>
          ^~~~~~~~~~~~~~~~~~
compilation terminated.
configure:3944: $? = 1
configure: failed program was:
| /* confdefs.h */
| #define PACKAGE_NAME "exiv2"
| #define PACKAGE_TARNAME "exiv2"
| #define PACKAGE_VERSION "0.26"
| #define PACKAGE_STRING "exiv2 0.26"
| #define PACKAGE_BUGREPORT "ahuggel@gmx.net"
| #define PACKAGE_URL ""
| #define PACKAGE "exiv2"
| #define VERSION "0.26"
| /* end confdefs.h.  */
| #include <ac_nonexistent.h>
configure:3986: checking for a BSD-compatible install
configure:4054: result: /usr/bin/install -c
configure:4065: checking whether ln -s works
configure:4072: result: no, using cp -pR
configure:4076: checking whether make sets $(MAKE)
configure:4098: result: yes
configure:4111: checking build system type
configure:4125: result: x86_64-w64-mingw32
configure:4145: checking host system type
configure:4158: result: x86_64-w64-mingw32
configure:4197: checking whether NLS is requested
configure:4206: result: yes
configure:4244: checking for msgfmt
configure: trying /mingw64/bin/msgfmt...
0 translated messages.
configure:4276: result: /mingw64/bin/msgfmt
configure:4285: checking for gmsgfmt
configure:4316: result: /mingw64/bin/msgfmt
configure:4356: checking for xgettext
configure: trying /mingw64/bin/xgettext...
C:\msys64\mingw64\bin\xgettext.exe: warning: file 'nul' extension '' is unknown; will try C
configure:4388: result: /mingw64/bin/xgettext
configure:4428: checking for msgmerge
configure: trying /mingw64/bin/msgmerge...
configure:4459: result: /mingw64/bin/msgmerge
configure:4534: checking for ld used by GCC
configure:4598: result: C:/msys64/mingw64/x86_64-w64-mingw32/bin/ld.exe
configure:4605: checking if the linker (C:/msys64/mingw64/x86_64-w64-mingw32/bin/ld.exe) is GNU ld
configure:4618: result: yes
configure:4625: checking for shared library run path origin
configure:4638: result: done
configure:5055: checking for CFPreferencesCopyAppValue
configure:5075: gcc -o conftest.exe -O2  -I/System/Library/Frameworks/CoreFoundation.framework/Headers  conftest.c  -framework CoreFoundation >&5
gcc.exe: error: CoreFoundation: No such file or directory
gcc.exe: error: unrecognized command line option '-framework'
configure:5075: $? = 1
configure: failed program was:
| /* confdefs.h */
| #define PACKAGE_NAME "exiv2"
| #define PACKAGE_TARNAME "exiv2"
| #define PACKAGE_VERSION "0.26"
| #define PACKAGE_STRING "exiv2 0.26"
| #define PACKAGE_BUGREPORT "ahuggel@gmx.net"
| #define PACKAGE_URL ""
| #define PACKAGE "exiv2"
| #define VERSION "0.26"
| /* end confdefs.h.  */
| #include <CFPreferences.h>
| int
| main ()
| {
| CFPreferencesCopyAppValue(NULL, NULL)
|   ;
|   return 0;
| }
configure:5085: result: no
configure:5092: checking for CFLocaleCopyCurrent
configure:5112: gcc -o conftest.exe -O2  -I/System/Library/Frameworks/CoreFoundation.framework/Headers  conftest.c  -framework CoreFoundation >&5
gcc.exe: error: CoreFoundation: No such file or directory
gcc.exe: error: unrecognized command line option '-framework'
configure:5112: $? = 1
configure: failed program was:
| /* confdefs.h */
| #define PACKAGE_NAME "exiv2"
| #define PACKAGE_TARNAME "exiv2"
| #define PACKAGE_VERSION "0.26"
| #define PACKAGE_STRING "exiv2 0.26"
| #define PACKAGE_BUGREPORT "ahuggel@gmx.net"
| #define PACKAGE_URL ""
| #define PACKAGE "exiv2"
| #define VERSION "0.26"
| /* end confdefs.h.  */
| #include <CFLocale.h>
| int
| main ()
| {
| CFLocaleCopyCurrent();
|   ;
|   return 0;
| }
configure:5122: result: no
configure:5137: checking whether NLS is requested
configure:5146: result: yes
configure:5164: checking for GNU gettext in libc
configure:5183: gcc -o conftest.exe -O2   conftest.c  >&5
C:\msys64\tmp\ccQLrsdm.o:conftest.c:(.text.startup+0x14): undefined reference to `libintl_bindtextdomain'
C:\msys64\tmp\ccQLrsdm.o:conftest.c:(.text.startup+0x20): undefined reference to `libintl_gettext'
C:\msys64\tmp\ccQLrsdm.o:conftest.c:(.rdata$.refptr._nl_domain_bindings[.refptr._nl_domain_bindings]+0x0): undefined reference to `_nl_domain_bindings'
C:\msys64\tmp\ccQLrsdm.o:conftest.c:(.rdata$.refptr._nl_msg_cat_cntr[.refptr._nl_msg_cat_cntr]+0x0): undefined reference to `_nl_msg_cat_cntr'
collect2.exe: error: ld returned 1 exit status
configure:5183: $? = 1
configure: failed program was:
| /* confdefs.h */
| #define PACKAGE_NAME "exiv2"
| #define PACKAGE_TARNAME "exiv2"
| #define PACKAGE_VERSION "0.26"
| #define PACKAGE_STRING "exiv2 0.26"
| #define PACKAGE_BUGREPORT "ahuggel@gmx.net"
| #define PACKAGE_URL ""
| #define PACKAGE "exiv2"
| #define VERSION "0.26"
| /* end confdefs.h.  */
| #include <libintl.h>
| extern int _nl_msg_cat_cntr;
| extern int *_nl_domain_bindings;
| int
| main ()
| {
| bindtextdomain ("", "");
| return * gettext ("") + _nl_msg_cat_cntr + *_nl_domain_bindings
|   ;
|   return 0;
| }
configure:5191: result: no
configure:5225: checking for iconv
configure:5247: gcc -o conftest.exe -O2 -I/mingw64/include  conftest.c  >&5
C:\msys64\tmp\ccsVZa5y.o:conftest.c:(.text.startup+0x15): undefined reference to `libiconv_open'
C:\msys64\tmp\ccsVZa5y.o:conftest.c:(.text.startup+0x31): undefined reference to `libiconv'
C:\msys64\tmp\ccsVZa5y.o:conftest.c:(.text.startup+0x39): undefined reference to `libiconv_close'
collect2.exe: error: ld returned 1 exit status
configure:5247: $? = 1
configure: failed program was:
| /* confdefs.h */
| #define PACKAGE_NAME "exiv2"
| #define PACKAGE_TARNAME "exiv2"
| #define PACKAGE_VERSION "0.26"
| #define PACKAGE_STRING "exiv2 0.26"
| #define PACKAGE_BUGREPORT "ahuggel@gmx.net"
| #define PACKAGE_URL ""
| #define PACKAGE "exiv2"
| #define VERSION "0.26"
| /* end confdefs.h.  */
| #include <stdlib.h>
| #include <iconv.h>
| int
| main ()
| {
| iconv_t cd = iconv_open("","");
|        iconv(cd,NULL,NULL,NULL,NULL);
|        iconv_close(cd);
|   ;
|   return 0;
| }
configure:5269: gcc -o conftest.exe -O2 -I/mingw64/include  conftest.c  /mingw64/lib/libiconv.a >&5
configure:5269: $? = 0
configure:5279: result: yes
configure:5287: checking how to link with libiconv
configure:5289: result: /mingw64/lib/libiconv.a
configure:5678: checking for GNU gettext in libintl
configure:5705: gcc -o conftest.exe -O2 -I/mingw64/include   conftest.c  /mingw64/lib/libintl.a >&5
C:/msys64/mingw64/lib/libintl.a(dcigettext.o):(.text+0x72e): undefined reference to `libiconv'
C:/msys64/mingw64/lib/libintl.a(dcigettext.o):(.text+0x86f): undefined reference to `libiconv_open'
C:/msys64/mingw64/lib/libintl.a(dcigettext.o):(.text+0xa12): undefined reference to `libiconv_open'
C:/msys64/mingw64/lib/libintl.a(relocatable.o):(.text+0x46): undefined reference to `libiconv_set_relocation_prefix'
collect2.exe: error: ld returned 1 exit status
configure:5705: $? = 1
configure: failed program was:
| /* confdefs.h */
| #define PACKAGE_NAME "exiv2"
| #define PACKAGE_TARNAME "exiv2"
| #define PACKAGE_VERSION "0.26"
| #define PACKAGE_STRING "exiv2 0.26"
| #define PACKAGE_BUGREPORT "ahuggel@gmx.net"
| #define PACKAGE_URL ""
| #define PACKAGE "exiv2"
| #define VERSION "0.26"
| #define HAVE_ICONV 1
| /* end confdefs.h.  */
| #include <libintl.h>
| extern int _nl_msg_cat_cntr;
| extern
| #ifdef __cplusplus
| "C"
| #endif
| const char *_nl_expand_alias (const char *);
| int
| main ()
| {
| bindtextdomain ("", "");
| return * gettext ("") + _nl_msg_cat_cntr + *_nl_expand_alias ("")
|   ;
|   return 0;
| }
configure:5732: gcc -o conftest.exe -O2 -I/mingw64/include   conftest.c  /mingw64/lib/libintl.a /mingw64/lib/libiconv.a >&5
configure:5732: $? = 0
configure:5744: result: yes
configure:5779: checking whether to use NLS
configure:5781: result: yes
configure:5784: checking where the gettext function comes from
configure:5795: result: external libintl
configure:5803: checking how to link with libintl
configure:5805: result: /mingw64/lib/libintl.a /mingw64/lib/libiconv.a
configure:5881: checking for a sed that does not truncate output
configure:5945: result: /usr/bin/sed
configure:5963: checking for grep that handles long lines and -e
configure:6021: result: /usr/bin/grep
configure:6026: checking for egrep
configure:6088: result: /usr/bin/grep -E
configure:6093: checking for fgrep
configure:6155: result: /usr/bin/grep -F
configure:6190: checking for ld used by gcc
configure:6257: result: C:/msys64/mingw64/x86_64-w64-mingw32/bin/ld.exe
configure:6264: checking if the linker (C:/msys64/mingw64/x86_64-w64-mingw32/bin/ld.exe) is GNU ld
configure:6279: result: yes
configure:6291: checking for BSD- or MS-compatible name lister (nm)
configure:6340: result: /mingw64/bin/nm -B
configure:6458: checking the name lister (/mingw64/bin/nm -B) interface
configure:6465: gcc -c -O2 -I/mingw64/include conftest.c >&5
configure:6468: /mingw64/bin/nm -B "conftest.o"
configure:6471: output
0000000000000000 b .bss
0000000000000000 d .data
0000000000000000 r .rdata$zzz
0000000000000000 t .text
0000000000000000 B some_variable
configure:6478: result: BSD nm
configure:6482: checking the maximum length of command line arguments
configure:6602: result: 8192
configure:6619: checking whether the shell understands some XSI constructs
configure:6629: result: yes
configure:6633: checking whether the shell understands "+="
configure:6639: result: yes
configure:6674: checking for C:/msys64/mingw64/x86_64-w64-mingw32/bin/ld.exe option to reload object files
configure:6681: result: -r
configure:6750: checking for objdump
configure:6766: found /mingw64/bin/objdump
configure:6777: result: objdump
configure:6809: checking how to recognize dependent libraries
configure:7005: result: file_magic ^x86 archive import|^x86 DLL
configure:7065: checking for ar
configure:7081: found /mingw64/bin/ar
configure:7092: result: ar
configure:7170: checking for strip
configure:7186: found /mingw64/bin/strip
configure:7197: result: strip
configure:7269: checking for ranlib
configure:7285: found /mingw64/bin/ranlib
configure:7296: result: ranlib
configure:7386: checking command to parse /mingw64/bin/nm -B output from gcc object
configure:7504: gcc -c -O2 -I/mingw64/include conftest.c >&5
configure:7507: $? = 0
configure:7511: /mingw64/bin/nm -B conftest.o \| sed -n -e 's/^.*[	 ]\([ABCDGIRSTW][ABCDGIRSTW]*\)[	 ][	 ]*\([_A-Za-z][_A-Za-z0-9]*\)\{0,1\}$/\1 \2 \2/p' \> conftest.nm
configure:7514: $? = 0
configure:7568: gcc -o conftest.exe -O2 -I/mingw64/include  conftest.c conftstm.o >&5
configure:7571: $? = 0
configure:7609: result: ok
configure:8413: checking for ANSI C header files
configure:8433: gcc -c -O2 -I/mingw64/include conftest.c >&5
configure:8433: $? = 0
configure:8506: gcc -o conftest.exe -O2 -I/mingw64/include  conftest.c  >&5
configure:8506: $? = 0
configure:8506: ./conftest.exe
configure:8506: $? = 0
configure:8517: result: yes
configure:8530: checking for sys/types.h
configure:8530: gcc -c -O2 -I/mingw64/include conftest.c >&5
configure:8530: $? = 0
configure:8530: result: yes
configure:8530: checking for sys/stat.h
configure:8530: gcc -c -O2 -I/mingw64/include conftest.c >&5
configure:8530: $? = 0
configure:8530: result: yes
configure:8530: checking for stdlib.h
configure:8530: gcc -c -O2 -I/mingw64/include conftest.c >&5
configure:8530: $? = 0
configure:8530: result: yes
configure:8530: checking for string.h
configure:8530: gcc -c -O2 -I/mingw64/include conftest.c >&5
configure:8530: $? = 0
configure:8530: result: yes
configure:8530: checking for memory.h
configure:8530: gcc -c -O2 -I/mingw64/include conftest.c >&5
configure:8530: $? = 0
configure:8530: result: yes
configure:8530: checking for strings.h
configure:8530: gcc -c -O2 -I/mingw64/include conftest.c >&5
configure:8530: $? = 0
configure:8530: result: yes
configure:8530: checking for inttypes.h
configure:8530: gcc -c -O2 -I/mingw64/include conftest.c >&5
configure:8530: $? = 0
configure:8530: result: yes
configure:8530: checking for stdint.h
configure:8530: gcc -c -O2 -I/mingw64/include conftest.c >&5
configure:8530: $? = 0
configure:8530: result: yes
configure:8530: checking for unistd.h
configure:8530: gcc -c -O2 -I/mingw64/include conftest.c >&5
configure:8530: $? = 0
configure:8530: result: yes
configure:8544: checking for dlfcn.h
configure:8544: gcc -c -O2 -I/mingw64/include conftest.c >&5
conftest.c:59:10: fatal error: dlfcn.h: No such file or directory
 #include <dlfcn.h>
          ^~~~~~~~~
compilation terminated.
configure:8544: $? = 1
configure: failed program was:
| /* confdefs.h */
| #define PACKAGE_NAME "exiv2"
| #define PACKAGE_TARNAME "exiv2"
| #define PACKAGE_VERSION "0.26"
| #define PACKAGE_STRING "exiv2 0.26"
| #define PACKAGE_BUGREPORT "ahuggel@gmx.net"
| #define PACKAGE_URL ""
| #define PACKAGE "exiv2"
| #define VERSION "0.26"
| #define HAVE_ICONV 1
| #define ENABLE_NLS 1
| #define HAVE_GETTEXT 1
| #define HAVE_DCGETTEXT 1
| #define STDC_HEADERS 1
| #define HAVE_SYS_TYPES_H 1
| #define HAVE_SYS_STAT_H 1
| #define HAVE_STDLIB_H 1
| #define HAVE_STRING_H 1
| #define HAVE_MEMORY_H 1
| #define HAVE_STRINGS_H 1
| #define HAVE_INTTYPES_H 1
| #define HAVE_STDINT_H 1
| #define HAVE_UNISTD_H 1
| /* end confdefs.h.  */
| #include <stdio.h>
| #ifdef HAVE_SYS_TYPES_H
| # include <sys/types.h>
| #endif
| #ifdef HAVE_SYS_STAT_H
| # include <sys/stat.h>
| #endif
| #ifdef STDC_HEADERS
| # include <stdlib.h>
| # include <stddef.h>
| #else
| # ifdef HAVE_STDLIB_H
| #  include <stdlib.h>
| # endif
| #endif
| #ifdef HAVE_STRING_H
| # if !defined STDC_HEADERS && defined HAVE_MEMORY_H
| #  include <memory.h>
| # endif
| # include <string.h>
| #endif
| #ifdef HAVE_STRINGS_H
| # include <strings.h>
| #endif
| #ifdef HAVE_INTTYPES_H
| # include <inttypes.h>
| #endif
| #ifdef HAVE_STDINT_H
| # include <stdint.h>
| #endif
| #ifdef HAVE_UNISTD_H
| # include <unistd.h>
| #endif
| 
| #include <dlfcn.h>
configure:8544: result: no
configure:8669: checking for C++ compiler version
configure:8678: g++ --version >&5
g++.exe (Rev2, Built by MSYS2 project) 8.3.0
Copyright (C) 2018 Free Software Foundation, Inc.
This is free software; see the source for copying conditions.  There is NO
warranty; not even for MERCHANTABILITY or FITNESS FOR A PARTICULAR PURPOSE.

configure:8689: $? = 0
configure:8678: g++ -v >&5
Using built-in specs.
COLLECT_GCC=C:\msys64\mingw64\bin\g++.exe
COLLECT_LTO_WRAPPER=C:/msys64/mingw64/bin/../lib/gcc/x86_64-w64-mingw32/8.3.0/lto-wrapper.exe
Target: x86_64-w64-mingw32
Configured with: ../gcc-8.3.0/configure --prefix=/mingw64 --with-local-prefix=/mingw64/local --build=x86_64-w64-mingw32 --host=x86_64-w64-mingw32 --target=x86_64-w64-mingw32 --with-native-system-header-dir=/mingw64/x86_64-w64-mingw32/include --libexecdir=/mingw64/lib --enable-bootstrap --with-arch=x86-64 --with-tune=generic --enable-languages=ada,c,lto,c++,objc,obj-c++,fortran --enable-shared --enable-static --enable-libatomic --enable-threads=posix --enable-graphite --enable-fully-dynamic-string --enable-libstdcxx-filesystem-ts=yes --enable-libstdcxx-time=yes --disable-libstdcxx-pch --disable-libstdcxx-debug --disable-isl-version-check --enable-lto --enable-libgomp --disable-multilib --enable-checking=release --disable-rpath --disable-win32-registry --disable-nls --disable-werror --disable-symvers --with-libiconv --with-system-zlib --with-gmp=/mingw64 --with-mpfr=/mingw64 --with-mpc=/mingw64 --with-isl=/mingw64 --with-pkgversion='Rev2, Built by MSYS2 project' --with-bugurl=https://sourceforge.net/projects/msys2 --with-gnu-as --with-gnu-ld
Thread model: posix
gcc version 8.3.0 (Rev2, Built by MSYS2 project) 
configure:8689: $? = 0
configure:8678: g++ -V >&5
g++.exe: error: unrecognized command line option '-V'
g++.exe: fatal error: no input files
compilation terminated.
configure:8689: $? = 1
configure:8678: g++ -qversion >&5
g++.exe: error: unrecognized command line option '-qversion'; did you mean '--version'?
g++.exe: fatal error: no input files
compilation terminated.
configure:8689: $? = 1
configure:8693: checking whether we are using the GNU C++ compiler
configure:8721: result: yes
configure:8730: checking whether g++ accepts -g
configure:8791: result: no
configure:8822: checking how to run the C++ preprocessor
configure:8888: result: g++ -E
configure:8908: g++ -E -I/mingw64/include conftest.cpp
configure:8908: $? = 0
configure:8922: g++ -E -I/mingw64/include conftest.cpp
conftest.cpp:25:10: fatal error: ac_nonexistent.h: No such file or directory
 #include <ac_nonexistent.h>
          ^~~~~~~~~~~~~~~~~~
compilation terminated.
configure:8922: $? = 1
configure: failed program was:
| /* confdefs.h */
| #define PACKAGE_NAME "exiv2"
| #define PACKAGE_TARNAME "exiv2"
| #define PACKAGE_VERSION "0.26"
| #define PACKAGE_STRING "exiv2 0.26"
| #define PACKAGE_BUGREPORT "ahuggel@gmx.net"
| #define PACKAGE_URL ""
| #define PACKAGE "exiv2"
| #define VERSION "0.26"
| #define HAVE_ICONV 1
| #define ENABLE_NLS 1
| #define HAVE_GETTEXT 1
| #define HAVE_DCGETTEXT 1
| #define STDC_HEADERS 1
| #define HAVE_SYS_TYPES_H 1
| #define HAVE_SYS_STAT_H 1
| #define HAVE_STDLIB_H 1
| #define HAVE_STRING_H 1
| #define HAVE_MEMORY_H 1
| #define HAVE_STRINGS_H 1
| #define HAVE_INTTYPES_H 1
| #define HAVE_STDINT_H 1
| #define HAVE_UNISTD_H 1
| /* end confdefs.h.  */
| #include <ac_nonexistent.h>
configure:9128: checking for objdir
configure:9143: result: .libs
configure:9439: checking if gcc supports -fno-rtti -fno-exceptions
configure:9457: gcc -c -O2 -I/mingw64/include -fno-rtti -fno-exceptions conftest.c >&5
cc1.exe: warning: command line option '-fno-rtti' is valid for C++/ObjC++ but not for C
configure:9461: $? = 0
configure:9474: result: no
configure:9494: checking for gcc option to produce PIC
configure:9766: result: -DDLL_EXPORT -DPIC
configure:9778: checking if gcc PIC flag -DDLL_EXPORT -DPIC works
configure:9796: gcc -c -O2 -I/mingw64/include -DDLL_EXPORT -DPIC -DPIC conftest.c >&5
configure:9800: $? = 0
configure:9813: result: yes
configure:9837: checking if gcc static flag -static works
configure:9865: result: yes
configure:9880: checking if gcc supports -c -o file.o
configure:9901: gcc -c -O2 -I/mingw64/include -o out/conftest2.o conftest.c >&5
configure:9905: $? = 0
configure:9927: result: yes
configure:9935: checking if gcc supports -c -o file.o
configure:9982: result: yes
configure:10015: checking whether the gcc linker (C:/msys64/mingw64/x86_64-w64-mingw32/bin/ld.exe) supports shared libraries
configure:11005: result: yes
configure:11042: checking whether -lc should be explicitly linked in
configure:11047: gcc -c -O2 -I/mingw64/include conftest.c >&5
configure:11050: $? = 0
configure:11065: gcc -shared conftest.o  -v -o ./conftest -Wl,--enable-auto-image-base -Xlinker --out-implib -Xlinker conftest 2\>\&1 \| /usr/bin/grep  -lc  \>/dev/null 2\>\&1
configure:11068: $? = 1
configure:11080: result: yes
configure:11244: checking dynamic linker characteristics
configure:11907: result: Win32 ld.exe
configure:12009: checking how to hardcode library paths into programs
configure:12034: result: immediate
configure:12554: checking whether stripping libraries is possible
configure:12559: result: yes
configure:12594: checking if libtool supports shared libraries
configure:12596: result: yes
configure:12599: checking whether to build shared libraries
configure:12620: result: yes
configure:12623: checking whether to build static libraries
configure:12627: result: yes
configure:12777: checking for ld used by g++
configure:12844: result: C:/msys64/mingw64/x86_64-w64-mingw32/bin/ld.exe
configure:12851: checking if the linker (C:/msys64/mingw64/x86_64-w64-mingw32/bin/ld.exe) is GNU ld
configure:12866: result: yes
configure:12921: checking whether the g++ linker (C:/msys64/mingw64/x86_64-w64-mingw32/bin/ld.exe) supports shared libraries
configure:13834: result: yes
configure:13862: g++ -c -O2 -I/mingw64/include conftest.cpp >&5
configure:13865: $? = 0
configure:14047: checking for g++ option to produce PIC
configure:14364: result: -DDLL_EXPORT -DPIC
configure:14373: checking if g++ PIC flag -DDLL_EXPORT -DPIC works
configure:14391: g++ -c -O2 -I/mingw64/include -DDLL_EXPORT -DPIC -DPIC conftest.cpp >&5
configure:14395: $? = 0
configure:14408: result: yes
configure:14429: checking if g++ static flag -static works
configure:14457: result: yes
configure:14469: checking if g++ supports -c -o file.o
configure:14490: g++ -c -O2 -I/mingw64/include -o out/conftest2.o conftest.cpp >&5
configure:14494: $? = 0
configure:14516: result: yes
configure:14521: checking if g++ supports -c -o file.o
configure:14568: result: yes
configure:14598: checking whether the g++ linker (C:/msys64/mingw64/x86_64-w64-mingw32/bin/ld.exe) supports shared libraries
configure:14627: result: yes
configure:14764: checking dynamic linker characteristics
configure:15375: result: Win32 ld.exe
configure:15426: checking how to hardcode library paths into programs
configure:15451: result: immediate
configure:15602: checking for cos in -lm
configure:15627: gcc -o conftest.exe -O2 -I/mingw64/include  conftest.c -lm   >&5
conftest.c:33:6: warning: conflicting types for built-in function 'cos' [-Wbuiltin-declaration-mismatch]
 char cos ();
      ^~~
configure:15627: $? = 0
configure:15636: result: yes
configure:15650: checking if zlib is wanted
configure:15665: result: yes
configure:15699: checking for inflateEnd in -lz
configure:15724: gcc -o conftest.exe -O2 -I/mingw64/include  conftest.c -lz   -lm >&5
configure:15724: $? = 0
configure:15733: result: yes
configure:15741: checking zlib.h usability
configure:15741: gcc -c -O2 -I/mingw64/include conftest.c >&5
configure:15741: $? = 0
configure:15741: result: yes
configure:15741: checking zlib.h presence
configure:15741: gcc -E -I/mingw64/include conftest.c
configure:15741: $? = 0
configure:15741: result: yes
configure:15741: checking for zlib.h
configure:15741: result: yes
configure:15760: checking for inflateEnd in -lz
configure:15794: result: yes
configure:15805: checking zlib in /usr
configure:15807: result: ok
configure:15857: checking for iconv
configure:15911: result: yes
configure:15919: checking how to link with libiconv
configure:15921: result: /mingw64/lib/libiconv.a
configure:15932: checking for iconv declaration
configure:15961: gcc -c -O2 -I/mingw64/include conftest.c >&5
configure:15961: $? = 0
configure:15972: result: 
         extern size_t iconv (iconv_t cd, char * *inbuf, size_t *inbytesleft, char * *outbuf, size_t *outbytesleft);
configure:15986: checking for ANSI C header files
configure:16090: result: yes
configure:16101: checking libintl.h usability
configure:16101: gcc -c -O2 -I/mingw64/include conftest.c >&5
configure:16101: $? = 0
configure:16101: result: yes
configure:16101: checking libintl.h presence
configure:16101: gcc -E -I/mingw64/include conftest.c
configure:16101: $? = 0
configure:16101: result: yes
configure:16101: checking for libintl.h
configure:16101: result: yes
configure:16101: checking locale.h usability
configure:16101: gcc -c -O2 -I/mingw64/include conftest.c >&5
configure:16101: $? = 0
configure:16101: result: yes
configure:16101: checking locale.h presence
configure:16101: gcc -E -I/mingw64/include conftest.c
configure:16101: $? = 0
configure:16101: result: yes
configure:16101: checking for locale.h
configure:16101: result: yes
configure:16101: checking malloc.h usability
configure:16101: gcc -c -O2 -I/mingw64/include conftest.c >&5
configure:16101: $? = 0
configure:16101: result: yes
configure:16101: checking malloc.h presence
configure:16101: gcc -E -I/mingw64/include conftest.c
configure:16101: $? = 0
configure:16101: result: yes
configure:16101: checking for malloc.h
configure:16101: result: yes
configure:16101: checking for stdint.h
configure:16101: result: yes
configure:16101: checking for stdlib.h
configure:16101: result: yes
configure:16101: checking for string.h
configure:16101: result: yes
configure:16101: checking for unistd.h
configure:16101: result: yes
configure:16101: checking sys/mman.h usability
configure:16101: gcc -c -O2 -I/mingw64/include conftest.c >&5
conftest.c:70:10: fatal error: sys/mman.h: No such file or directory
 #include <sys/mman.h>
          ^~~~~~~~~~~~
compilation terminated.
configure:16101: $? = 1
configure: failed program was:
| /* confdefs.h */
| #define PACKAGE_NAME "exiv2"
| #define PACKAGE_TARNAME "exiv2"
| #define PACKAGE_VERSION "0.26"
| #define PACKAGE_STRING "exiv2 0.26"
| #define PACKAGE_BUGREPORT "ahuggel@gmx.net"
| #define PACKAGE_URL ""
| #define PACKAGE "exiv2"
| #define VERSION "0.26"
| #define HAVE_ICONV 1
| #define ENABLE_NLS 1
| #define HAVE_GETTEXT 1
| #define HAVE_DCGETTEXT 1
| #define STDC_HEADERS 1
| #define HAVE_SYS_TYPES_H 1
| #define HAVE_SYS_STAT_H 1
| #define HAVE_STDLIB_H 1
| #define HAVE_STRING_H 1
| #define HAVE_MEMORY_H 1
| #define HAVE_STRINGS_H 1
| #define HAVE_INTTYPES_H 1
| #define HAVE_STDINT_H 1
| #define HAVE_UNISTD_H 1
| #define LT_OBJDIR ".libs/"
| #define HAVE_LIBZ 1
| #define HAVE_ICONV 1
| #define ICONV_CONST 
| #define STDC_HEADERS 1
| #define HAVE_LIBINTL_H 1
| #define HAVE_LOCALE_H 1
| #define HAVE_MALLOC_H 1
| #define HAVE_STDINT_H 1
| #define HAVE_STDLIB_H 1
| #define HAVE_STRING_H 1
| #define HAVE_UNISTD_H 1
| /* end confdefs.h.  */
| #include <stdio.h>
| #ifdef HAVE_SYS_TYPES_H
| # include <sys/types.h>
| #endif
| #ifdef HAVE_SYS_STAT_H
| # include <sys/stat.h>
| #endif
| #ifdef STDC_HEADERS
| # include <stdlib.h>
| # include <stddef.h>
| #else
| # ifdef HAVE_STDLIB_H
| #  include <stdlib.h>
| # endif
| #endif
| #ifdef HAVE_STRING_H
| # if !defined STDC_HEADERS && defined HAVE_MEMORY_H
| #  include <memory.h>
| # endif
| # include <string.h>
| #endif
| #ifdef HAVE_STRINGS_H
| # include <strings.h>
| #endif
| #ifdef HAVE_INTTYPES_H
| # include <inttypes.h>
| #endif
| #ifdef HAVE_STDINT_H
| # include <stdint.h>
| #endif
| #ifdef HAVE_UNISTD_H
| # include <unistd.h>
| #endif
| #include <sys/mman.h>
configure:16101: result: no
configure:16101: checking sys/mman.h presence
configure:16101: gcc -E -I/mingw64/include conftest.c
conftest.c:37:10: fatal error: sys/mman.h: No such file or directory
 #include <sys/mman.h>
          ^~~~~~~~~~~~
compilation terminated.
configure:16101: $? = 1
configure: failed program was:
| /* confdefs.h */
| #define PACKAGE_NAME "exiv2"
| #define PACKAGE_TARNAME "exiv2"
| #define PACKAGE_VERSION "0.26"
| #define PACKAGE_STRING "exiv2 0.26"
| #define PACKAGE_BUGREPORT "ahuggel@gmx.net"
| #define PACKAGE_URL ""
| #define PACKAGE "exiv2"
| #define VERSION "0.26"
| #define HAVE_ICONV 1
| #define ENABLE_NLS 1
| #define HAVE_GETTEXT 1
| #define HAVE_DCGETTEXT 1
| #define STDC_HEADERS 1
| #define HAVE_SYS_TYPES_H 1
| #define HAVE_SYS_STAT_H 1
| #define HAVE_STDLIB_H 1
| #define HAVE_STRING_H 1
| #define HAVE_MEMORY_H 1
| #define HAVE_STRINGS_H 1
| #define HAVE_INTTYPES_H 1
| #define HAVE_STDINT_H 1
| #define HAVE_UNISTD_H 1
| #define LT_OBJDIR ".libs/"
| #define HAVE_LIBZ 1
| #define HAVE_ICONV 1
| #define ICONV_CONST 
| #define STDC_HEADERS 1
| #define HAVE_LIBINTL_H 1
| #define HAVE_LOCALE_H 1
| #define HAVE_MALLOC_H 1
| #define HAVE_STDINT_H 1
| #define HAVE_STDLIB_H 1
| #define HAVE_STRING_H 1
| #define HAVE_UNISTD_H 1
| /* end confdefs.h.  */
| #include <sys/mman.h>
configure:16101: result: no
configure:16101: checking for sys/mman.h
configure:16101: result: no
configure:16101: checking utime.h usability
configure:16101: gcc -c -O2 -I/mingw64/include conftest.c >&5
configure:16101: $? = 0
configure:16101: result: yes
configure:16101: checking utime.h presence
configure:16101: gcc -E -I/mingw64/include conftest.c
configure:16101: $? = 0
configure:16101: result: yes
configure:16101: checking for utime.h
configure:16101: result: yes
configure:16101: checking regex.h usability
configure:16101: gcc -c -O2 -I/mingw64/include conftest.c >&5
configure:16101: $? = 0
configure:16101: result: yes
configure:16101: checking regex.h presence
configure:16101: gcc -E -I/mingw64/include conftest.c
configure:16101: $? = 0
configure:16101: result: yes
configure:16101: checking for regex.h
configure:16101: result: yes
configure:16115: checking for stdbool.h that conforms to C99
configure:16182: gcc -c -O2 -I/mingw64/include conftest.c >&5
configure:16182: $? = 0
configure:16189: result: yes
configure:16191: checking for _Bool
configure:16191: gcc -c -O2 -I/mingw64/include conftest.c >&5
configure:16191: $? = 0
configure:16191: gcc -c -O2 -I/mingw64/include conftest.c >&5
conftest.c: In function 'main':
conftest.c:75:20: error: expected expression before ')' token
 if (sizeof ((_Bool)))
                    ^
configure:16191: $? = 1
configure: failed program was:
| /* confdefs.h */
| #define PACKAGE_NAME "exiv2"
| #define PACKAGE_TARNAME "exiv2"
| #define PACKAGE_VERSION "0.26"
| #define PACKAGE_STRING "exiv2 0.26"
| #define PACKAGE_BUGREPORT "ahuggel@gmx.net"
| #define PACKAGE_URL ""
| #define PACKAGE "exiv2"
| #define VERSION "0.26"
| #define HAVE_ICONV 1
| #define ENABLE_NLS 1
| #define HAVE_GETTEXT 1
| #define HAVE_DCGETTEXT 1
| #define STDC_HEADERS 1
| #define HAVE_SYS_TYPES_H 1
| #define HAVE_SYS_STAT_H 1
| #define HAVE_STDLIB_H 1
| #define HAVE_STRING_H 1
| #define HAVE_MEMORY_H 1
| #define HAVE_STRINGS_H 1
| #define HAVE_INTTYPES_H 1
| #define HAVE_STDINT_H 1
| #define HAVE_UNISTD_H 1
| #define LT_OBJDIR ".libs/"
| #define HAVE_LIBZ 1
| #define HAVE_ICONV 1
| #define ICONV_CONST 
| #define STDC_HEADERS 1
| #define HAVE_LIBINTL_H 1
| #define HAVE_LOCALE_H 1
| #define HAVE_MALLOC_H 1
| #define HAVE_STDINT_H 1
| #define HAVE_STDLIB_H 1
| #define HAVE_STRING_H 1
| #define HAVE_UNISTD_H 1
| #define HAVE_UTIME_H 1
| #define HAVE_REGEX_H 1
| /* end confdefs.h.  */
| #include <stdio.h>
| #ifdef HAVE_SYS_TYPES_H
| # include <sys/types.h>
| #endif
| #ifdef HAVE_SYS_STAT_H
| # include <sys/stat.h>
| #endif
| #ifdef STDC_HEADERS
| # include <stdlib.h>
| # include <stddef.h>
| #else
| # ifdef HAVE_STDLIB_H
| #  include <stdlib.h>
| # endif
| #endif
| #ifdef HAVE_STRING_H
| # if !defined STDC_HEADERS && defined HAVE_MEMORY_H
| #  include <memory.h>
| # endif
| # include <string.h>
| #endif
| #ifdef HAVE_STRINGS_H
| # include <strings.h>
| #endif
| #ifdef HAVE_INTTYPES_H
| # include <inttypes.h>
| #endif
| #ifdef HAVE_STDINT_H
| # include <stdint.h>
| #endif
| #ifdef HAVE_UNISTD_H
| # include <unistd.h>
| #endif
| int
| main ()
| {
| if (sizeof ((_Bool)))
| 	    return 0;
|   ;
|   return 0;
| }
configure:16191: result: yes
configure:16208: checking for an ANSI C-conforming const
configure:16274: gcc -c -O2 -I/mingw64/include conftest.c >&5
configure:16274: $? = 0
configure:16281: result: yes
configure:16289: checking for inline
configure:16305: gcc -c -O2 -I/mingw64/include conftest.c >&5
configure:16305: $? = 0
configure:16313: result: inline
configure:16331: checking for pid_t
configure:16331: gcc -c -O2 -I/mingw64/include conftest.c >&5
configure:16331: $? = 0
configure:16331: gcc -c -O2 -I/mingw64/include conftest.c >&5
conftest.c: In function 'main':
conftest.c:77:20: error: expected expression before ')' token
 if (sizeof ((pid_t)))
                    ^
configure:16331: $? = 1
configure: failed program was:
| /* confdefs.h */
| #define PACKAGE_NAME "exiv2"
| #define PACKAGE_TARNAME "exiv2"
| #define PACKAGE_VERSION "0.26"
| #define PACKAGE_STRING "exiv2 0.26"
| #define PACKAGE_BUGREPORT "ahuggel@gmx.net"
| #define PACKAGE_URL ""
| #define PACKAGE "exiv2"
| #define VERSION "0.26"
| #define HAVE_ICONV 1
| #define ENABLE_NLS 1
| #define HAVE_GETTEXT 1
| #define HAVE_DCGETTEXT 1
| #define STDC_HEADERS 1
| #define HAVE_SYS_TYPES_H 1
| #define HAVE_SYS_STAT_H 1
| #define HAVE_STDLIB_H 1
| #define HAVE_STRING_H 1
| #define HAVE_MEMORY_H 1
| #define HAVE_STRINGS_H 1
| #define HAVE_INTTYPES_H 1
| #define HAVE_STDINT_H 1
| #define HAVE_UNISTD_H 1
| #define LT_OBJDIR ".libs/"
| #define HAVE_LIBZ 1
| #define HAVE_ICONV 1
| #define ICONV_CONST 
| #define STDC_HEADERS 1
| #define HAVE_LIBINTL_H 1
| #define HAVE_LOCALE_H 1
| #define HAVE_MALLOC_H 1
| #define HAVE_STDINT_H 1
| #define HAVE_STDLIB_H 1
| #define HAVE_STRING_H 1
| #define HAVE_UNISTD_H 1
| #define HAVE_UTIME_H 1
| #define HAVE_REGEX_H 1
| #define HAVE__BOOL 1
| #define HAVE_STDBOOL_H 1
| /* end confdefs.h.  */
| #include <stdio.h>
| #ifdef HAVE_SYS_TYPES_H
| # include <sys/types.h>
| #endif
| #ifdef HAVE_SYS_STAT_H
| # include <sys/stat.h>
| #endif
| #ifdef STDC_HEADERS
| # include <stdlib.h>
| # include <stddef.h>
| #else
| # ifdef HAVE_STDLIB_H
| #  include <stdlib.h>
| # endif
| #endif
| #ifdef HAVE_STRING_H
| # if !defined STDC_HEADERS && defined HAVE_MEMORY_H
| #  include <memory.h>
| # endif
| # include <string.h>
| #endif
| #ifdef HAVE_STRINGS_H
| # include <strings.h>
| #endif
| #ifdef HAVE_INTTYPES_H
| # include <inttypes.h>
| #endif
| #ifdef HAVE_STDINT_H
| # include <stdint.h>
| #endif
| #ifdef HAVE_UNISTD_H
| # include <unistd.h>
| #endif
| int
| main ()
| {
| if (sizeof ((pid_t)))
| 	    return 0;
|   ;
|   return 0;
| }
configure:16331: result: yes
configure:16342: checking for size_t
configure:16342: gcc -c -O2 -I/mingw64/include conftest.c >&5
configure:16342: $? = 0
configure:16342: gcc -c -O2 -I/mingw64/include conftest.c >&5
conftest.c: In function 'main':
conftest.c:77:21: error: expected expression before ')' token
 if (sizeof ((size_t)))
                     ^
configure:16342: $? = 1
configure: failed program was:
| /* confdefs.h */
| #define PACKAGE_NAME "exiv2"
| #define PACKAGE_TARNAME "exiv2"
| #define PACKAGE_VERSION "0.26"
| #define PACKAGE_STRING "exiv2 0.26"
| #define PACKAGE_BUGREPORT "ahuggel@gmx.net"
| #define PACKAGE_URL ""
| #define PACKAGE "exiv2"
| #define VERSION "0.26"
| #define HAVE_ICONV 1
| #define ENABLE_NLS 1
| #define HAVE_GETTEXT 1
| #define HAVE_DCGETTEXT 1
| #define STDC_HEADERS 1
| #define HAVE_SYS_TYPES_H 1
| #define HAVE_SYS_STAT_H 1
| #define HAVE_STDLIB_H 1
| #define HAVE_STRING_H 1
| #define HAVE_MEMORY_H 1
| #define HAVE_STRINGS_H 1
| #define HAVE_INTTYPES_H 1
| #define HAVE_STDINT_H 1
| #define HAVE_UNISTD_H 1
| #define LT_OBJDIR ".libs/"
| #define HAVE_LIBZ 1
| #define HAVE_ICONV 1
| #define ICONV_CONST 
| #define STDC_HEADERS 1
| #define HAVE_LIBINTL_H 1
| #define HAVE_LOCALE_H 1
| #define HAVE_MALLOC_H 1
| #define HAVE_STDINT_H 1
| #define HAVE_STDLIB_H 1
| #define HAVE_STRING_H 1
| #define HAVE_UNISTD_H 1
| #define HAVE_UTIME_H 1
| #define HAVE_REGEX_H 1
| #define HAVE__BOOL 1
| #define HAVE_STDBOOL_H 1
| /* end confdefs.h.  */
| #include <stdio.h>
| #ifdef HAVE_SYS_TYPES_H
| # include <sys/types.h>
| #endif
| #ifdef HAVE_SYS_STAT_H
| # include <sys/stat.h>
| #endif
| #ifdef STDC_HEADERS
| # include <stdlib.h>
| # include <stddef.h>
| #else
| # ifdef HAVE_STDLIB_H
| #  include <stdlib.h>
| # endif
| #endif
| #ifdef HAVE_STRING_H
| # if !defined STDC_HEADERS && defined HAVE_MEMORY_H
| #  include <memory.h>
| # endif
| # include <string.h>
| #endif
| #ifdef HAVE_STRINGS_H
| # include <strings.h>
| #endif
| #ifdef HAVE_INTTYPES_H
| # include <inttypes.h>
| #endif
| #ifdef HAVE_STDINT_H
| # include <stdint.h>
| #endif
| #ifdef HAVE_UNISTD_H
| # include <unistd.h>
| #endif
| int
| main ()
| {
| if (sizeof ((size_t)))
| 	    return 0;
|   ;
|   return 0;
| }
configure:16342: result: yes
configure:16353: checking whether struct tm is in sys/time.h or time.h
configure:16373: gcc -c -O2 -I/mingw64/include conftest.c >&5
configure:16373: $? = 0
configure:16380: result: time.h
configure:16408: checking for stdlib.h
configure:16408: result: yes
configure:16408: checking for unistd.h
configure:16408: result: yes
configure:16408: checking for sys/param.h
configure:16408: gcc -c -O2 -I/mingw64/include conftest.c >&5
configure:16408: $? = 0
configure:16408: result: yes
configure:16428: checking for getpagesize
configure:16428: gcc -o conftest.exe -O2 -I/mingw64/include  conftest.c -lz  -lm >&5
configure:16428: $? = 0
configure:16428: result: yes
configure:16437: checking for working mmap
configure:16584: gcc -o conftest.exe -O2 -I/mingw64/include  conftest.c -lz  -lm >&5
conftest.c:104:10: fatal error: sys/mman.h: No such file or directory
 #include <sys/mman.h>
          ^~~~~~~~~~~~
compilation terminated.
configure:16584: $? = 1
configure: program exited with status 1
configure: failed program was:
| /* confdefs.h */
| #define PACKAGE_NAME "exiv2"
| #define PACKAGE_TARNAME "exiv2"
| #define PACKAGE_VERSION "0.26"
| #define PACKAGE_STRING "exiv2 0.26"
| #define PACKAGE_BUGREPORT "ahuggel@gmx.net"
| #define PACKAGE_URL ""
| #define PACKAGE "exiv2"
| #define VERSION "0.26"
| #define HAVE_ICONV 1
| #define ENABLE_NLS 1
| #define HAVE_GETTEXT 1
| #define HAVE_DCGETTEXT 1
| #define STDC_HEADERS 1
| #define HAVE_SYS_TYPES_H 1
| #define HAVE_SYS_STAT_H 1
| #define HAVE_STDLIB_H 1
| #define HAVE_STRING_H 1
| #define HAVE_MEMORY_H 1
| #define HAVE_STRINGS_H 1
| #define HAVE_INTTYPES_H 1
| #define HAVE_STDINT_H 1
| #define HAVE_UNISTD_H 1
| #define LT_OBJDIR ".libs/"
| #define HAVE_LIBZ 1
| #define HAVE_ICONV 1
| #define ICONV_CONST 
| #define STDC_HEADERS 1
| #define HAVE_LIBINTL_H 1
| #define HAVE_LOCALE_H 1
| #define HAVE_MALLOC_H 1
| #define HAVE_STDINT_H 1
| #define HAVE_STDLIB_H 1
| #define HAVE_STRING_H 1
| #define HAVE_UNISTD_H 1
| #define HAVE_UTIME_H 1
| #define HAVE_REGEX_H 1
| #define HAVE__BOOL 1
| #define HAVE_STDBOOL_H 1
| #define HAVE_STDLIB_H 1
| #define HAVE_UNISTD_H 1
| #define HAVE_SYS_PARAM_H 1
| #define HAVE_GETPAGESIZE 1
| /* end confdefs.h.  */
| #include <stdio.h>
| #ifdef HAVE_SYS_TYPES_H
| # include <sys/types.h>
| #endif
| #ifdef HAVE_SYS_STAT_H
| # include <sys/stat.h>
| #endif
| #ifdef STDC_HEADERS
| # include <stdlib.h>
| # include <stddef.h>
| #else
| # ifdef HAVE_STDLIB_H
| #  include <stdlib.h>
| # endif
| #endif
| #ifdef HAVE_STRING_H
| # if !defined STDC_HEADERS && defined HAVE_MEMORY_H
| #  include <memory.h>
| # endif
| # include <string.h>
| #endif
| #ifdef HAVE_STRINGS_H
| # include <strings.h>
| #endif
| #ifdef HAVE_INTTYPES_H
| # include <inttypes.h>
| #endif
| #ifdef HAVE_STDINT_H
| # include <stdint.h>
| #endif
| #ifdef HAVE_UNISTD_H
| # include <unistd.h>
| #endif
| /* malloc might have been renamed as rpl_malloc. */
| #undef malloc
| 
| /* Thanks to Mike Haertel and Jim Avera for this test.
|    Here is a matrix of mmap possibilities:
| 	mmap private not fixed
| 	mmap private fixed at somewhere currently unmapped
| 	mmap private fixed at somewhere already mapped
| 	mmap shared not fixed
| 	mmap shared fixed at somewhere currently unmapped
| 	mmap shared fixed at somewhere already mapped
|    For private mappings, we should verify that changes cannot be read()
|    back from the file, nor mmap's back from the file at a different
|    address.  (There have been systems where private was not correctly
|    implemented like the infamous i386 svr4.0, and systems where the
|    VM page cache was not coherent with the file system buffer cache
|    like early versions of FreeBSD and possibly contemporary NetBSD.)
|    For shared mappings, we should conversely verify that changes get
|    propagated back to all the places they're supposed to be.
| 
|    Grep wants private fixed already mapped.
|    The main things grep needs to know about mmap are:
|    * does it exist and is it safe to write into the mmap'd area
|    * how to use it (BSD variants)  */
| 
| #include <fcntl.h>
| #include <sys/mman.h>
| 
| #if !defined STDC_HEADERS && !defined HAVE_STDLIB_H
| char *malloc ();
| #endif
| 
| /* This mess was copied from the GNU getpagesize.h.  */
| #ifndef HAVE_GETPAGESIZE
| # ifdef _SC_PAGESIZE
| #  define getpagesize() sysconf(_SC_PAGESIZE)
| # else /* no _SC_PAGESIZE */
| #  ifdef HAVE_SYS_PARAM_H
| #   include <sys/param.h>
| #   ifdef EXEC_PAGESIZE
| #    define getpagesize() EXEC_PAGESIZE
| #   else /* no EXEC_PAGESIZE */
| #    ifdef NBPG
| #     define getpagesize() NBPG * CLSIZE
| #     ifndef CLSIZE
| #      define CLSIZE 1
| #     endif /* no CLSIZE */
| #    else /* no NBPG */
| #     ifdef NBPC
| #      define getpagesize() NBPC
| #     else /* no NBPC */
| #      ifdef PAGESIZE
| #       define getpagesize() PAGESIZE
| #      endif /* PAGESIZE */
| #     endif /* no NBPC */
| #    endif /* no NBPG */
| #   endif /* no EXEC_PAGESIZE */
| #  else /* no HAVE_SYS_PARAM_H */
| #   define getpagesize() 8192	/* punt totally */
| #  endif /* no HAVE_SYS_PARAM_H */
| # endif /* no _SC_PAGESIZE */
| 
| #endif /* no HAVE_GETPAGESIZE */
| 
| int
| main ()
| {
|   char *data, *data2, *data3;
|   const char *cdata2;
|   int i, pagesize;
|   int fd, fd2;
| 
|   pagesize = getpagesize ();
| 
|   /* First, make a file with some known garbage in it. */
|   data = (char *) malloc (pagesize);
|   if (!data)
|     return 1;
|   for (i = 0; i < pagesize; ++i)
|     *(data + i) = rand ();
|   umask (0);
|   fd = creat ("conftest.mmap", 0600);
|   if (fd < 0)
|     return 2;
|   if (write (fd, data, pagesize) != pagesize)
|     return 3;
|   close (fd);
| 
|   /* Next, check that the tail of a page is zero-filled.  File must have
|      non-zero length, otherwise we risk SIGBUS for entire page.  */
|   fd2 = open ("conftest.txt", O_RDWR | O_CREAT | O_TRUNC, 0600);
|   if (fd2 < 0)
|     return 4;
|   cdata2 = "";
|   if (write (fd2, cdata2, 1) != 1)
|     return 5;
|   data2 = (char *) mmap (0, pagesize, PROT_READ | PROT_WRITE, MAP_SHARED, fd2, 0L);
|   if (data2 == MAP_FAILED)
|     return 6;
|   for (i = 0; i < pagesize; ++i)
|     if (*(data2 + i))
|       return 7;
|   close (fd2);
|   if (munmap (data2, pagesize))
|     return 8;
| 
|   /* Next, try to mmap the file at a fixed address which already has
|      something else allocated at it.  If we can, also make sure that
|      we see the same garbage.  */
|   fd = open ("conftest.mmap", O_RDWR);
|   if (fd < 0)
|     return 9;
|   if (data2 != mmap (data2, pagesize, PROT_READ | PROT_WRITE,
| 		     MAP_PRIVATE | MAP_FIXED, fd, 0L))
|     return 10;
|   for (i = 0; i < pagesize; ++i)
|     if (*(data + i) != *(data2 + i))
|       return 11;
| 
|   /* Finally, make sure that changes to the mapped area do not
|      percolate back to the file as seen by read().  (This is a bug on
|      some variants of i386 svr4.0.)  */
|   for (i = 0; i < pagesize; ++i)
|     *(data2 + i) = *(data2 + i) + 1;
|   data3 = (char *) malloc (pagesize);
|   if (!data3)
|     return 12;
|   if (read (fd, data3, pagesize) != pagesize)
|     return 13;
|   for (i = 0; i < pagesize; ++i)
|     if (*(data + i) != *(data3 + i))
|       return 14;
|   close (fd);
|   return 0;
| }
configure:16594: result: no
configure:16603: checking whether strerror_r is declared
configure:16603: gcc -c -O2 -I/mingw64/include conftest.c >&5
conftest.c: In function 'main':
conftest.c:85:10: error: 'strerror_r' undeclared (first use in this function); did you mean 'strerror_s'?
   (void) strerror_r;
          ^~~~~~~~~~
          strerror_s
conftest.c:85:10: note: each undeclared identifier is reported only once for each function it appears in
configure:16603: $? = 1
configure: failed program was:
| /* confdefs.h */
| #define PACKAGE_NAME "exiv2"
| #define PACKAGE_TARNAME "exiv2"
| #define PACKAGE_VERSION "0.26"
| #define PACKAGE_STRING "exiv2 0.26"
| #define PACKAGE_BUGREPORT "ahuggel@gmx.net"
| #define PACKAGE_URL ""
| #define PACKAGE "exiv2"
| #define VERSION "0.26"
| #define HAVE_ICONV 1
| #define ENABLE_NLS 1
| #define HAVE_GETTEXT 1
| #define HAVE_DCGETTEXT 1
| #define STDC_HEADERS 1
| #define HAVE_SYS_TYPES_H 1
| #define HAVE_SYS_STAT_H 1
| #define HAVE_STDLIB_H 1
| #define HAVE_STRING_H 1
| #define HAVE_MEMORY_H 1
| #define HAVE_STRINGS_H 1
| #define HAVE_INTTYPES_H 1
| #define HAVE_STDINT_H 1
| #define HAVE_UNISTD_H 1
| #define LT_OBJDIR ".libs/"
| #define HAVE_LIBZ 1
| #define HAVE_ICONV 1
| #define ICONV_CONST 
| #define STDC_HEADERS 1
| #define HAVE_LIBINTL_H 1
| #define HAVE_LOCALE_H 1
| #define HAVE_MALLOC_H 1
| #define HAVE_STDINT_H 1
| #define HAVE_STDLIB_H 1
| #define HAVE_STRING_H 1
| #define HAVE_UNISTD_H 1
| #define HAVE_UTIME_H 1
| #define HAVE_REGEX_H 1
| #define HAVE__BOOL 1
| #define HAVE_STDBOOL_H 1
| #define HAVE_STDLIB_H 1
| #define HAVE_UNISTD_H 1
| #define HAVE_SYS_PARAM_H 1
| #define HAVE_GETPAGESIZE 1
| /* end confdefs.h.  */
| #include <stdio.h>
| #ifdef HAVE_SYS_TYPES_H
| # include <sys/types.h>
| #endif
| #ifdef HAVE_SYS_STAT_H
| # include <sys/stat.h>
| #endif
| #ifdef STDC_HEADERS
| # include <stdlib.h>
| # include <stddef.h>
| #else
| # ifdef HAVE_STDLIB_H
| #  include <stdlib.h>
| # endif
| #endif
| #ifdef HAVE_STRING_H
| # if !defined STDC_HEADERS && defined HAVE_MEMORY_H
| #  include <memory.h>
| # endif
| # include <string.h>
| #endif
| #ifdef HAVE_STRINGS_H
| # include <strings.h>
| #endif
| #ifdef HAVE_INTTYPES_H
| # include <inttypes.h>
| #endif
| #ifdef HAVE_STDINT_H
| # include <stdint.h>
| #endif
| #ifdef HAVE_UNISTD_H
| # include <unistd.h>
| #endif
| int
| main ()
| {
| #ifndef strerror_r
| #ifdef __cplusplus
|   (void) strerror_r;
| #else
|   (void) strerror_r;
| #endif
| #endif
| 
|   ;
|   return 0;
| }
configure:16603: result: no
configure:16616: checking for strerror_r
configure:16616: gcc -o conftest.exe -O2 -I/mingw64/include  conftest.c -lz  -lm >&5
C:\msys64\tmp\ccYXRfTG.o:conftest.c:(.text.startup+0xa): undefined reference to `strerror_r'
collect2.exe: error: ld returned 1 exit status
configure:16616: $? = 1
configure: failed program was:
| /* confdefs.h */
| #define PACKAGE_NAME "exiv2"
| #define PACKAGE_TARNAME "exiv2"
| #define PACKAGE_VERSION "0.26"
| #define PACKAGE_STRING "exiv2 0.26"
| #define PACKAGE_BUGREPORT "ahuggel@gmx.net"
| #define PACKAGE_URL ""
| #define PACKAGE "exiv2"
| #define VERSION "0.26"
| #define HAVE_ICONV 1
| #define ENABLE_NLS 1
| #define HAVE_GETTEXT 1
| #define HAVE_DCGETTEXT 1
| #define STDC_HEADERS 1
| #define HAVE_SYS_TYPES_H 1
| #define HAVE_SYS_STAT_H 1
| #define HAVE_STDLIB_H 1
| #define HAVE_STRING_H 1
| #define HAVE_MEMORY_H 1
| #define HAVE_STRINGS_H 1
| #define HAVE_INTTYPES_H 1
| #define HAVE_STDINT_H 1
| #define HAVE_UNISTD_H 1
| #define LT_OBJDIR ".libs/"
| #define HAVE_LIBZ 1
| #define HAVE_ICONV 1
| #define ICONV_CONST 
| #define STDC_HEADERS 1
| #define HAVE_LIBINTL_H 1
| #define HAVE_LOCALE_H 1
| #define HAVE_MALLOC_H 1
| #define HAVE_STDINT_H 1
| #define HAVE_STDLIB_H 1
| #define HAVE_STRING_H 1
| #define HAVE_UNISTD_H 1
| #define HAVE_UTIME_H 1
| #define HAVE_REGEX_H 1
| #define HAVE__BOOL 1
| #define HAVE_STDBOOL_H 1
| #define HAVE_STDLIB_H 1
| #define HAVE_UNISTD_H 1
| #define HAVE_SYS_PARAM_H 1
| #define HAVE_GETPAGESIZE 1
| #define HAVE_DECL_STRERROR_R 0
| /* end confdefs.h.  */
| /* Define strerror_r to an innocuous variant, in case <limits.h> declares strerror_r.
|    For example, HP-UX 11i <limits.h> declares gettimeofday.  */
| #define strerror_r innocuous_strerror_r
| 
| /* System header to define __stub macros and hopefully few prototypes,
|     which can conflict with char strerror_r (); below.
|     Prefer <limits.h> to <assert.h> if __STDC__ is defined, since
|     <limits.h> exists even on freestanding compilers.  */
| 
| #ifdef __STDC__
| # include <limits.h>
| #else
| # include <assert.h>
| #endif
| 
| #undef strerror_r
| 
| /* Override any GCC internal prototype to avoid an error.
|    Use char because int might match the return type of a GCC
|    builtin and then its argument prototype would still apply.  */
| #ifdef __cplusplus
| extern "C"
| #endif
| char strerror_r ();
| /* The GNU C library defines this for functions which it implements
|     to always fail with ENOSYS.  Some functions are actually named
|     something starting with __ and the normal name is an alias.  */
| #if defined __stub_strerror_r || defined __stub___strerror_r
| choke me
| #endif
| 
| int
| main ()
| {
| return strerror_r ();
|   ;
|   return 0;
| }
configure:16616: result: no
configure:16625: checking whether strerror_r returns char *
configure:16677: gcc -o conftest.exe -O2 -I/mingw64/include  conftest.c -lz  -lm >&5
conftest.c: In function 'main':
conftest.c:85:13: warning: implicit declaration of function 'isalpha' [-Wimplicit-function-declaration]
    return ! isalpha (x);
             ^~~~~~~
C:\msys64\tmp\cceeI68W.o:conftest.c:(.text.startup+0x1a): undefined reference to `strerror_r'
collect2.exe: error: ld returned 1 exit status
configure:16677: $? = 1
configure: program exited with status 1
configure: failed program was:
| /* confdefs.h */
| #define PACKAGE_NAME "exiv2"
| #define PACKAGE_TARNAME "exiv2"
| #define PACKAGE_VERSION "0.26"
| #define PACKAGE_STRING "exiv2 0.26"
| #define PACKAGE_BUGREPORT "ahuggel@gmx.net"
| #define PACKAGE_URL ""
| #define PACKAGE "exiv2"
| #define VERSION "0.26"
| #define HAVE_ICONV 1
| #define ENABLE_NLS 1
| #define HAVE_GETTEXT 1
| #define HAVE_DCGETTEXT 1
| #define STDC_HEADERS 1
| #define HAVE_SYS_TYPES_H 1
| #define HAVE_SYS_STAT_H 1
| #define HAVE_STDLIB_H 1
| #define HAVE_STRING_H 1
| #define HAVE_MEMORY_H 1
| #define HAVE_STRINGS_H 1
| #define HAVE_INTTYPES_H 1
| #define HAVE_STDINT_H 1
| #define HAVE_UNISTD_H 1
| #define LT_OBJDIR ".libs/"
| #define HAVE_LIBZ 1
| #define HAVE_ICONV 1
| #define ICONV_CONST 
| #define STDC_HEADERS 1
| #define HAVE_LIBINTL_H 1
| #define HAVE_LOCALE_H 1
| #define HAVE_MALLOC_H 1
| #define HAVE_STDINT_H 1
| #define HAVE_STDLIB_H 1
| #define HAVE_STRING_H 1
| #define HAVE_UNISTD_H 1
| #define HAVE_UTIME_H 1
| #define HAVE_REGEX_H 1
| #define HAVE__BOOL 1
| #define HAVE_STDBOOL_H 1
| #define HAVE_STDLIB_H 1
| #define HAVE_UNISTD_H 1
| #define HAVE_SYS_PARAM_H 1
| #define HAVE_GETPAGESIZE 1
| #define HAVE_DECL_STRERROR_R 0
| /* end confdefs.h.  */
| #include <stdio.h>
| #ifdef HAVE_SYS_TYPES_H
| # include <sys/types.h>
| #endif
| #ifdef HAVE_SYS_STAT_H
| # include <sys/stat.h>
| #endif
| #ifdef STDC_HEADERS
| # include <stdlib.h>
| # include <stddef.h>
| #else
| # ifdef HAVE_STDLIB_H
| #  include <stdlib.h>
| # endif
| #endif
| #ifdef HAVE_STRING_H
| # if !defined STDC_HEADERS && defined HAVE_MEMORY_H
| #  include <memory.h>
| # endif
| # include <string.h>
| #endif
| #ifdef HAVE_STRINGS_H
| # include <strings.h>
| #endif
| #ifdef HAVE_INTTYPES_H
| # include <inttypes.h>
| #endif
| #ifdef HAVE_STDINT_H
| # include <stdint.h>
| #endif
| #ifdef HAVE_UNISTD_H
| # include <unistd.h>
| #endif
| 	extern char *strerror_r ();
| int
| main ()
| {
| char buf[100];
| 	  char x = *strerror_r (0, buf, sizeof buf);
| 	  return ! isalpha (x);
|   ;
|   return 0;
| }
configure:16687: result: no
configure:16698: checking for gmtime_r
configure:16698: gcc -o conftest.exe -O2 -I/mingw64/include  conftest.c -lz  -lm >&5
C:\msys64\tmp\cc2x0K8z.o:conftest.c:(.text.startup+0xa): undefined reference to `gmtime_r'
collect2.exe: error: ld returned 1 exit status
configure:16698: $? = 1
configure: failed program was:
| /* confdefs.h */
| #define PACKAGE_NAME "exiv2"
| #define PACKAGE_TARNAME "exiv2"
| #define PACKAGE_VERSION "0.26"
| #define PACKAGE_STRING "exiv2 0.26"
| #define PACKAGE_BUGREPORT "ahuggel@gmx.net"
| #define PACKAGE_URL ""
| #define PACKAGE "exiv2"
| #define VERSION "0.26"
| #define HAVE_ICONV 1
| #define ENABLE_NLS 1
| #define HAVE_GETTEXT 1
| #define HAVE_DCGETTEXT 1
| #define STDC_HEADERS 1
| #define HAVE_SYS_TYPES_H 1
| #define HAVE_SYS_STAT_H 1
| #define HAVE_STDLIB_H 1
| #define HAVE_STRING_H 1
| #define HAVE_MEMORY_H 1
| #define HAVE_STRINGS_H 1
| #define HAVE_INTTYPES_H 1
| #define HAVE_STDINT_H 1
| #define HAVE_UNISTD_H 1
| #define LT_OBJDIR ".libs/"
| #define HAVE_LIBZ 1
| #define HAVE_ICONV 1
| #define ICONV_CONST 
| #define STDC_HEADERS 1
| #define HAVE_LIBINTL_H 1
| #define HAVE_LOCALE_H 1
| #define HAVE_MALLOC_H 1
| #define HAVE_STDINT_H 1
| #define HAVE_STDLIB_H 1
| #define HAVE_STRING_H 1
| #define HAVE_UNISTD_H 1
| #define HAVE_UTIME_H 1
| #define HAVE_REGEX_H 1
| #define HAVE__BOOL 1
| #define HAVE_STDBOOL_H 1
| #define HAVE_STDLIB_H 1
| #define HAVE_UNISTD_H 1
| #define HAVE_SYS_PARAM_H 1
| #define HAVE_GETPAGESIZE 1
| #define HAVE_DECL_STRERROR_R 0
| /* end confdefs.h.  */
| /* Define gmtime_r to an innocuous variant, in case <limits.h> declares gmtime_r.
|    For example, HP-UX 11i <limits.h> declares gettimeofday.  */
| #define gmtime_r innocuous_gmtime_r
| 
| /* System header to define __stub macros and hopefully few prototypes,
|     which can conflict with char gmtime_r (); below.
|     Prefer <limits.h> to <assert.h> if __STDC__ is defined, since
|     <limits.h> exists even on freestanding compilers.  */
| 
| #ifdef __STDC__
| # include <limits.h>
| #else
| # include <assert.h>
| #endif
| 
| #undef gmtime_r
| 
| /* Override any GCC internal prototype to avoid an error.
|    Use char because int might match the return type of a GCC
|    builtin and then its argument prototype would still apply.  */
| #ifdef __cplusplus
| extern "C"
| #endif
| char gmtime_r ();
| /* The GNU C library defines this for functions which it implements
|     to always fail with ENOSYS.  Some functions are actually named
|     something starting with __ and the normal name is an alias.  */
| #if defined __stub_gmtime_r || defined __stub___gmtime_r
| choke me
| #endif
| 
| int
| main ()
| {
| return gmtime_r ();
|   ;
|   return 0;
| }
configure:16698: result: no
configure:16698: checking for lstat
configure:16698: gcc -o conftest.exe -O2 -I/mingw64/include  conftest.c -lz  -lm >&5
C:\msys64\tmp\ccU9WFLj.o:conftest.c:(.text.startup+0xa): undefined reference to `lstat'
collect2.exe: error: ld returned 1 exit status
configure:16698: $? = 1
configure: failed program was:
| /* confdefs.h */
| #define PACKAGE_NAME "exiv2"
| #define PACKAGE_TARNAME "exiv2"
| #define PACKAGE_VERSION "0.26"
| #define PACKAGE_STRING "exiv2 0.26"
| #define PACKAGE_BUGREPORT "ahuggel@gmx.net"
| #define PACKAGE_URL ""
| #define PACKAGE "exiv2"
| #define VERSION "0.26"
| #define HAVE_ICONV 1
| #define ENABLE_NLS 1
| #define HAVE_GETTEXT 1
| #define HAVE_DCGETTEXT 1
| #define STDC_HEADERS 1
| #define HAVE_SYS_TYPES_H 1
| #define HAVE_SYS_STAT_H 1
| #define HAVE_STDLIB_H 1
| #define HAVE_STRING_H 1
| #define HAVE_MEMORY_H 1
| #define HAVE_STRINGS_H 1
| #define HAVE_INTTYPES_H 1
| #define HAVE_STDINT_H 1
| #define HAVE_UNISTD_H 1
| #define LT_OBJDIR ".libs/"
| #define HAVE_LIBZ 1
| #define HAVE_ICONV 1
| #define ICONV_CONST 
| #define STDC_HEADERS 1
| #define HAVE_LIBINTL_H 1
| #define HAVE_LOCALE_H 1
| #define HAVE_MALLOC_H 1
| #define HAVE_STDINT_H 1
| #define HAVE_STDLIB_H 1
| #define HAVE_STRING_H 1
| #define HAVE_UNISTD_H 1
| #define HAVE_UTIME_H 1
| #define HAVE_REGEX_H 1
| #define HAVE__BOOL 1
| #define HAVE_STDBOOL_H 1
| #define HAVE_STDLIB_H 1
| #define HAVE_UNISTD_H 1
| #define HAVE_SYS_PARAM_H 1
| #define HAVE_GETPAGESIZE 1
| #define HAVE_DECL_STRERROR_R 0
| /* end confdefs.h.  */
| /* Define lstat to an innocuous variant, in case <limits.h> declares lstat.
|    For example, HP-UX 11i <limits.h> declares gettimeofday.  */
| #define lstat innocuous_lstat
| 
| /* System header to define __stub macros and hopefully few prototypes,
|     which can conflict with char lstat (); below.
|     Prefer <limits.h> to <assert.h> if __STDC__ is defined, since
|     <limits.h> exists even on freestanding compilers.  */
| 
| #ifdef __STDC__
| # include <limits.h>
| #else
| # include <assert.h>
| #endif
| 
| #undef lstat
| 
| /* Override any GCC internal prototype to avoid an error.
|    Use char because int might match the return type of a GCC
|    builtin and then its argument prototype would still apply.  */
| #ifdef __cplusplus
| extern "C"
| #endif
| char lstat ();
| /* The GNU C library defines this for functions which it implements
|     to always fail with ENOSYS.  Some functions are actually named
|     something starting with __ and the normal name is an alias.  */
| #if defined __stub_lstat || defined __stub___lstat
| choke me
| #endif
| 
| int
| main ()
| {
| return lstat ();
|   ;
|   return 0;
| }
configure:16698: result: no
configure:16698: checking for memset
configure:16698: gcc -o conftest.exe -O2 -I/mingw64/include  conftest.c -lz  -lm >&5
conftest.c:69:6: warning: conflicting types for built-in function 'memset' [-Wbuiltin-declaration-mismatch]
 char memset ();
      ^~~~~~
configure:16698: $? = 0
configure:16698: result: yes
configure:16698: checking for mmap
configure:16698: gcc -o conftest.exe -O2 -I/mingw64/include  conftest.c -lz  -lm >&5
C:\msys64\tmp\cceOXJ2e.o:conftest.c:(.text.startup+0xa): undefined reference to `mmap'
collect2.exe: error: ld returned 1 exit status
configure:16698: $? = 1
configure: failed program was:
| /* confdefs.h */
| #define PACKAGE_NAME "exiv2"
| #define PACKAGE_TARNAME "exiv2"
| #define PACKAGE_VERSION "0.26"
| #define PACKAGE_STRING "exiv2 0.26"
| #define PACKAGE_BUGREPORT "ahuggel@gmx.net"
| #define PACKAGE_URL ""
| #define PACKAGE "exiv2"
| #define VERSION "0.26"
| #define HAVE_ICONV 1
| #define ENABLE_NLS 1
| #define HAVE_GETTEXT 1
| #define HAVE_DCGETTEXT 1
| #define STDC_HEADERS 1
| #define HAVE_SYS_TYPES_H 1
| #define HAVE_SYS_STAT_H 1
| #define HAVE_STDLIB_H 1
| #define HAVE_STRING_H 1
| #define HAVE_MEMORY_H 1
| #define HAVE_STRINGS_H 1
| #define HAVE_INTTYPES_H 1
| #define HAVE_STDINT_H 1
| #define HAVE_UNISTD_H 1
| #define LT_OBJDIR ".libs/"
| #define HAVE_LIBZ 1
| #define HAVE_ICONV 1
| #define ICONV_CONST 
| #define STDC_HEADERS 1
| #define HAVE_LIBINTL_H 1
| #define HAVE_LOCALE_H 1
| #define HAVE_MALLOC_H 1
| #define HAVE_STDINT_H 1
| #define HAVE_STDLIB_H 1
| #define HAVE_STRING_H 1
| #define HAVE_UNISTD_H 1
| #define HAVE_UTIME_H 1
| #define HAVE_REGEX_H 1
| #define HAVE__BOOL 1
| #define HAVE_STDBOOL_H 1
| #define HAVE_STDLIB_H 1
| #define HAVE_UNISTD_H 1
| #define HAVE_SYS_PARAM_H 1
| #define HAVE_GETPAGESIZE 1
| #define HAVE_DECL_STRERROR_R 0
| #define HAVE_MEMSET 1
| /* end confdefs.h.  */
| /* Define mmap to an innocuous variant, in case <limits.h> declares mmap.
|    For example, HP-UX 11i <limits.h> declares gettimeofday.  */
| #define mmap innocuous_mmap
| 
| /* System header to define __stub macros and hopefully few prototypes,
|     which can conflict with char mmap (); below.
|     Prefer <limits.h> to <assert.h> if __STDC__ is defined, since
|     <limits.h> exists even on freestanding compilers.  */
| 
| #ifdef __STDC__
| # include <limits.h>
| #else
| # include <assert.h>
| #endif
| 
| #undef mmap
| 
| /* Override any GCC internal prototype to avoid an error.
|    Use char because int might match the return type of a GCC
|    builtin and then its argument prototype would still apply.  */
| #ifdef __cplusplus
| extern "C"
| #endif
| char mmap ();
| /* The GNU C library defines this for functions which it implements
|     to always fail with ENOSYS.  Some functions are actually named
|     something starting with __ and the normal name is an alias.  */
| #if defined __stub_mmap || defined __stub___mmap
| choke me
| #endif
| 
| int
| main ()
| {
| return mmap ();
|   ;
|   return 0;
| }
configure:16698: result: no
configure:16698: checking for munmap
configure:16698: gcc -o conftest.exe -O2 -I/mingw64/include  conftest.c -lz  -lm >&5
C:\msys64\tmp\ccIfOU5r.o:conftest.c:(.text.startup+0xa): undefined reference to `munmap'
collect2.exe: error: ld returned 1 exit status
configure:16698: $? = 1
configure: failed program was:
| /* confdefs.h */
| #define PACKAGE_NAME "exiv2"
| #define PACKAGE_TARNAME "exiv2"
| #define PACKAGE_VERSION "0.26"
| #define PACKAGE_STRING "exiv2 0.26"
| #define PACKAGE_BUGREPORT "ahuggel@gmx.net"
| #define PACKAGE_URL ""
| #define PACKAGE "exiv2"
| #define VERSION "0.26"
| #define HAVE_ICONV 1
| #define ENABLE_NLS 1
| #define HAVE_GETTEXT 1
| #define HAVE_DCGETTEXT 1
| #define STDC_HEADERS 1
| #define HAVE_SYS_TYPES_H 1
| #define HAVE_SYS_STAT_H 1
| #define HAVE_STDLIB_H 1
| #define HAVE_STRING_H 1
| #define HAVE_MEMORY_H 1
| #define HAVE_STRINGS_H 1
| #define HAVE_INTTYPES_H 1
| #define HAVE_STDINT_H 1
| #define HAVE_UNISTD_H 1
| #define LT_OBJDIR ".libs/"
| #define HAVE_LIBZ 1
| #define HAVE_ICONV 1
| #define ICONV_CONST 
| #define STDC_HEADERS 1
| #define HAVE_LIBINTL_H 1
| #define HAVE_LOCALE_H 1
| #define HAVE_MALLOC_H 1
| #define HAVE_STDINT_H 1
| #define HAVE_STDLIB_H 1
| #define HAVE_STRING_H 1
| #define HAVE_UNISTD_H 1
| #define HAVE_UTIME_H 1
| #define HAVE_REGEX_H 1
| #define HAVE__BOOL 1
| #define HAVE_STDBOOL_H 1
| #define HAVE_STDLIB_H 1
| #define HAVE_UNISTD_H 1
| #define HAVE_SYS_PARAM_H 1
| #define HAVE_GETPAGESIZE 1
| #define HAVE_DECL_STRERROR_R 0
| #define HAVE_MEMSET 1
| /* end confdefs.h.  */
| /* Define munmap to an innocuous variant, in case <limits.h> declares munmap.
|    For example, HP-UX 11i <limits.h> declares gettimeofday.  */
| #define munmap innocuous_munmap
| 
| /* System header to define __stub macros and hopefully few prototypes,
|     which can conflict with char munmap (); below.
|     Prefer <limits.h> to <assert.h> if __STDC__ is defined, since
|     <limits.h> exists even on freestanding compilers.  */
| 
| #ifdef __STDC__
| # include <limits.h>
| #else
| # include <assert.h>
| #endif
| 
| #undef munmap
| 
| /* Override any GCC internal prototype to avoid an error.
|    Use char because int might match the return type of a GCC
|    builtin and then its argument prototype would still apply.  */
| #ifdef __cplusplus
| extern "C"
| #endif
| char munmap ();
| /* The GNU C library defines this for functions which it implements
|     to always fail with ENOSYS.  Some functions are actually named
|     something starting with __ and the normal name is an alias.  */
| #if defined __stub_munmap || defined __stub___munmap
| choke me
| #endif
| 
| int
| main ()
| {
| return munmap ();
|   ;
|   return 0;
| }
configure:16698: result: no
configure:16698: checking for strchr
configure:16698: gcc -o conftest.exe -O2 -I/mingw64/include  conftest.c -lz  -lm >&5
conftest.c:70:6: warning: conflicting types for built-in function 'strchr' [-Wbuiltin-declaration-mismatch]
 char strchr ();
      ^~~~~~
configure:16698: $? = 0
configure:16698: result: yes
configure:16698: checking for strerror
configure:16698: gcc -o conftest.exe -O2 -I/mingw64/include  conftest.c -lz  -lm >&5
configure:16698: $? = 0
configure:16698: result: yes
configure:16698: checking for strtol
configure:16698: gcc -o conftest.exe -O2 -I/mingw64/include  conftest.c -lz  -lm >&5
configure:16698: $? = 0
configure:16698: result: yes
configure:16709: checking for timegm
configure:16709: gcc -o conftest.exe -O2 -I/mingw64/include  conftest.c -lz  -lm >&5
C:\msys64\tmp\ccGh5tvE.o:conftest.c:(.text.startup+0xa): undefined reference to `timegm'
collect2.exe: error: ld returned 1 exit status
configure:16709: $? = 1
configure: failed program was:
| /* confdefs.h */
| #define PACKAGE_NAME "exiv2"
| #define PACKAGE_TARNAME "exiv2"
| #define PACKAGE_VERSION "0.26"
| #define PACKAGE_STRING "exiv2 0.26"
| #define PACKAGE_BUGREPORT "ahuggel@gmx.net"
| #define PACKAGE_URL ""
| #define PACKAGE "exiv2"
| #define VERSION "0.26"
| #define HAVE_ICONV 1
| #define ENABLE_NLS 1
| #define HAVE_GETTEXT 1
| #define HAVE_DCGETTEXT 1
| #define STDC_HEADERS 1
| #define HAVE_SYS_TYPES_H 1
| #define HAVE_SYS_STAT_H 1
| #define HAVE_STDLIB_H 1
| #define HAVE_STRING_H 1
| #define HAVE_MEMORY_H 1
| #define HAVE_STRINGS_H 1
| #define HAVE_INTTYPES_H 1
| #define HAVE_STDINT_H 1
| #define HAVE_UNISTD_H 1
| #define LT_OBJDIR ".libs/"
| #define HAVE_LIBZ 1
| #define HAVE_ICONV 1
| #define ICONV_CONST 
| #define STDC_HEADERS 1
| #define HAVE_LIBINTL_H 1
| #define HAVE_LOCALE_H 1
| #define HAVE_MALLOC_H 1
| #define HAVE_STDINT_H 1
| #define HAVE_STDLIB_H 1
| #define HAVE_STRING_H 1
| #define HAVE_UNISTD_H 1
| #define HAVE_UTIME_H 1
| #define HAVE_REGEX_H 1
| #define HAVE__BOOL 1
| #define HAVE_STDBOOL_H 1
| #define HAVE_STDLIB_H 1
| #define HAVE_UNISTD_H 1
| #define HAVE_SYS_PARAM_H 1
| #define HAVE_GETPAGESIZE 1
| #define HAVE_DECL_STRERROR_R 0
| #define HAVE_MEMSET 1
| #define HAVE_STRCHR 1
| #define HAVE_STRERROR 1
| #define HAVE_STRTOL 1
| /* end confdefs.h.  */
| /* Define timegm to an innocuous variant, in case <limits.h> declares timegm.
|    For example, HP-UX 11i <limits.h> declares gettimeofday.  */
| #define timegm innocuous_timegm
| 
| /* System header to define __stub macros and hopefully few prototypes,
|     which can conflict with char timegm (); below.
|     Prefer <limits.h> to <assert.h> if __STDC__ is defined, since
|     <limits.h> exists even on freestanding compilers.  */
| 
| #ifdef __STDC__
| # include <limits.h>
| #else
| # include <assert.h>
| #endif
| 
| #undef timegm
| 
| /* Override any GCC internal prototype to avoid an error.
|    Use char because int might match the return type of a GCC
|    builtin and then its argument prototype would still apply.  */
| #ifdef __cplusplus
| extern "C"
| #endif
| char timegm ();
| /* The GNU C library defines this for functions which it implements
|     to always fail with ENOSYS.  Some functions are actually named
|     something starting with __ and the normal name is an alias.  */
| #if defined __stub_timegm || defined __stub___timegm
| choke me
| #endif
| 
| int
| main ()
| {
| return timegm ();
|   ;
|   return 0;
| }
configure:16709: result: no
configure:16724: checking whether to enable dependency tracking
configure:16733: result: yes
configure:16742: checking whether to enable symbol visibility support
configure:16756: result: no
configure:16926: checking whether to use the lens database for Nikon lens names
configure:16935: result: yes
configure:16942: checking whether to compile a commercial version of the Exiv2 library
configure:16951: result: no
configure:16956: checking whether to enable XMP support (requires expat)
configure:16965: result: yes
configure:16968: checking whether to compile with video support
configure:16977: result: yes
configure:16988: checking whether to compile with webready support
configure:16997: result: no
configure:17232: checking expat.h usability
configure:17232: gcc -c -O2 -I/mingw64/include conftest.c >&5
configure:17232: $? = 0
configure:17232: result: yes
configure:17232: checking expat.h presence
configure:17232: gcc -E -I/mingw64/include conftest.c
configure:17232: $? = 0
configure:17232: result: yes
configure:17232: checking for expat.h
configure:17232: result: yes
configure:17237: checking for XML_ParserCreate in -lexpat
configure:17262: gcc -o conftest.exe -O2 -I/mingw64/include  conftest.c -lexpat  -lz  -lm >&5
configure:17262: $? = 0
configure:17271: result: yes
configure:17304: checking for pthread_create in -lpthread
configure:17329: gcc -o conftest.exe -O2 -I/mingw64/include  conftest.c -lpthread  -lz  -lm >&5
configure:17329: $? = 0
configure:17338: result: yes
configure:17531: creating ./config.status

## ---------------------- ##
## Running config.status. ##
## ---------------------- ##

This file was extended by exiv2 config.status 0.26, which was
generated by GNU Autoconf 2.69.  Invocation command line was

  CONFIG_FILES    = 
  CONFIG_HEADERS  = 
  CONFIG_LINKS    = 
  CONFIG_COMMANDS = 
  $ ./config.status 

on work

config.status:1186: creating ./Makefile
config.status:1186: creating ./config/config.mk
config.status:1186: creating ./config/exiv2.pc
config.status:1186: creating ./po/Makefile.in
config.status:1186: creating ./src/doxygen.hpp
config.status:1186: creating ./config/config.h
config.status:1375: executing default-1 commands
config.status:1375: executing libtool commands

## ---------------- ##
## Cache variables. ##
## ---------------- ##

ac_cv_build=x86_64-w64-mingw32
ac_cv_c_compiler_gnu=yes
ac_cv_c_const=yes
ac_cv_c_inline=inline
ac_cv_cxx_compiler_gnu=yes
ac_cv_env_CCC_set=
ac_cv_env_CCC_value=
ac_cv_env_CC_set=
ac_cv_env_CC_value=
ac_cv_env_CFLAGS_set=
ac_cv_env_CFLAGS_value=
ac_cv_env_CPPFLAGS_set=
ac_cv_env_CPPFLAGS_value=
ac_cv_env_CPP_set=
ac_cv_env_CPP_value=
ac_cv_env_CXXCPP_set=
ac_cv_env_CXXCPP_value=
ac_cv_env_CXXFLAGS_set=
ac_cv_env_CXXFLAGS_value=
ac_cv_env_CXX_set=
ac_cv_env_CXX_value=
ac_cv_env_LDFLAGS_set=
ac_cv_env_LDFLAGS_value=
ac_cv_env_LIBS_set=
ac_cv_env_LIBS_value=
ac_cv_env_build_alias_set=
ac_cv_env_build_alias_value=
ac_cv_env_host_alias_set=
ac_cv_env_host_alias_value=
ac_cv_env_target_alias_set=
ac_cv_env_target_alias_value=
ac_cv_exeext=.exe
ac_cv_func_getpagesize=yes
ac_cv_func_gmtime_r=no
ac_cv_func_lstat=no
ac_cv_func_memset=yes
ac_cv_func_mmap=no
ac_cv_func_mmap_fixed_mapped=no
ac_cv_func_munmap=no
ac_cv_func_strchr=yes
ac_cv_func_strerror=yes
ac_cv_func_strerror_r=no
ac_cv_func_strerror_r_char_p=no
ac_cv_func_strtol=yes
ac_cv_func_timegm=no
ac_cv_have_decl_strerror_r=no
ac_cv_header_dlfcn_h=no
ac_cv_header_expat_h=yes
ac_cv_header_inttypes_h=yes
ac_cv_header_libintl_h=yes
ac_cv_header_locale_h=yes
ac_cv_header_malloc_h=yes
ac_cv_header_memory_h=yes
ac_cv_header_regex_h=yes
ac_cv_header_stdbool_h=yes
ac_cv_header_stdc=yes
ac_cv_header_stdint_h=yes
ac_cv_header_stdlib_h=yes
ac_cv_header_string_h=yes
ac_cv_header_strings_h=yes
ac_cv_header_sys_mman_h=no
ac_cv_header_sys_param_h=yes
ac_cv_header_sys_stat_h=yes
ac_cv_header_sys_types_h=yes
ac_cv_header_unistd_h=yes
ac_cv_header_utime_h=yes
ac_cv_header_zlib_h=yes
ac_cv_host=x86_64-w64-mingw32
ac_cv_lib_expat_XML_ParserCreate=yes
ac_cv_lib_m_cos=yes
ac_cv_lib_pthread_pthread_create=yes
ac_cv_lib_z_inflateEnd=yes
ac_cv_objext=o
ac_cv_path_EGREP='/usr/bin/grep -E'
ac_cv_path_FGREP='/usr/bin/grep -F'
ac_cv_path_GMSGFMT=/mingw64/bin/msgfmt
ac_cv_path_GREP=/usr/bin/grep
ac_cv_path_MSGFMT=/mingw64/bin/msgfmt
ac_cv_path_MSGMERGE=/mingw64/bin/msgmerge
ac_cv_path_SED=/usr/bin/sed
ac_cv_path_XGETTEXT=/mingw64/bin/xgettext
ac_cv_path_install='/usr/bin/install -c'
ac_cv_prog_CPP='gcc -E'
ac_cv_prog_CXXCPP='g++ -E'
ac_cv_prog_ac_ct_AR=ar
ac_cv_prog_ac_ct_CC=gcc
ac_cv_prog_ac_ct_CXX=g++
ac_cv_prog_ac_ct_OBJDUMP=objdump
ac_cv_prog_ac_ct_RANLIB=ranlib
ac_cv_prog_ac_ct_STRIP=strip
ac_cv_prog_cc_c89=
ac_cv_prog_cc_g=no
ac_cv_prog_cxx_g=no
ac_cv_prog_make_make_set=yes
ac_cv_struct_tm=time.h
ac_cv_type__Bool=yes
ac_cv_type_pid_t=yes
ac_cv_type_size_t=yes
acl_cv_hardcode_direct=no
acl_cv_hardcode_libdir_flag_spec='-L$libdir'
acl_cv_hardcode_libdir_separator=
acl_cv_hardcode_minus_L=no
acl_cv_libext=a
acl_cv_libname_spec='lib$name'
acl_cv_library_names_spec='$libname.dll.a $libname.lib'
acl_cv_path_LD=C:/msys64/mingw64/x86_64-w64-mingw32/bin/ld.exe
acl_cv_prog_gnu_ld=yes
acl_cv_rpath=done
acl_cv_shlibext=dll
acl_cv_wl=-Wl,
am_cv_func_iconv=yes
am_cv_lib_iconv=yes
am_cv_proto_iconv='extern size_t iconv (iconv_t cd, char * *inbuf, size_t *inbytesleft, char * *outbuf, size_t *outbytesleft);'
am_cv_proto_iconv_arg1=
gt_cv_func_CFLocaleCopyCurrent=no
gt_cv_func_CFPreferencesCopyAppValue=no
gt_cv_func_gnugettext1_libc=no
gt_cv_func_gnugettext1_libintl=yes
lt_cv_deplibs_check_method='file_magic ^x86 archive import|^x86 DLL'
lt_cv_file_magic_cmd=func_win32_libid
lt_cv_file_magic_test_file=
lt_cv_ld_reload_flag=-r
lt_cv_nm_interface='BSD nm'
lt_cv_objdir=.libs
lt_cv_path_LD=C:/msys64/mingw64/x86_64-w64-mingw32/bin/ld.exe
lt_cv_path_LDCXX=C:/msys64/mingw64/x86_64-w64-mingw32/bin/ld.exe
lt_cv_path_NM='/mingw64/bin/nm -B'
lt_cv_prog_compiler_c_o=yes
lt_cv_prog_compiler_c_o_CXX=yes
lt_cv_prog_compiler_pic_works=yes
lt_cv_prog_compiler_pic_works_CXX=yes
lt_cv_prog_compiler_rtti_exceptions=no
lt_cv_prog_compiler_static_works=yes
lt_cv_prog_compiler_static_works_CXX=yes
lt_cv_prog_gnu_ld=yes
lt_cv_prog_gnu_ldcxx=yes
lt_cv_sys_global_symbol_pipe='sed -n -e '\''s/^.*[	 ]\([ABCDGIRSTW][ABCDGIRSTW]*\)[	 ][	 ]*\([_A-Za-z][_A-Za-z0-9]*\)\{0,1\}$/\1 \2 \2/p'\'''
lt_cv_sys_global_symbol_to_c_name_address='sed -n -e '\''s/^: \([^ ]*\) $/  {\"\1\", (void *) 0},/p'\'' -e '\''s/^[ABCDGIRSTW]* \([^ ]*\) \([^ ]*\)$/  {"\2", (void *) \&\2},/p'\'''
lt_cv_sys_global_symbol_to_c_name_address_lib_prefix='sed -n -e '\''s/^: \([^ ]*\) $/  {\"\1\", (void *) 0},/p'\'' -e '\''s/^[ABCDGIRSTW]* \([^ ]*\) \(lib[^ ]*\)$/  {"\2", (void *) \&\2},/p'\'' -e '\''s/^[ABCDGIRSTW]* \([^ ]*\) \([^ ]*\)$/  {"lib\2", (void *) \&\2},/p'\'''
lt_cv_sys_global_symbol_to_cdecl='sed -n -e '\''s/^T .* \(.*\)$/extern int \1();/p'\'' -e '\''s/^[ABCDGIRSTW]* .* \(.*\)$/extern char \1;/p'\'''
lt_cv_sys_max_cmd_len=8192
zlib_cv_libz=yes
zlib_cv_zlib_h=yes

## ----------------- ##
## Output variables. ##
## ----------------- ##

AR='ar'
CC='gcc'
CFLAGS='-O2'
COMMERCIAL_VERSION='no'
CPP='gcc -E'
CPPFLAGS='-I/mingw64/include'
CURL_CPPFLAGS=''
CURL_LDFLAGS=''
CURL_LIBS=''
CXX='g++'
CXXCPP='g++ -E'
CXXFLAGS='-O2'
DEFS='-DHAVE_CONFIG_H'
DEP_TRACKING='1'
DSYMUTIL=''
DUMPBIN=''
ECHO_C=''
ECHO_N='-n'
ECHO_T=''
EGREP='/usr/bin/grep -E'
ENABLE_VIDEO='1'
ENABLE_XMP='1'
EXEEXT='.exe'
EXIV2_LTVERSION='26:0:0'
EXPAT_CPPFLAGS=''
EXPAT_LDFLAGS=''
EXPAT_LIBS='-lexpat'
EXV_LIB_STATIC=''
FGREP='/usr/bin/grep -F'
GCC='yes'
GMSGFMT='/mingw64/bin/msgfmt'
GREP='/usr/bin/grep'
GXX='yes'
HAVE_LIBZ='1'
HAVE_TIMEGM=''
INSTALL_DATA='${INSTALL} -m 644'
INSTALL_PROGRAM='${INSTALL}'
INSTALL_SCRIPT='${INSTALL}'
INTLLIBS='/mingw64/lib/libintl.a /mingw64/lib/libiconv.a'
INTL_MACOSX_LIBS=''
LD='C:/msys64/mingw64/x86_64-w64-mingw32/bin/ld.exe'
LDFLAGS=' -no-undefined -lpsapi -lwldap32 -lws2_32'
LIBICONV='/mingw64/lib/libiconv.a'
LIBINTL='/mingw64/lib/libintl.a /mingw64/lib/libiconv.a'
LIBM='-lm'
LIBOBJS=''
LIBS='-lz  -lm'
LIBTOOL='$(SHELL) $(top_builddir)/libtool'
LIBTOOL_DEPS='./config/ltmain.sh'
LIPO=''
LN_S='cp -pR'
LTLIBICONV='-L/mingw64/lib -liconv'
LTLIBINTL='-L/mingw64/lib -lintl -L/mingw64/lib -liconv'
LTLIBOBJS=''
MKINSTALLDIRS='$(top_builddir)/./config/mkinstalldirs'
MSGFMT='/mingw64/bin/msgfmt'
MSGMERGE='/mingw64/bin/msgmerge'
NM='/mingw64/bin/nm -B'
NMEDIT=''
OBJDUMP='objdump'
OBJEXT='o'
OTOOL64=''
OTOOL=''
PACKAGE='exiv2'
PACKAGE_BUGREPORT='ahuggel@gmx.net'
PACKAGE_NAME='exiv2'
PACKAGE_STRING='exiv2 0.26'
PACKAGE_TARNAME='exiv2'
PACKAGE_URL=''
PACKAGE_VERSION='0.26'
PATH_SEPARATOR=':'
POSUB='po'
PTHREAD_LIBS='-lpthread'
RANLIB='ranlib'
SED='/usr/bin/sed'
SET_MAKE=''
SHELL='/bin/sh'
SSH_CPPFLAGS=''
SSH_LDFLAGS=''
SSH_LIBS=''
STRIP='strip'
USE_NLS='yes'
USE_SSH=''
VERSION='0.26'
XGETTEXT='/mingw64/bin/xgettext'
ac_ct_CC='gcc'
ac_ct_CXX='g++'
ac_ct_DUMPBIN=''
bindir='${exec_prefix}/bin'
build='x86_64-w64-mingw32'
build_alias='x86_64-w64-mingw32'
build_cpu='x86_64'
build_os='mingw32'
build_vendor='w64'
datadir='${datarootdir}'
datarootdir='${prefix}/share'
docdir='${datarootdir}/doc/${PACKAGE_TARNAME}'
dvidir='${docdir}'
exec_prefix='${prefix}'
host='x86_64-w64-mingw32'
host_alias=''
host_cpu='x86_64'
host_os='mingw32'
host_vendor='w64'
htmldir='${docdir}'
includedir='${prefix}/include'
infodir='${datarootdir}/info'
libdir='${exec_prefix}/lib'
libexecdir='${exec_prefix}/libexec'
localedir='${datarootdir}/locale'
localstatedir='${prefix}/var'
lt_ECHO='echo'
mandir='${datarootdir}/man'
oldincludedir='/usr/include'
pdfdir='${docdir}'
prefix='/mingw64'
program_transform_name='s,x,x,'
psdir='${docdir}'
sbindir='${exec_prefix}/sbin'
sharedstatedir='${prefix}/com'
sysconfdir='${prefix}/etc'
target_alias=''

## ----------- ##
## confdefs.h. ##
## ----------- ##

/* confdefs.h */
#define PACKAGE_NAME "exiv2"
#define PACKAGE_TARNAME "exiv2"
#define PACKAGE_VERSION "0.26"
#define PACKAGE_STRING "exiv2 0.26"
#define PACKAGE_BUGREPORT "ahuggel@gmx.net"
#define PACKAGE_URL ""
#define PACKAGE "exiv2"
#define VERSION "0.26"
#define HAVE_ICONV 1
#define ENABLE_NLS 1
#define HAVE_GETTEXT 1
#define HAVE_DCGETTEXT 1
#define STDC_HEADERS 1
#define HAVE_SYS_TYPES_H 1
#define HAVE_SYS_STAT_H 1
#define HAVE_STDLIB_H 1
#define HAVE_STRING_H 1
#define HAVE_MEMORY_H 1
#define HAVE_STRINGS_H 1
#define HAVE_INTTYPES_H 1
#define HAVE_STDINT_H 1
#define HAVE_UNISTD_H 1
#define LT_OBJDIR ".libs/"
#define HAVE_LIBZ 1
#define HAVE_ICONV 1
#define ICONV_CONST 
#define STDC_HEADERS 1
#define HAVE_LIBINTL_H 1
#define HAVE_LOCALE_H 1
#define HAVE_MALLOC_H 1
#define HAVE_STDINT_H 1
#define HAVE_STDLIB_H 1
#define HAVE_STRING_H 1
#define HAVE_UNISTD_H 1
#define HAVE_UTIME_H 1
#define HAVE_REGEX_H 1
#define HAVE__BOOL 1
#define HAVE_STDBOOL_H 1
#define HAVE_STDLIB_H 1
#define HAVE_UNISTD_H 1
#define HAVE_SYS_PARAM_H 1
#define HAVE_GETPAGESIZE 1
#define HAVE_DECL_STRERROR_R 0
#define HAVE_MEMSET 1
#define HAVE_STRCHR 1
#define HAVE_STRERROR 1
#define HAVE_STRTOL 1
#define HAVE_LENSDATA 1
#define ENABLE_VIDEO 1
#define HAVE_EXPAT_H 1
#define HAVE_EXPAT /**/
#define HAVE_XMP_TOOLKIT 1

configure: exit 0
