La génération a démarré 08/02/2017 12:04:56.
     1>Projet "C:\developpement\vs2013wx3.1\Regards\libextern\jxrlib\jxrencoderdecoder\JXRDecApp_vc11.vcxproj" sur le nœud 5 (build cible(s)).
     1>InitializeBuildStatus:
         Création de "Debug/JXRDecApp\JXRDecApp.unsuccessfulbuild", car "AlwaysCreate" a été spécifié.
       ClCompile:
         C:\Program Files (x86)\Microsoft Visual Studio 10.0\VC\bin\CL.exe /c /I..\JXRTestLib /I..\JXRGlueLib /I..\image\sys /I..\common\include /ZI /nologo /W4 /WX- /Od /Oy- /D WIN32 /D _DEBUG /D _CONSOLE /D _VC80_UPGRADE=0x0710 /D _MBCS /Gm /EHsc /RTC1 /MTd /GS /fp:precise /Zc:wchar_t /Zc:forScope /Fo"Debug/JXRDecApp\\" /Fd"Debug/JXRDecApp\vc100.pdb" /Gd /TC /analyze- /errorReport:prompt JxrDecApp.c
         JxrDecApp.c
       ManifestResourceCompile:
         C:\Program Files (x86)\Microsoft SDKs\Windows\v7.0A\bin\rc.exe /nologo /fo"Debug/JXRDecApp\JXRDecApp.exe.embed.manifest.res" Debug/JXRDecApp\JXRDecApp_manifest.rc 
       Link:
         C:\Program Files (x86)\Microsoft Visual Studio 10.0\VC\bin\link.exe /ERRORREPORT:PROMPT /OUT:"Debug/JXRDecApp\JXRDecApp.exe" /INCREMENTAL /NOLOGO kernel32.lib user32.lib gdi32.lib winspool.lib comdlg32.lib advapi32.lib shell32.lib ole32.lib oleaut32.lib uuid.lib odbc32.lib odbccp32.lib /MANIFEST /ManifestFile:"Debug/JXRDecApp\JXRDecApp.exe.intermediate.manifest" /MANIFESTUAC:"level='asInvoker' uiAccess='false'" /DEBUG /PDB:"Debug/JXRDecApp\JXRDecApp.pdb" /SUBSYSTEM:CONSOLE /TLBID:1 /DYNAMICBASE /NXCOMPAT /IMPLIB:"Debug/JXRDecApp\JXRDecApp.lib" /MACHINE:X86 Debug/JXRDecApp\JXRDecApp.exe.embed.manifest.res
         Debug/JXRDecApp\JxrDecApp.obj
         C:\developpement\vs2013wx3.1\Regards\libextern\jxrlib\image\VC11Projects\Debug\JXRCommonLib\JXRCommonLib.lib
         C:\developpement\vs2013wx3.1\Regards\libextern\jxrlib\image\VC11Projects\Debug\JXRDecodeLib\JXRDecodeLib.lib
         C:\developpement\vs2013wx3.1\Regards\libextern\jxrlib\image\VC11Projects\Debug\JXREncodeLib\JXREncodeLib.lib
         C:\developpement\vs2013wx3.1\Regards\libextern\jxrlib\JXRGlueLib\Debug\JXRGlueLib\JXRGlueLib.lib
         C:\developpement\vs2013wx3.1\Regards\libextern\jxrlib\JXRTestlib\Debug\JXRTestLib\JXRTestLib.lib
       Manifest:
         C:\Program Files (x86)\Microsoft SDKs\Windows\v7.0A\bin\mt.exe /nologo /verbose /out:"Debug/JXRDecApp\JXRDecApp.exe.embed.manifest" /manifest Debug/JXRDecApp\JXRDecApp.exe.intermediate.manifest
         C:\Program Files (x86)\Microsoft SDKs\Windows\v7.0A\bin\rc.exe /nologo /fo"Debug/JXRDecApp\JXRDecApp.exe.embed.manifest.res" Debug/JXRDecApp\JXRDecApp_manifest.rc 
       LinkEmbedManifest:
         C:\Program Files (x86)\Microsoft Visual Studio 10.0\VC\bin\link.exe /ERRORREPORT:PROMPT /OUT:"Debug/JXRDecApp\JXRDecApp.exe" /INCREMENTAL /NOLOGO kernel32.lib user32.lib gdi32.lib winspool.lib comdlg32.lib advapi32.lib shell32.lib ole32.lib oleaut32.lib uuid.lib odbc32.lib odbccp32.lib /MANIFEST /ManifestFile:"Debug/JXRDecApp\JXRDecApp.exe.intermediate.manifest" /MANIFESTUAC:"level='asInvoker' uiAccess='false'" /DEBUG /PDB:"Debug/JXRDecApp\JXRDecApp.pdb" /SUBSYSTEM:CONSOLE /TLBID:1 /DYNAMICBASE /NXCOMPAT /IMPLIB:"Debug/JXRDecApp\JXRDecApp.lib" /MACHINE:X86 Debug/JXRDecApp\JXRDecApp.exe.embed.manifest.res
         Debug/JXRDecApp\JxrDecApp.obj
         C:\developpement\vs2013wx3.1\Regards\libextern\jxrlib\image\VC11Projects\Debug\JXRCommonLib\JXRCommonLib.lib
         C:\developpement\vs2013wx3.1\Regards\libextern\jxrlib\image\VC11Projects\Debug\JXRDecodeLib\JXRDecodeLib.lib
         C:\developpement\vs2013wx3.1\Regards\libextern\jxrlib\image\VC11Projects\Debug\JXREncodeLib\JXREncodeLib.lib
         C:\developpement\vs2013wx3.1\Regards\libextern\jxrlib\JXRGlueLib\Debug\JXRGlueLib\JXRGlueLib.lib
         C:\developpement\vs2013wx3.1\Regards\libextern\jxrlib\JXRTestlib\Debug\JXRTestLib\JXRTestLib.lib
         JXRDecApp_vc11.vcxproj -> C:\developpement\vs2013wx3.1\Regards\libextern\jxrlib\jxrencoderdecoder\Debug/JXRDecApp\JXRDecApp.exe
       FinalizeBuildStatus:
         Suppression du fichier "Debug/JXRDecApp\JXRDecApp.unsuccessfulbuild".
         Mise à jour de l'horodatage "Debug/JXRDecApp\JXRDecApp.lastbuildstate".
     1>Génération du projet "C:\developpement\vs2013wx3.1\Regards\libextern\jxrlib\jxrencoderdecoder\JXRDecApp_vc11.vcxproj" terminée (build cible(s)).

La génération a réussi.

Temps écoulé 00:00:01.46
