La génération a démarré 08/02/2017 12:04:54.
     1>Projet "C:\developpement\vs2013wx3.1\Regards\libextern\jxrlib\image\VC11Projects\DecodeLib_vc11.vcxproj" sur le nœud 4 (build cible(s)).
     1>InitializeBuildStatus:
         Création de "Debug/JXRDecodeLib\JXRDecodeLib.unsuccessfulbuild", car "AlwaysCreate" a été spécifié.
       ClCompile:
         C:\Program Files (x86)\Microsoft Visual Studio 10.0\VC\bin\CL.exe /c /I..\sys /I..\..\Network\client\debughlp\memtrace /I..\x86 /Zi /nologo /W4 /WX- /Od /Oy- /D WIN32 /D _DEBUG /D _LIB /D DISABLE_PERF_MEASUREMENT /D _VC80_UPGRADE=0x0710 /D _MBCS /Gm /EHsc /RTC1 /MTd /GS /fp:precise /Zc:wchar_t /Zc:forScope /Fo"Debug/JXRDecodeLib\\" /Fd"Debug/JXRDecodeLib\JXRDecodeLib.pdb" /Gd /TC /analyze- /errorReport:prompt ..\decode\decode.c ..\decode\postprocess.c ..\decode\segdec.c ..\decode\strdec.c ..\decode\strdec_x86.c ..\decode\strInvTransform.c ..\decode\strPredQuantDec.c ..\decode\JXRTranscode.c
         JXRTranscode.c
         strPredQuantDec.c
         strInvTransform.c
         strdec_x86.c
         strdec.c
         segdec.c
         postprocess.c
         decode.c
         Génération de code en cours...
       Lib:
         C:\Program Files (x86)\Microsoft Visual Studio 10.0\VC\bin\Lib.exe /OUT:"Debug/JXRDecodeLib\JXRDecodeLib.lib" /NOLOGO Debug/JXRDecodeLib\decode.obj
         Debug/JXRDecodeLib\postprocess.obj
         Debug/JXRDecodeLib\segdec.obj
         Debug/JXRDecodeLib\strdec.obj
         Debug/JXRDecodeLib\strdec_x86.obj
         Debug/JXRDecodeLib\strInvTransform.obj
         Debug/JXRDecodeLib\strPredQuantDec.obj
         Debug/JXRDecodeLib\JXRTranscode.obj
         DecodeLib_vc11.vcxproj -> C:\developpement\vs2013wx3.1\Regards\libextern\jxrlib\image\VC11Projects\Debug/JXRDecodeLib\JXRDecodeLib.lib
       FinalizeBuildStatus:
         Suppression du fichier "Debug/JXRDecodeLib\JXRDecodeLib.unsuccessfulbuild".
         Mise à jour de l'horodatage "Debug/JXRDecodeLib\JXRDecodeLib.lastbuildstate".
     1>Génération du projet "C:\developpement\vs2013wx3.1\Regards\libextern\jxrlib\image\VC11Projects\DecodeLib_vc11.vcxproj" terminée (build cible(s)).

La génération a réussi.

Temps écoulé 00:00:01.83
