This file contains any messages produced by compilers while
running configure, to aid debugging if configure makes a mistake.

It was created by libzen configure 0.4.36, which was
generated by GNU Autoconf 2.69.  Invocation command line was

  $ ./configure --enable-static --disable-shared

## --------- ##
## Platform. ##
## --------- ##

hostname = surface
uname -m = x86_64
uname -r = 2.8.2(0.313/5/3)
uname -s = MINGW64_NT-10.0
uname -v = 2017-07-14 08:19

/usr/bin/uname -p = unknown
/bin/uname -X     = unknown

/bin/arch              = x86_64
/usr/bin/arch -k       = unknown
/usr/convex/getsysinfo = unknown
/usr/bin/hostinfo      = unknown
/bin/machine           = unknown
/usr/bin/oslevel       = unknown
/bin/universe          = unknown

PATH: /mingw64/bin
PATH: /usr/local/bin
PATH: /usr/bin
PATH: /bin
PATH: /c/Windows/System32
PATH: /c/Windows
PATH: /c/Windows/System32/Wbem
PATH: /c/Windows/System32/WindowsPowerShell/v1.0/
PATH: /usr/bin/site_perl
PATH: /usr/bin/vendor_perl
PATH: /usr/bin/core_perl


## ----------- ##
## Core tests. ##
## ----------- ##

configure:2194: loading site script /mingw64/etc/config.site
| # This file is in public domain.
| # Original author: Karlson2k (Evgeny Grin)
| # Written for MSys2/MinGW64 to help running 'configure' scripts
| 
| # Defaults for MinGW64-targeted programs
| 
| # Set proper selfname on bash and fallback to default name on other shells
| test -n "${BASH_SOURCE}" 2>/dev/null && config_site_me="${BASH_SOURCE[0]##*/}" || config_site_me=config.site
| 
| # Set default 'host' to speedup configure
| if test -z "$build_alias"; then
|   build_alias="${MSYSTEM_CHOST-x86_64-w64-mingw32}" && \
|     $as_echo "$config_site_me:${as_lineno-$LINENO}: default build_alias set to $build_alias" >&5 
| fi
| 
| # Set default 'prefix' to "/mingw64"
| if ( test -z "$prefix" || test "x$prefix" = "xNONE" ) && \
|    ( test -z "$exec_prefix" || test "x$exec_prefix" = "xNONE" ); then
|   prefix="${MSYSTEM_PREFIX-/mingw64}" && \
|     $as_echo "$config_site_me:${as_lineno-$LINENO}: default prefix set to $prefix" >&5
| fi
config.site:13: default build_alias set to x86_64-w64-mingw32
config.site:20: default prefix set to /mingw64
configure:2326: checking build system type
configure:2340: result: x86_64-w64-mingw32
configure:2376: checking for a BSD-compatible install
configure:2444: result: /usr/bin/install -c
configure:2455: checking whether build environment is sane
configure:2510: result: yes
configure:2661: checking for a thread-safe mkdir -p
configure:2700: result: /usr/bin/mkdir -p
configure:2707: checking for gawk
configure:2723: found /usr/bin/gawk
configure:2734: result: gawk
configure:2745: checking whether make sets $(MAKE)
configure:2767: result: yes
configure:2796: checking whether make supports nested variables
configure:2813: result: yes
configure:2946: checking for gcc
configure:2962: found /mingw64/bin/gcc
configure:2973: result: gcc
configure:3202: checking for C compiler version
configure:3211: gcc --version >&5
gcc.exe (Rev2, Built by MSYS2 project) 7.1.0
Copyright (C) 2017 Free Software Foundation, Inc.
This is free software; see the source for copying conditions.  There is NO
warranty; not even for MERCHANTABILITY or FITNESS FOR A PARTICULAR PURPOSE.

configure:3222: $? = 0
configure:3211: gcc -v >&5
Using built-in specs.
COLLECT_GCC=C:\msys64\mingw64\bin\gcc.exe
COLLECT_LTO_WRAPPER=C:/msys64/mingw64/bin/../lib/gcc/x86_64-w64-mingw32/7.1.0/lto-wrapper.exe
Target: x86_64-w64-mingw32
Configured with: ../gcc-7.1.0/configure --prefix=/mingw64 --with-local-prefix=/mingw64/local --build=x86_64-w64-mingw32 --host=x86_64-w64-mingw32 --target=x86_64-w64-mingw32 --with-native-system-header-dir=/mingw64/x86_64-w64-mingw32/include --libexecdir=/mingw64/lib --enable-bootstrap --with-arch=x86-64 --with-tune=generic --enable-languages=c,lto,c++,objc,obj-c++,fortran,ada --enable-shared --enable-static --enable-libatomic --enable-threads=posix --enable-graphite --enable-fully-dynamic-string --enable-libstdcxx-time=yes --disable-libstdcxx-pch --disable-libstdcxx-debug --disable-isl-version-check --enable-lto --enable-libgomp --disable-multilib --enable-checking=release --disable-rpath --disable-win32-registry --disable-nls --disable-werror --disable-symvers --with-libiconv --with-system-zlib --with-gmp=/mingw64 --with-mpfr=/mingw64 --with-mpc=/mingw64 --with-isl=/mingw64 --with-pkgversion='Rev2, Built by MSYS2 project' --with-bugurl=https://sourceforge.net/projects/msys2 --with-gnu-as --with-gnu-ld
Thread model: posix
gcc version 7.1.0 (Rev2, Built by MSYS2 project) 
configure:3222: $? = 0
configure:3211: gcc -V >&5
gcc.exe: error: unrecognized command line option '-V'
gcc.exe: fatal error: no input files
compilation terminated.
configure:3222: $? = 1
configure:3211: gcc -qversion >&5
gcc.exe: error: unrecognized command line option '-qversion'; did you mean '--version'?
gcc.exe: fatal error: no input files
compilation terminated.
configure:3222: $? = 1
configure:3242: checking whether the C compiler works
configure:3264: gcc    conftest.c  >&5
configure:3268: $? = 0
configure:3316: result: yes
configure:3319: checking for C compiler default output file name
configure:3321: result: a.exe
configure:3327: checking for suffix of executables
configure:3334: gcc -o conftest.exe    conftest.c  >&5
configure:3338: $? = 0
configure:3360: result: .exe
configure:3382: checking whether we are cross compiling
configure:3390: gcc -o conftest.exe    conftest.c  >&5
configure:3394: $? = 0
configure:3401: ./conftest.exe
configure:3405: $? = 0
configure:3420: result: no
configure:3425: checking for suffix of object files
configure:3447: gcc -c   conftest.c >&5
configure:3451: $? = 0
configure:3472: result: o
configure:3476: checking whether we are using the GNU C compiler
configure:3495: gcc -c   conftest.c >&5
configure:3495: $? = 0
configure:3504: result: yes
configure:3513: checking whether gcc accepts -g
configure:3533: gcc -c -g  conftest.c >&5
configure:3533: $? = 0
configure:3574: result: yes
configure:3591: checking for gcc option to accept ISO C89
configure:3654: gcc  -c -g -O2  conftest.c >&5
configure:3654: $? = 0
configure:3667: result: none needed
configure:3698: checking for style of include used by make
configure:3726: result: GNU
configure:3752: checking dependency style of gcc
configure:3863: result: gcc3
configure:3936: checking for g++
configure:3952: found /mingw64/bin/g++
configure:3963: result: g++
configure:3990: checking for C++ compiler version
configure:3999: g++ --version >&5
g++.exe (Rev2, Built by MSYS2 project) 7.1.0
Copyright (C) 2017 Free Software Foundation, Inc.
This is free software; see the source for copying conditions.  There is NO
warranty; not even for MERCHANTABILITY or FITNESS FOR A PARTICULAR PURPOSE.

configure:4010: $? = 0
configure:3999: g++ -v >&5
Using built-in specs.
COLLECT_GCC=C:\msys64\mingw64\bin\g++.exe
COLLECT_LTO_WRAPPER=C:/msys64/mingw64/bin/../lib/gcc/x86_64-w64-mingw32/7.1.0/lto-wrapper.exe
Target: x86_64-w64-mingw32
Configured with: ../gcc-7.1.0/configure --prefix=/mingw64 --with-local-prefix=/mingw64/local --build=x86_64-w64-mingw32 --host=x86_64-w64-mingw32 --target=x86_64-w64-mingw32 --with-native-system-header-dir=/mingw64/x86_64-w64-mingw32/include --libexecdir=/mingw64/lib --enable-bootstrap --with-arch=x86-64 --with-tune=generic --enable-languages=c,lto,c++,objc,obj-c++,fortran,ada --enable-shared --enable-static --enable-libatomic --enable-threads=posix --enable-graphite --enable-fully-dynamic-string --enable-libstdcxx-time=yes --disable-libstdcxx-pch --disable-libstdcxx-debug --disable-isl-version-check --enable-lto --enable-libgomp --disable-multilib --enable-checking=release --disable-rpath --disable-win32-registry --disable-nls --disable-werror --disable-symvers --with-libiconv --with-system-zlib --with-gmp=/mingw64 --with-mpfr=/mingw64 --with-mpc=/mingw64 --with-isl=/mingw64 --with-pkgversion='Rev2, Built by MSYS2 project' --with-bugurl=https://sourceforge.net/projects/msys2 --with-gnu-as --with-gnu-ld
Thread model: posix
gcc version 7.1.0 (Rev2, Built by MSYS2 project) 
configure:4010: $? = 0
configure:3999: g++ -V >&5
g++.exe: error: unrecognized command line option '-V'
g++.exe: fatal error: no input files
compilation terminated.
configure:4010: $? = 1
configure:3999: g++ -qversion >&5
g++.exe: error: unrecognized command line option '-qversion'; did you mean '--version'?
g++.exe: fatal error: no input files
compilation terminated.
configure:4010: $? = 1
configure:4014: checking whether we are using the GNU C++ compiler
configure:4033: g++ -c   conftest.cpp >&5
configure:4033: $? = 0
configure:4042: result: yes
configure:4051: checking whether g++ accepts -g
configure:4071: g++ -c -g  conftest.cpp >&5
configure:4071: $? = 0
configure:4112: result: yes
configure:4137: checking dependency style of g++
configure:4248: result: gcc3
configure:4268: checking how to run the C preprocessor
configure:4299: gcc -E  conftest.c
configure:4299: $? = 0
configure:4313: gcc -E  conftest.c
conftest.c:11:10: fatal error: ac_nonexistent.h: No such file or directory
 #include <ac_nonexistent.h>
          ^~~~~~~~~~~~~~~~~~
compilation terminated.
configure:4313: $? = 1
configure: failed program was:
| /* confdefs.h */
| #define PACKAGE_NAME "libzen"
| #define PACKAGE_TARNAME "libzen"
| #define PACKAGE_VERSION "0.4.36"
| #define PACKAGE_STRING "libzen 0.4.36"
| #define PACKAGE_BUGREPORT ""
| #define PACKAGE_URL ""
| #define PACKAGE "libzen"
| #define VERSION "0.4.36"
| /* end confdefs.h.  */
| #include <ac_nonexistent.h>
configure:4338: result: gcc -E
configure:4358: gcc -E  conftest.c
configure:4358: $? = 0
configure:4372: gcc -E  conftest.c
conftest.c:11:10: fatal error: ac_nonexistent.h: No such file or directory
 #include <ac_nonexistent.h>
          ^~~~~~~~~~~~~~~~~~
compilation terminated.
configure:4372: $? = 1
configure: failed program was:
| /* confdefs.h */
| #define PACKAGE_NAME "libzen"
| #define PACKAGE_TARNAME "libzen"
| #define PACKAGE_VERSION "0.4.36"
| #define PACKAGE_STRING "libzen 0.4.36"
| #define PACKAGE_BUGREPORT ""
| #define PACKAGE_URL ""
| #define PACKAGE "libzen"
| #define VERSION "0.4.36"
| /* end confdefs.h.  */
| #include <ac_nonexistent.h>
configure:4431: checking host system type
configure:4444: result: x86_64-w64-mingw32
configure:4511: checking for as
configure:4527: found /mingw64/bin/as
configure:4538: result: as
configure:4603: checking for dlltool
configure:4619: found /mingw64/bin/dlltool
configure:4630: result: dlltool
configure:4695: checking for objdump
configure:4711: found /mingw64/bin/objdump
configure:4722: result: objdump
configure:4813: checking how to print strings
configure:4840: result: printf
configure:4861: checking for a sed that does not truncate output
configure:4925: result: /usr/bin/sed
configure:4943: checking for grep that handles long lines and -e
configure:5001: result: /usr/bin/grep
configure:5006: checking for egrep
configure:5068: result: /usr/bin/grep -E
configure:5073: checking for fgrep
configure:5135: result: /usr/bin/grep -F
configure:5170: checking for ld used by gcc
configure:5237: result: C:/msys64/mingw64/x86_64-w64-mingw32/bin/ld.exe
configure:5244: checking if the linker (C:/msys64/mingw64/x86_64-w64-mingw32/bin/ld.exe) is GNU ld
configure:5259: result: yes
configure:5271: checking for BSD- or MS-compatible name lister (nm)
configure:5320: result: /mingw64/bin/nm -B
configure:5450: checking the name lister (/mingw64/bin/nm -B) interface
configure:5457: gcc -c -g -O2  conftest.c >&5
configure:5460: /mingw64/bin/nm -B "conftest.o"
configure:5463: output
0000000000000000 b .bss
0000000000000000 d .data
0000000000000000 N .debug_abbrev
0000000000000000 N .debug_aranges
0000000000000000 N .debug_info
0000000000000000 N .debug_line
0000000000000000 r .rdata$zzz
0000000000000000 t .text
0000000000000000 B some_variable
configure:5470: result: BSD nm
configure:5473: checking whether ln -s works
configure:5480: result: no, using cp -pR
configure:5485: checking the maximum length of command line arguments
configure:5615: result: 8192
configure:5632: checking whether the shell understands some XSI constructs
configure:5642: result: yes
configure:5646: checking whether the shell understands "+="
configure:5652: result: yes
configure:5687: checking how to convert x86_64-w64-mingw32 file names to x86_64-w64-mingw32 format
configure:5727: result: func_convert_file_msys_to_w32
configure:5734: checking how to convert x86_64-w64-mingw32 file names to toolchain format
configure:5754: result: func_convert_file_msys_to_w32
configure:5761: checking for C:/msys64/mingw64/x86_64-w64-mingw32/bin/ld.exe option to reload object files
configure:5768: result: -r
configure:5842: checking for objdump
configure:5869: result: objdump
configure:5898: checking how to recognize dependent libraries
configure:6100: result: file_magic ^x86 archive import|^x86 DLL
configure:6185: checking for dlltool
configure:6212: result: dlltool
configure:6242: checking how to associate runtime and link libraries
configure:6269: result: func_cygming_dll_for_implib
configure:6330: checking for ar
configure:6346: found /mingw64/bin/ar
configure:6357: result: ar
configure:6394: checking for archiver @FILE support
configure:6411: gcc -c -g -O2  conftest.c >&5
configure:6411: $? = 0
configure:6414: ar cru libconftest.a @conftest.lst >&5
configure:6417: $? = 0
configure:6422: ar cru libconftest.a @conftest.lst >&5
C:\msys64\mingw64\bin\ar.exe: conftest.o: No such file or directory
configure:6425: $? = 1
configure:6437: result: @
configure:6495: checking for strip
configure:6511: found /mingw64/bin/strip
configure:6522: result: strip
configure:6594: checking for ranlib
configure:6610: found /mingw64/bin/ranlib
configure:6621: result: ranlib
configure:6723: checking command to parse /mingw64/bin/nm -B output from gcc object
configure:6843: gcc -c -g -O2  conftest.c >&5
configure:6846: $? = 0
configure:6850: /mingw64/bin/nm -B conftest.o \| sed -n -e 's/^.*[ ]\([ABCDGIRSTW][ABCDGIRSTW]*\)[ ][ ]*\([_A-Za-z][_A-Za-z0-9]*\)\{0,1\}$/\1 \2 \2/p' | sed '/ __gnu_lto/d' \> conftest.nm
configure:6853: $? = 0
configure:6919: gcc -o conftest.exe -g -O2   conftest.c conftstm.o >&5
configure:6922: $? = 0
configure:6960: result: ok
configure:6997: checking for sysroot
configure:7027: result: no
configure:7283: checking for mt
configure:7313: result: no
configure:7333: checking if : is a manifest tool
configure:7339: : '-?'
configure:7347: result: no
configure:7985: checking for ANSI C header files
configure:8005: gcc -c -g -O2  conftest.c >&5
configure:8005: $? = 0
configure:8078: gcc -o conftest.exe -g -O2   conftest.c  >&5
configure:8078: $? = 0
configure:8078: ./conftest.exe
configure:8078: $? = 0
configure:8089: result: yes
configure:8102: checking for sys/types.h
configure:8102: gcc -c -g -O2  conftest.c >&5
configure:8102: $? = 0
configure:8102: result: yes
configure:8102: checking for sys/stat.h
configure:8102: gcc -c -g -O2  conftest.c >&5
configure:8102: $? = 0
configure:8102: result: yes
configure:8102: checking for stdlib.h
configure:8102: gcc -c -g -O2  conftest.c >&5
configure:8102: $? = 0
configure:8102: result: yes
configure:8102: checking for string.h
configure:8102: gcc -c -g -O2  conftest.c >&5
configure:8102: $? = 0
configure:8102: result: yes
configure:8102: checking for memory.h
configure:8102: gcc -c -g -O2  conftest.c >&5
configure:8102: $? = 0
configure:8102: result: yes
configure:8102: checking for strings.h
configure:8102: gcc -c -g -O2  conftest.c >&5
configure:8102: $? = 0
configure:8102: result: yes
configure:8102: checking for inttypes.h
configure:8102: gcc -c -g -O2  conftest.c >&5
configure:8102: $? = 0
configure:8102: result: yes
configure:8102: checking for stdint.h
configure:8102: gcc -c -g -O2  conftest.c >&5
configure:8102: $? = 0
configure:8102: result: yes
configure:8102: checking for unistd.h
configure:8102: gcc -c -g -O2  conftest.c >&5
configure:8102: $? = 0
configure:8102: result: yes
configure:8116: checking for dlfcn.h
configure:8116: gcc -c -g -O2  conftest.c >&5
conftest.c:55:10: fatal error: dlfcn.h: No such file or directory
 #include <dlfcn.h>
          ^~~~~~~~~
compilation terminated.
configure:8116: $? = 1
configure: failed program was:
| /* confdefs.h */
| #define PACKAGE_NAME "libzen"
| #define PACKAGE_TARNAME "libzen"
| #define PACKAGE_VERSION "0.4.36"
| #define PACKAGE_STRING "libzen 0.4.36"
| #define PACKAGE_BUGREPORT ""
| #define PACKAGE_URL ""
| #define PACKAGE "libzen"
| #define VERSION "0.4.36"
| #define STDC_HEADERS 1
| #define HAVE_SYS_TYPES_H 1
| #define HAVE_SYS_STAT_H 1
| #define HAVE_STDLIB_H 1
| #define HAVE_STRING_H 1
| #define HAVE_MEMORY_H 1
| #define HAVE_STRINGS_H 1
| #define HAVE_INTTYPES_H 1
| #define HAVE_STDINT_H 1
| #define HAVE_UNISTD_H 1
| /* end confdefs.h.  */
| #include <stdio.h>
| #ifdef HAVE_SYS_TYPES_H
| # include <sys/types.h>
| #endif
| #ifdef HAVE_SYS_STAT_H
| # include <sys/stat.h>
| #endif
| #ifdef STDC_HEADERS
| # include <stdlib.h>
| # include <stddef.h>
| #else
| # ifdef HAVE_STDLIB_H
| #  include <stdlib.h>
| # endif
| #endif
| #ifdef HAVE_STRING_H
| # if !defined STDC_HEADERS && defined HAVE_MEMORY_H
| #  include <memory.h>
| # endif
| # include <string.h>
| #endif
| #ifdef HAVE_STRINGS_H
| # include <strings.h>
| #endif
| #ifdef HAVE_INTTYPES_H
| # include <inttypes.h>
| #endif
| #ifdef HAVE_STDINT_H
| # include <stdint.h>
| #endif
| #ifdef HAVE_UNISTD_H
| # include <unistd.h>
| #endif
| 
| #include <dlfcn.h>
configure:8116: result: no
configure:8301: checking for objdir
configure:8316: result: .libs
configure:8583: checking if gcc supports -fno-rtti -fno-exceptions
configure:8601: gcc -c -g -O2  -fno-rtti -fno-exceptions conftest.c >&5
cc1.exe: warning: command line option '-fno-rtti' is valid for C++/ObjC++ but not for C
configure:8605: $? = 0
configure:8618: result: no
configure:8945: checking for gcc option to produce PIC
configure:8952: result: -DDLL_EXPORT -DPIC
configure:8960: checking if gcc PIC flag -DDLL_EXPORT -DPIC works
configure:8978: gcc -c -g -O2  -DDLL_EXPORT -DPIC -DPIC conftest.c >&5
configure:8982: $? = 0
configure:8995: result: yes
configure:9024: checking if gcc static flag -static works
configure:9052: result: yes
configure:9067: checking if gcc supports -c -o file.o
configure:9088: gcc -c -g -O2  -o out/conftest2.o conftest.c >&5
configure:9092: $? = 0
configure:9114: result: yes
configure:9122: checking if gcc supports -c -o file.o
configure:9169: result: yes
configure:9202: checking whether the gcc linker (C:/msys64/mingw64/x86_64-w64-mingw32/bin/ld.exe) supports shared libraries
configure:10355: result: yes
configure:10595: checking dynamic linker characteristics
configure:11332: result: Win32 ld.exe
configure:11439: checking how to hardcode library paths into programs
configure:11464: result: immediate
configure:12004: checking whether stripping libraries is possible
configure:12009: result: yes
configure:12044: checking if libtool supports shared libraries
configure:12046: result: yes
configure:12049: checking whether to build shared libraries
configure:12070: result: no
configure:12073: checking whether to build static libraries
configure:12077: result: yes
configure:12100: checking how to run the C++ preprocessor
configure:12127: g++ -E  conftest.cpp
configure:12127: $? = 0
configure:12141: g++ -E  conftest.cpp
conftest.cpp:22:10: fatal error: ac_nonexistent.h: No such file or directory
 #include <ac_nonexistent.h>
          ^~~~~~~~~~~~~~~~~~
compilation terminated.
configure:12141: $? = 1
configure: failed program was:
| /* confdefs.h */
| #define PACKAGE_NAME "libzen"
| #define PACKAGE_TARNAME "libzen"
| #define PACKAGE_VERSION "0.4.36"
| #define PACKAGE_STRING "libzen 0.4.36"
| #define PACKAGE_BUGREPORT ""
| #define PACKAGE_URL ""
| #define PACKAGE "libzen"
| #define VERSION "0.4.36"
| #define STDC_HEADERS 1
| #define HAVE_SYS_TYPES_H 1
| #define HAVE_SYS_STAT_H 1
| #define HAVE_STDLIB_H 1
| #define HAVE_STRING_H 1
| #define HAVE_MEMORY_H 1
| #define HAVE_STRINGS_H 1
| #define HAVE_INTTYPES_H 1
| #define HAVE_STDINT_H 1
| #define HAVE_UNISTD_H 1
| #define LT_OBJDIR ".libs/"
| /* end confdefs.h.  */
| #include <ac_nonexistent.h>
configure:12166: result: g++ -E
configure:12186: g++ -E  conftest.cpp
configure:12186: $? = 0
configure:12200: g++ -E  conftest.cpp
conftest.cpp:22:10: fatal error: ac_nonexistent.h: No such file or directory
 #include <ac_nonexistent.h>
          ^~~~~~~~~~~~~~~~~~
compilation terminated.
configure:12200: $? = 1
configure: failed program was:
| /* confdefs.h */
| #define PACKAGE_NAME "libzen"
| #define PACKAGE_TARNAME "libzen"
| #define PACKAGE_VERSION "0.4.36"
| #define PACKAGE_STRING "libzen 0.4.36"
| #define PACKAGE_BUGREPORT ""
| #define PACKAGE_URL ""
| #define PACKAGE "libzen"
| #define VERSION "0.4.36"
| #define STDC_HEADERS 1
| #define HAVE_SYS_TYPES_H 1
| #define HAVE_SYS_STAT_H 1
| #define HAVE_STDLIB_H 1
| #define HAVE_STRING_H 1
| #define HAVE_MEMORY_H 1
| #define HAVE_STRINGS_H 1
| #define HAVE_INTTYPES_H 1
| #define HAVE_STDINT_H 1
| #define HAVE_UNISTD_H 1
| #define LT_OBJDIR ".libs/"
| /* end confdefs.h.  */
| #include <ac_nonexistent.h>
configure:12369: checking for ld used by g++
configure:12436: result: C:/msys64/mingw64/x86_64-w64-mingw32/bin/ld.exe
configure:12443: checking if the linker (C:/msys64/mingw64/x86_64-w64-mingw32/bin/ld.exe) is GNU ld
configure:12458: result: yes
configure:12513: checking whether the g++ linker (C:/msys64/mingw64/x86_64-w64-mingw32/bin/ld.exe) supports shared libraries
configure:13518: result: yes
configure:13554: g++ -c -g -O2  conftest.cpp >&5
configure:13557: $? = 0
configure:14077: checking for g++ option to produce PIC
configure:14084: result: -DDLL_EXPORT -DPIC
configure:14092: checking if g++ PIC flag -DDLL_EXPORT -DPIC works
configure:14110: g++ -c -g -O2  -DDLL_EXPORT -DPIC -DPIC conftest.cpp >&5
configure:14114: $? = 0
configure:14127: result: yes
configure:14150: checking if g++ static flag -static works
configure:14178: result: yes
configure:14190: checking if g++ supports -c -o file.o
configure:14211: g++ -c -g -O2  -o out/conftest2.o conftest.cpp >&5
configure:14215: $? = 0
configure:14237: result: yes
configure:14242: checking if g++ supports -c -o file.o
configure:14289: result: yes
configure:14319: checking whether the g++ linker (C:/msys64/mingw64/x86_64-w64-mingw32/bin/ld.exe) supports shared libraries
configure:14355: result: yes
configure:14496: checking dynamic linker characteristics
configure:15167: result: Win32 ld.exe
configure:15220: checking how to hardcode library paths into programs
configure:15245: result: immediate
configure:15506: g++ -c -g -O2 -DUNICODE -D_LARGE_FILES -D_FILE_OFFSET_BITS=64  conftest.cpp >&5
conftest.cpp: In function 'int main()':
conftest.cpp:26:28: error: call of overloaded 'foo(size_t)' is ambiguous
  int main () {foo(size_t(0)); return 0;}
                            ^
conftest.cpp:24:7: note: candidate: void foo(int)
  void foo(signed int) {}
       ^~~
conftest.cpp:25:7: note: candidate: void foo(unsigned int)
  void foo(unsigned int) {}
       ^~~
configure:15506: $? = 1
configure: failed program was:
| /* confdefs.h */
| #define PACKAGE_NAME "libzen"
| #define PACKAGE_TARNAME "libzen"
| #define PACKAGE_VERSION "0.4.36"
| #define PACKAGE_STRING "libzen 0.4.36"
| #define PACKAGE_BUGREPORT ""
| #define PACKAGE_URL ""
| #define PACKAGE "libzen"
| #define VERSION "0.4.36"
| #define STDC_HEADERS 1
| #define HAVE_SYS_TYPES_H 1
| #define HAVE_SYS_STAT_H 1
| #define HAVE_STDLIB_H 1
| #define HAVE_STRING_H 1
| #define HAVE_MEMORY_H 1
| #define HAVE_STRINGS_H 1
| #define HAVE_INTTYPES_H 1
| #define HAVE_STDINT_H 1
| #define HAVE_UNISTD_H 1
| #define LT_OBJDIR ".libs/"
| /* end confdefs.h.  */
| 
| 	#include <cstdlib>
| 	void foo(signed int) {}
| 	void foo(unsigned int) {}
| 	int main () {foo(size_t(0)); return 0;}
configure:15531: g++ -c -g -O2 -DUNICODE -D_LARGE_FILES -D_FILE_OFFSET_BITS=64 -DSIZE_T_IS_LONG  conftest.cpp >&5
configure:15531: $? = 0
configure:15739: checking that generated files are newer than configure
configure:15745: result: done
configure:15772: creating ./config.status

## ---------------------- ##
## Running config.status. ##
## ---------------------- ##

This file was extended by libzen config.status 0.4.36, which was
generated by GNU Autoconf 2.69.  Invocation command line was

  CONFIG_FILES    = 
  CONFIG_HEADERS  = 
  CONFIG_LINKS    = 
  CONFIG_COMMANDS = 
  $ ./config.status 

on surface

config.status:1094: creating libzen-config
config.status:1094: creating libzen.pc
config.status:1094: creating Makefile
config.status:1266: executing depfiles commands
config.status:1266: executing libtool commands

## ---------------- ##
## Cache variables. ##
## ---------------- ##

ac_cv_build=x86_64-w64-mingw32
ac_cv_c_compiler_gnu=yes
ac_cv_cxx_compiler_gnu=yes
ac_cv_env_CCC_set=
ac_cv_env_CCC_value=
ac_cv_env_CC_set=
ac_cv_env_CC_value=
ac_cv_env_CFLAGS_set=
ac_cv_env_CFLAGS_value=
ac_cv_env_CPPFLAGS_set=
ac_cv_env_CPPFLAGS_value=
ac_cv_env_CPP_set=
ac_cv_env_CPP_value=
ac_cv_env_CXXCPP_set=
ac_cv_env_CXXCPP_value=
ac_cv_env_CXXFLAGS_set=
ac_cv_env_CXXFLAGS_value=
ac_cv_env_CXX_set=
ac_cv_env_CXX_value=
ac_cv_env_LDFLAGS_set=
ac_cv_env_LDFLAGS_value=
ac_cv_env_LIBS_set=
ac_cv_env_LIBS_value=
ac_cv_env_build_alias_set=
ac_cv_env_build_alias_value=
ac_cv_env_host_alias_set=
ac_cv_env_host_alias_value=
ac_cv_env_target_alias_set=
ac_cv_env_target_alias_value=
ac_cv_exeext=.exe
ac_cv_header_dlfcn_h=no
ac_cv_header_inttypes_h=yes
ac_cv_header_memory_h=yes
ac_cv_header_stdc=yes
ac_cv_header_stdint_h=yes
ac_cv_header_stdlib_h=yes
ac_cv_header_string_h=yes
ac_cv_header_strings_h=yes
ac_cv_header_sys_stat_h=yes
ac_cv_header_sys_types_h=yes
ac_cv_header_unistd_h=yes
ac_cv_host=x86_64-w64-mingw32
ac_cv_objext=o
ac_cv_path_EGREP='/usr/bin/grep -E'
ac_cv_path_FGREP='/usr/bin/grep -F'
ac_cv_path_GREP=/usr/bin/grep
ac_cv_path_SED=/usr/bin/sed
ac_cv_path_install='/usr/bin/install -c'
ac_cv_path_mkdir=/usr/bin/mkdir
ac_cv_prog_AWK=gawk
ac_cv_prog_CPP='gcc -E'
ac_cv_prog_CXXCPP='g++ -E'
ac_cv_prog_ac_ct_AR=ar
ac_cv_prog_ac_ct_AS=as
ac_cv_prog_ac_ct_CC=gcc
ac_cv_prog_ac_ct_CXX=g++
ac_cv_prog_ac_ct_DLLTOOL=dlltool
ac_cv_prog_ac_ct_OBJDUMP=objdump
ac_cv_prog_ac_ct_RANLIB=ranlib
ac_cv_prog_ac_ct_STRIP=strip
ac_cv_prog_cc_c89=
ac_cv_prog_cc_g=yes
ac_cv_prog_cxx_g=yes
ac_cv_prog_make_make_set=yes
am_cv_CC_dependencies_compiler_type=gcc3
am_cv_CXX_dependencies_compiler_type=gcc3
am_cv_make_support_nested_variables=yes
lt_cv_ar_at_file=@
lt_cv_deplibs_check_method='file_magic ^x86 archive import|^x86 DLL'
lt_cv_file_magic_cmd=func_win32_libid
lt_cv_file_magic_test_file=
lt_cv_ld_reload_flag=-r
lt_cv_nm_interface='BSD nm'
lt_cv_objdir=.libs
lt_cv_path_LD=C:/msys64/mingw64/x86_64-w64-mingw32/bin/ld.exe
lt_cv_path_LDCXX=C:/msys64/mingw64/x86_64-w64-mingw32/bin/ld.exe
lt_cv_path_NM='/mingw64/bin/nm -B'
lt_cv_path_mainfest_tool=no
lt_cv_prog_compiler_c_o=yes
lt_cv_prog_compiler_c_o_CXX=yes
lt_cv_prog_compiler_pic='-DDLL_EXPORT -DPIC'
lt_cv_prog_compiler_pic_CXX='-DDLL_EXPORT -DPIC'
lt_cv_prog_compiler_pic_works=yes
lt_cv_prog_compiler_pic_works_CXX=yes
lt_cv_prog_compiler_rtti_exceptions=no
lt_cv_prog_compiler_static_works=yes
lt_cv_prog_compiler_static_works_CXX=yes
lt_cv_prog_gnu_ld=yes
lt_cv_prog_gnu_ldcxx=yes
lt_cv_sharedlib_from_linklib_cmd=func_cygming_dll_for_implib
lt_cv_sys_global_symbol_pipe='sed -n -e '\''s/^.*[	 ]\([ABCDGIRSTW][ABCDGIRSTW]*\)[	 ][	 ]*\([_A-Za-z][_A-Za-z0-9]*\)\{0,1\}$/\1 \2 \2/p'\'' | sed '\''/ __gnu_lto/d'\'''
lt_cv_sys_global_symbol_to_c_name_address='sed -n -e '\''s/^: \([^ ]*\)[ ]*$/  {\"\1\", (void *) 0},/p'\'' -e '\''s/^[ABCDGIRSTW]* \([^ ]*\) \([^ ]*\)$/  {"\2", (void *) \&\2},/p'\'''
lt_cv_sys_global_symbol_to_c_name_address_lib_prefix='sed -n -e '\''s/^: \([^ ]*\)[ ]*$/  {\"\1\", (void *) 0},/p'\'' -e '\''s/^[ABCDGIRSTW]* \([^ ]*\) \(lib[^ ]*\)$/  {"\2", (void *) \&\2},/p'\'' -e '\''s/^[ABCDGIRSTW]* \([^ ]*\) \([^ ]*\)$/  {"lib\2", (void *) \&\2},/p'\'''
lt_cv_sys_global_symbol_to_cdecl='sed -n -e '\''s/^T .* \(.*\)$/extern int \1();/p'\'' -e '\''s/^[ABCDGIRSTW]* .* \(.*\)$/extern char \1;/p'\'''
lt_cv_sys_max_cmd_len=8192
lt_cv_to_host_file_cmd=func_convert_file_msys_to_w32
lt_cv_to_tool_file_cmd=func_convert_file_msys_to_w32

## ----------------- ##
## Output variables. ##
## ----------------- ##

ACLOCAL='${SHELL} /c/Regards/libextern/MediaInfo_DLL_GNU_FromSource/ZenLib/Project/GNU/Library/missing aclocal-1.13'
AMDEPBACKSLASH='\'
AMDEP_FALSE='#'
AMDEP_TRUE=''
AMTAR='$${TAR-tar}'
AM_BACKSLASH='\'
AM_DEFAULT_V='$(AM_DEFAULT_VERBOSITY)'
AM_DEFAULT_VERBOSITY='1'
AM_V='$(V)'
AR='ar'
AS='as'
AUTOCONF='${SHELL} /c/Regards/libextern/MediaInfo_DLL_GNU_FromSource/ZenLib/Project/GNU/Library/missing autoconf'
AUTOHEADER='${SHELL} /c/Regards/libextern/MediaInfo_DLL_GNU_FromSource/ZenLib/Project/GNU/Library/missing autoheader'
AUTOMAKE='${SHELL} /c/Regards/libextern/MediaInfo_DLL_GNU_FromSource/ZenLib/Project/GNU/Library/missing automake-1.13'
AWK='gawk'
CC='gcc'
CCDEPMODE='depmode=gcc3'
CFLAGS='-g -O2 -O2'
CPP='gcc -E'
CPPFLAGS=''
CXX='g++'
CXXCPP='g++ -E'
CXXDEPMODE='depmode=gcc3'
CXXFLAGS='-g -O2 -DUNICODE -D_LARGE_FILES -D_FILE_OFFSET_BITS=64 -DSIZE_T_IS_LONG -O2'
CYGPATH_W='cygpath -w'
DEFS='-DPACKAGE_NAME=\"libzen\" -DPACKAGE_TARNAME=\"libzen\" -DPACKAGE_VERSION=\"0.4.36\" -DPACKAGE_STRING=\"libzen\ 0.4.36\" -DPACKAGE_BUGREPORT=\"\" -DPACKAGE_URL=\"\" -DPACKAGE=\"libzen\" -DVERSION=\"0.4.36\" -DSTDC_HEADERS=1 -DHAVE_SYS_TYPES_H=1 -DHAVE_SYS_STAT_H=1 -DHAVE_STDLIB_H=1 -DHAVE_STRING_H=1 -DHAVE_MEMORY_H=1 -DHAVE_STRINGS_H=1 -DHAVE_INTTYPES_H=1 -DHAVE_STDINT_H=1 -DHAVE_UNISTD_H=1 -DLT_OBJDIR=\".libs/\"'
DEPDIR='.deps'
DLLTOOL='dlltool'
DSYMUTIL=''
DUMPBIN=''
ECHO_C=''
ECHO_N='-n'
ECHO_T=''
EGREP='/usr/bin/grep -E'
EXEEXT='.exe'
FGREP='/usr/bin/grep -F'
GREP='/usr/bin/grep'
INSTALL_DATA='${INSTALL} -m 644'
INSTALL_PROGRAM='${INSTALL}'
INSTALL_SCRIPT='${INSTALL}'
INSTALL_STRIP_PROGRAM='$(install_sh) -c -s'
LD='C:/msys64/mingw64/x86_64-w64-mingw32/bin/ld.exe'
LDFLAGS=' -lpthread -lstdc++'
LIBOBJS=''
LIBS=''
LIBTOOL='$(SHELL) $(top_builddir)/libtool'
LIPO=''
LN_S='cp -pR'
LTLIBOBJS=''
MAKEINFO='${SHELL} /c/Regards/libextern/MediaInfo_DLL_GNU_FromSource/ZenLib/Project/GNU/Library/missing makeinfo'
MANIFEST_TOOL=':'
MKDIR_P='/usr/bin/mkdir -p'
NM='/mingw64/bin/nm -B'
NMEDIT=''
OBJDUMP='objdump'
OBJEXT='o'
OTOOL64=''
OTOOL=''
PACKAGE='libzen'
PACKAGE_BUGREPORT=''
PACKAGE_NAME='libzen'
PACKAGE_STRING='libzen 0.4.36'
PACKAGE_TARNAME='libzen'
PACKAGE_URL=''
PACKAGE_VERSION='0.4.36'
PATH_SEPARATOR=':'
RANLIB='ranlib'
SED='/usr/bin/sed'
SET_MAKE=''
SHELL='/bin/sh'
STRIP='strip'
VERSION='0.4.36'
ZenLib_CXXFLAGS=' -DUNICODE -DSIZE_T_IS_LONG'
ZenLib_LIBS=''
ZenLib_LIBS_Static='/c/Regards/libextern/MediaInfo_DLL_GNU_FromSource/ZenLib/Project/GNU/Library/.libs/libzen.a -lpthread -lstdc++ '
ZenLib_LargeFiles='yes'
ZenLib_Unicode='yes'
ZenLib_wstring_missing='no'
ac_ct_AR='ar'
ac_ct_CC='gcc'
ac_ct_CXX='g++'
ac_ct_DUMPBIN=''
am__EXEEXT_FALSE='#'
am__EXEEXT_TRUE=''
am__fastdepCC_FALSE='#'
am__fastdepCC_TRUE=''
am__fastdepCXX_FALSE='#'
am__fastdepCXX_TRUE=''
am__include='include'
am__isrc=''
am__leading_dot='.'
am__nodep='_no'
am__quote=''
am__tar='$${TAR-tar} chof - "$$tardir"'
am__untar='$${TAR-tar} xf -'
bindir='${exec_prefix}/bin'
build='x86_64-w64-mingw32'
build_alias='x86_64-w64-mingw32'
build_cpu='x86_64'
build_os='mingw32'
build_vendor='w64'
datadir='${datarootdir}'
datarootdir='${prefix}/share'
docdir='${datarootdir}/doc/${PACKAGE_TARNAME}'
dvidir='${docdir}'
exec_prefix='${prefix}'
host='x86_64-w64-mingw32'
host_alias=''
host_cpu='x86_64'
host_os='mingw32'
host_vendor='w64'
htmldir='${docdir}'
includedir='${prefix}/include'
infodir='${datarootdir}/info'
install_sh='${SHELL} /c/Regards/libextern/MediaInfo_DLL_GNU_FromSource/ZenLib/Project/GNU/Library/install-sh'
libdir='${exec_prefix}/lib'
libexecdir='${exec_prefix}/libexec'
localedir='${datarootdir}/locale'
localstatedir='${prefix}/var'
mandir='${datarootdir}/man'
mkdir_p='$(MKDIR_P)'
oldincludedir='/usr/include'
pdfdir='${docdir}'
prefix='/mingw64'
program_transform_name='s,x,x,'
psdir='${docdir}'
sbindir='${exec_prefix}/sbin'
sharedstatedir='${prefix}/com'
sysconfdir='${prefix}/etc'
target_alias=''

## ----------- ##
## confdefs.h. ##
## ----------- ##

/* confdefs.h */
#define PACKAGE_NAME "libzen"
#define PACKAGE_TARNAME "libzen"
#define PACKAGE_VERSION "0.4.36"
#define PACKAGE_STRING "libzen 0.4.36"
#define PACKAGE_BUGREPORT ""
#define PACKAGE_URL ""
#define PACKAGE "libzen"
#define VERSION "0.4.36"
#define STDC_HEADERS 1
#define HAVE_SYS_TYPES_H 1
#define HAVE_SYS_STAT_H 1
#define HAVE_STDLIB_H 1
#define HAVE_STRING_H 1
#define HAVE_MEMORY_H 1
#define HAVE_STRINGS_H 1
#define HAVE_INTTYPES_H 1
#define HAVE_STDINT_H 1
#define HAVE_UNISTD_H 1
#define LT_OBJDIR ".libs/"

configure: exit 0
