This file contains any messages produced by compilers while
running configure, to aid debugging if configure makes a mistake.

It was created by wxWidgets configure 3.1.3, which was
generated by GNU Autoconf 2.69.  Invocation command line was

  $ ./configure --with-libjpeg=builtin --with-libpng=builtin --with-libtiff=builtin --enable-monolithic --enable-unicode --disable-shared --disable-log --disable-debug

## --------- ##
## Platform. ##
## --------- ##

hostname = figuinha-MS-7885
uname -m = x86_64
uname -r = 5.3.0-19-generic
uname -s = Linux
uname -v = #20~18.04.2-Ubuntu SMP Tue Oct 22 18:09:07 UTC 2019

/usr/bin/uname -p = unknown
/bin/uname -X     = unknown

/bin/arch              = unknown
/usr/bin/arch -k       = unknown
/usr/convex/getsysinfo = unknown
/usr/bin/hostinfo      = unknown
/bin/machine           = unknown
/usr/bin/oslevel       = unknown
/bin/universe          = unknown

PATH: /usr/local/sbin
PATH: /usr/local/bin
PATH: /usr/sbin
PATH: /usr/bin
PATH: /sbin
PATH: /bin
PATH: /usr/games
PATH: /usr/local/games
PATH: /snap/bin


## ----------- ##
## Core tests. ##
## ----------- ##

configure:3689: error: cannot find install-sh, install.sh, or shtool in "." "./.." "./../.."

## ---------------- ##
## Cache variables. ##
## ---------------- ##

ac_cv_env_CAIRO_CFLAGS_set=
ac_cv_env_CAIRO_CFLAGS_value=
ac_cv_env_CAIRO_LIBS_set=
ac_cv_env_CAIRO_LIBS_value=
ac_cv_env_CCC_set=
ac_cv_env_CCC_value=
ac_cv_env_CC_set=
ac_cv_env_CC_value=
ac_cv_env_CFLAGS_set=
ac_cv_env_CFLAGS_value=
ac_cv_env_CPPFLAGS_set=
ac_cv_env_CPPFLAGS_value=
ac_cv_env_CPP_set=
ac_cv_env_CPP_value=
ac_cv_env_CXXFLAGS_set=
ac_cv_env_CXXFLAGS_value=
ac_cv_env_CXX_set=
ac_cv_env_CXX_value=
ac_cv_env_DIRECTFB_CFLAGS_set=
ac_cv_env_DIRECTFB_CFLAGS_value=
ac_cv_env_DIRECTFB_LIBS_set=
ac_cv_env_DIRECTFB_LIBS_value=
ac_cv_env_GLU_CFLAGS_set=
ac_cv_env_GLU_CFLAGS_value=
ac_cv_env_GLU_LIBS_set=
ac_cv_env_GLU_LIBS_value=
ac_cv_env_GL_CFLAGS_set=
ac_cv_env_GL_CFLAGS_value=
ac_cv_env_GL_LIBS_set=
ac_cv_env_GL_LIBS_value=
ac_cv_env_GNOMEVFS_CFLAGS_set=
ac_cv_env_GNOMEVFS_CFLAGS_value=
ac_cv_env_GNOMEVFS_LIBS_set=
ac_cv_env_GNOMEVFS_LIBS_value=
ac_cv_env_GST_CFLAGS_set=
ac_cv_env_GST_CFLAGS_value=
ac_cv_env_GST_LIBS_set=
ac_cv_env_GST_LIBS_value=
ac_cv_env_GTKPRINT_CFLAGS_set=
ac_cv_env_GTKPRINT_CFLAGS_value=
ac_cv_env_GTKPRINT_LIBS_set=
ac_cv_env_GTKPRINT_LIBS_value=
ac_cv_env_LDFLAGS_set=
ac_cv_env_LDFLAGS_value=
ac_cv_env_LIBNOTIFY_CFLAGS_set=
ac_cv_env_LIBNOTIFY_CFLAGS_value=
ac_cv_env_LIBNOTIFY_LIBS_set=
ac_cv_env_LIBNOTIFY_LIBS_value=
ac_cv_env_LIBSECRET_CFLAGS_set=
ac_cv_env_LIBSECRET_CFLAGS_value=
ac_cv_env_LIBSECRET_LIBS_set=
ac_cv_env_LIBSECRET_LIBS_value=
ac_cv_env_LIBS_set=
ac_cv_env_LIBS_value=
ac_cv_env_LIBTIFF_CFLAGS_set=
ac_cv_env_LIBTIFF_CFLAGS_value=
ac_cv_env_LIBTIFF_LIBS_set=
ac_cv_env_LIBTIFF_LIBS_value=
ac_cv_env_MesaGL_CFLAGS_set=
ac_cv_env_MesaGL_CFLAGS_value=
ac_cv_env_MesaGL_LIBS_set=
ac_cv_env_MesaGL_LIBS_value=
ac_cv_env_PANGOFT2_CFLAGS_set=
ac_cv_env_PANGOFT2_CFLAGS_value=
ac_cv_env_PANGOFT2_LIBS_set=
ac_cv_env_PANGOFT2_LIBS_value=
ac_cv_env_PANGOXFT_CFLAGS_set=
ac_cv_env_PANGOXFT_CFLAGS_value=
ac_cv_env_PANGOXFT_LIBS_set=
ac_cv_env_PANGOXFT_LIBS_value=
ac_cv_env_PKG_CONFIG_set=
ac_cv_env_PKG_CONFIG_value=
ac_cv_env_PRIVATE_FONTS_CFLAGS_set=
ac_cv_env_PRIVATE_FONTS_CFLAGS_value=
ac_cv_env_PRIVATE_FONTS_LIBS_set=
ac_cv_env_PRIVATE_FONTS_LIBS_value=
ac_cv_env_QT5_CFLAGS_set=
ac_cv_env_QT5_CFLAGS_value=
ac_cv_env_QT5_LIBS_set=
ac_cv_env_QT5_LIBS_value=
ac_cv_env_SDL_CFLAGS_set=
ac_cv_env_SDL_CFLAGS_value=
ac_cv_env_SDL_LIBS_set=
ac_cv_env_SDL_LIBS_value=
ac_cv_env_SM_CFLAGS_set=
ac_cv_env_SM_CFLAGS_value=
ac_cv_env_SM_LIBS_set=
ac_cv_env_SM_LIBS_value=
ac_cv_env_WEBKIT_CFLAGS_set=
ac_cv_env_WEBKIT_CFLAGS_value=
ac_cv_env_WEBKIT_LIBS_set=
ac_cv_env_WEBKIT_LIBS_value=
ac_cv_env_XMKMF_set=
ac_cv_env_XMKMF_value=
ac_cv_env_XTST_CFLAGS_set=
ac_cv_env_XTST_CFLAGS_value=
ac_cv_env_XTST_LIBS_set=
ac_cv_env_XTST_LIBS_value=
ac_cv_env_Xinerama_CFLAGS_set=
ac_cv_env_Xinerama_CFLAGS_value=
ac_cv_env_Xinerama_LIBS_set=
ac_cv_env_Xinerama_LIBS_value=
ac_cv_env_Xxf86vm_CFLAGS_set=
ac_cv_env_Xxf86vm_CFLAGS_value=
ac_cv_env_Xxf86vm_LIBS_set=
ac_cv_env_Xxf86vm_LIBS_value=
ac_cv_env_build_alias_set=
ac_cv_env_build_alias_value=
ac_cv_env_host_alias_set=
ac_cv_env_host_alias_value=
ac_cv_env_target_alias_set=
ac_cv_env_target_alias_value=

## ----------------- ##
## Output variables. ##
## ----------------- ##

AIX_CXX_LD=''
AR=''
AROPTIONS=''
BK_DEPS=''
BK_MAKE_PCH=''
BUILT_WX_LIBS=''
CAIRO_CFLAGS=''
CAIRO_LIBS=''
CC=''
CFLAGS=''
CFLAGS_VISIBILITY=''
COND_BUILD_debug=''
COND_BUILD_debug_DEBUG_INFO_default=''
COND_BUILD_release=''
COND_BUILD_release_DEBUG_INFO_default=''
COND_DEBUG_FLAG_0=''
COND_DEBUG_INFO_0=''
COND_DEBUG_INFO_1=''
COND_DEPS_TRACKING_0=''
COND_DEPS_TRACKING_1=''
COND_GCC_PCH_1=''
COND_ICC_PCH_1=''
COND_MONOLITHIC_0=''
COND_MONOLITHIC_0_SHARED_0=''
COND_MONOLITHIC_0_SHARED_0_USE_AUI_1=''
COND_MONOLITHIC_0_SHARED_0_USE_GUI_1=''
COND_MONOLITHIC_0_SHARED_0_USE_GUI_1_USE_HTML_1=''
COND_MONOLITHIC_0_SHARED_0_USE_GUI_1_USE_MEDIA_1=''
COND_MONOLITHIC_0_SHARED_0_USE_GUI_1_USE_QA_1=''
COND_MONOLITHIC_0_SHARED_0_USE_GUI_1_USE_WEBVIEW_1=''
COND_MONOLITHIC_0_SHARED_0_USE_PROPGRID_1=''
COND_MONOLITHIC_0_SHARED_0_USE_RIBBON_1=''
COND_MONOLITHIC_0_SHARED_0_USE_RICHTEXT_1=''
COND_MONOLITHIC_0_SHARED_0_USE_STC_1=''
COND_MONOLITHIC_0_SHARED_0_USE_XRC_1=''
COND_MONOLITHIC_0_SHARED_1=''
COND_MONOLITHIC_0_SHARED_1_USE_AUI_1=''
COND_MONOLITHIC_0_SHARED_1_USE_GUI_1=''
COND_MONOLITHIC_0_SHARED_1_USE_GUI_1_USE_HTML_1=''
COND_MONOLITHIC_0_SHARED_1_USE_GUI_1_USE_MEDIA_1=''
COND_MONOLITHIC_0_SHARED_1_USE_GUI_1_USE_QA_1=''
COND_MONOLITHIC_0_SHARED_1_USE_GUI_1_USE_WEBVIEW_1=''
COND_MONOLITHIC_0_SHARED_1_USE_PROPGRID_1=''
COND_MONOLITHIC_0_SHARED_1_USE_RIBBON_1=''
COND_MONOLITHIC_0_SHARED_1_USE_RICHTEXT_1=''
COND_MONOLITHIC_0_SHARED_1_USE_STC_1=''
COND_MONOLITHIC_0_SHARED_1_USE_XRC_1=''
COND_MONOLITHIC_0_USE_AUI_1=''
COND_MONOLITHIC_0_USE_GUI_1=''
COND_MONOLITHIC_0_USE_GUI_1_USE_MEDIA_1=''
COND_MONOLITHIC_0_USE_HTML_1=''
COND_MONOLITHIC_0_USE_MEDIA_1=''
COND_MONOLITHIC_0_USE_PROPGRID_1=''
COND_MONOLITHIC_0_USE_QA_1=''
COND_MONOLITHIC_0_USE_RIBBON_1=''
COND_MONOLITHIC_0_USE_RICHTEXT_1=''
COND_MONOLITHIC_0_USE_STC_1=''
COND_MONOLITHIC_0_USE_WEBVIEW_1=''
COND_MONOLITHIC_0_USE_XRC_1=''
COND_MONOLITHIC_1=''
COND_MONOLITHIC_1_SHARED_0=''
COND_MONOLITHIC_1_SHARED_1=''
COND_MONOLITHIC_1_USE_STC_1=''
COND_OFFICIAL_BUILD_0_PLATFORM_WIN32_1=''
COND_OFFICIAL_BUILD_1_PLATFORM_WIN32_1=''
COND_PLATFORM_MACOSX_0_USE_SOVERCYGWIN_0_USE_SOVERSION_1=''
COND_PLATFORM_MACOSX_0_USE_SOVERSION_1=''
COND_PLATFORM_MACOSX_1=''
COND_PLATFORM_MACOSX_1_PLATFORM_WIN32_1_SHARED_0=''
COND_PLATFORM_MACOSX_1_TOOLKIT_GTK_TOOLKIT_VERSION_2_USE_GUI_1=''
COND_PLATFORM_MACOSX_1_TOOLKIT_GTK_TOOLKIT_VERSION_3_USE_GUI_1=''
COND_PLATFORM_MACOSX_1_TOOLKIT_GTK_TOOLKIT_VERSION_4_USE_GUI_1=''
COND_PLATFORM_MACOSX_1_TOOLKIT_OSX_COCOA_USE_GUI_1=''
COND_PLATFORM_MACOSX_1_TOOLKIT_OSX_COCOA_USE_GUI_1_WXUNIV_0=''
COND_PLATFORM_MACOSX_1_TOOLKIT_OSX_IPHONE_USE_GUI_1=''
COND_PLATFORM_MACOSX_1_TOOLKIT_OSX_IPHONE_USE_GUI_1_WXUNIV_0=''
COND_PLATFORM_MACOSX_1_USE_GUI_1=''
COND_PLATFORM_MACOSX_1_USE_OPENGL_1=''
COND_PLATFORM_MACOSX_1_USE_SOVERSION_1=''
COND_PLATFORM_OS2_1=''
COND_PLATFORM_UNIX_0=''
COND_PLATFORM_UNIX_1=''
COND_PLATFORM_UNIX_1_TOOLKIT_GTK_TOOLKIT_VERSION_2_USE_GUI_1=''
COND_PLATFORM_UNIX_1_TOOLKIT_GTK_TOOLKIT_VERSION_3_USE_GUI_1=''
COND_PLATFORM_UNIX_1_TOOLKIT_GTK_TOOLKIT_VERSION_4_USE_GUI_1=''
COND_PLATFORM_UNIX_1_USE_GUI_1=''
COND_PLATFORM_UNIX_1_USE_PLUGINS_0=''
COND_PLATFORM_WIN32_0=''
COND_PLATFORM_WIN32_0_TOOLKIT_GTK_TOOLKIT_VERSION_3=''
COND_PLATFORM_WIN32_0_TOOLKIT_GTK_TOOLKIT_VERSION_4=''
COND_PLATFORM_WIN32_1=''
COND_PLATFORM_WIN32_1_SHARED_0=''
COND_PLATFORM_WIN32_1_TOOLKIT_GTK_TOOLKIT_VERSION_2_USE_GUI_1=''
COND_PLATFORM_WIN32_1_TOOLKIT_GTK_TOOLKIT_VERSION_3_USE_GUI_1=''
COND_PLATFORM_WIN32_1_TOOLKIT_GTK_TOOLKIT_VERSION_4_USE_GUI_1=''
COND_PLATFORM_WIN32_1_TOOLKIT_QT_USE_GUI_1_WXUNIV_0=''
COND_PYTHON=''
COND_SHARED_0=''
COND_SHARED_0_TOOLKIT_MAC_WXUNIV_0=''
COND_SHARED_0_TOOLKIT_MSW_WXUNIV_0=''
COND_SHARED_0_USE_GUI_1_USE_OPENGL_1=''
COND_SHARED_0_USE_GUI_1_wxUSE_LIBJPEG_builtin=''
COND_SHARED_0_USE_GUI_1_wxUSE_LIBPNG_builtin=''
COND_SHARED_0_USE_GUI_1_wxUSE_LIBTIFF_builtin=''
COND_SHARED_0_USE_STC_1=''
COND_SHARED_0_wxUSE_EXPAT_builtin=''
COND_SHARED_0_wxUSE_REGEX_builtin=''
COND_SHARED_0_wxUSE_ZLIB_builtin=''
COND_SHARED_1=''
COND_SHARED_1_USE_GUI_1=''
COND_SHARED_1_USE_GUI_1_USE_OPENGL_1=''
COND_TOOLKIT_=''
COND_TOOLKIT_COCOA=''
COND_TOOLKIT_DFB=''
COND_TOOLKIT_DFB_USE_GUI_1=''
COND_TOOLKIT_GTK=''
COND_TOOLKIT_GTK_TOOLKIT_VERSION_2=''
COND_TOOLKIT_GTK_TOOLKIT_VERSION_2_USE_GUI_1=''
COND_TOOLKIT_GTK_TOOLKIT_VERSION_2_USE_GUI_1_WXUNIV_0=''
COND_TOOLKIT_GTK_TOOLKIT_VERSION_2_USE_GUI_1_WXUNIV_1=''
COND_TOOLKIT_GTK_TOOLKIT_VERSION_3=''
COND_TOOLKIT_GTK_TOOLKIT_VERSION_3_USE_GUI_1=''
COND_TOOLKIT_GTK_TOOLKIT_VERSION_3_USE_GUI_1_WXUNIV_0=''
COND_TOOLKIT_GTK_TOOLKIT_VERSION_4=''
COND_TOOLKIT_GTK_TOOLKIT_VERSION_4_USE_GUI_1=''
COND_TOOLKIT_GTK_TOOLKIT_VERSION_4_USE_GUI_1_WXUNIV_0=''
COND_TOOLKIT_GTK_TOOLKIT_VERSION_=''
COND_TOOLKIT_GTK_TOOLKIT_VERSION__USE_GUI_1=''
COND_TOOLKIT_GTK_TOOLKIT_VERSION__USE_GUI_1_WXUNIV_0=''
COND_TOOLKIT_GTK_USE_GUI_1=''
COND_TOOLKIT_MAC=''
COND_TOOLKIT_MOTIF=''
COND_TOOLKIT_MOTIF_USE_GUI_1=''
COND_TOOLKIT_MOTIF_USE_GUI_1_WXUNIV_0=''
COND_TOOLKIT_MSW=''
COND_TOOLKIT_MSW_USE_GUI_1=''
COND_TOOLKIT_MSW_USE_GUI_1_WXUNIV_0=''
COND_TOOLKIT_OSX_CARBON=''
COND_TOOLKIT_OSX_COCOA=''
COND_TOOLKIT_OSX_COCOA_USE_GUI_1=''
COND_TOOLKIT_OSX_COCOA_USE_GUI_1_WXUNIV_0=''
COND_TOOLKIT_OSX_COCOA_WXUNIV_0=''
COND_TOOLKIT_OSX_IPHONE=''
COND_TOOLKIT_OSX_IPHONE_USE_GUI_1=''
COND_TOOLKIT_OSX_IPHONE_USE_GUI_1_WXUNIV_0=''
COND_TOOLKIT_QT=''
COND_TOOLKIT_QT_USE_GUI_1_WXUNIV_0=''
COND_TOOLKIT_X11=''
COND_TOOLKIT_X11_USE_GUI_1=''
COND_TOOLKIT_X11_USE_GUI_1_WXUNIV_1=''
COND_UNICODE_1=''
COND_USE_CAIRO_1=''
COND_USE_EXCEPTIONS_0=''
COND_USE_EXCEPTIONS_1=''
COND_USE_GUI_0=''
COND_USE_GUI_1=''
COND_USE_GUI_1_USE_OPENGL_1=''
COND_USE_GUI_1_WXUNIV_0=''
COND_USE_GUI_1_WXUNIV_1=''
COND_USE_GUI_1_wxUSE_LIBJPEG_builtin=''
COND_USE_GUI_1_wxUSE_LIBPNG_builtin=''
COND_USE_GUI_1_wxUSE_LIBTIFF_builtin=''
COND_USE_OPENGL_1=''
COND_USE_PCH_1=''
COND_USE_PLUGINS_0=''
COND_USE_RTTI_0=''
COND_USE_RTTI_1=''
COND_USE_SOTWOSYMLINKS_1=''
COND_USE_SOVERCYGWIN_1_USE_SOVERSION_1=''
COND_USE_SOVERLINUX_1=''
COND_USE_SOVERSION_0=''
COND_USE_SOVERSION_1_USE_SOVERSOLARIS_1=''
COND_USE_SOVERSOLARIS_1=''
COND_USE_STC_1=''
COND_USE_THREADS_0=''
COND_USE_THREADS_1=''
COND_USE_WEBVIEW_WEBKIT2_1=''
COND_USE_XRC_1=''
COND_WINDOWS_IMPLIB_1=''
COND_WITH_PLUGIN_SDL_1=''
COND_WXUNIV_1=''
COND_wxUSE_EXPAT_builtin=''
COND_wxUSE_LIBJPEG_builtin=''
COND_wxUSE_LIBPNG_builtin=''
COND_wxUSE_LIBTIFF_builtin=''
COND_wxUSE_REGEX_builtin=''
COND_wxUSE_ZLIB_builtin=''
CPP=''
CPPFLAGS=''
CXX=''
CXXFLAGS=''
CXXFLAGS_VISIBILITY=''
CXXWARNINGS=''
DEBUG_FLAG=''
DEBUG_INFO=''
DEFS=''
DEPS_TRACKING=''
DIRECTFB_CFLAGS=''
DIRECTFB_LIBS=''
DISTDIR=''
DLLIMP_SUFFIX=''
DLLPREFIX=''
DLLPREFIX_MODULE=''
DLLTOOL=''
DMALLOC_LIBS=''
DYLIB_RPATH_INSTALL=''
DYLIB_RPATH_POSTLINK=''
ECHO_C=''
ECHO_N='-n'
ECHO_T=''
EGREP=''
EXEEXT=''
EXTRALIBS=''
EXTRALIBS_GUI=''
EXTRALIBS_HTML=''
EXTRALIBS_MEDIA=''
EXTRALIBS_OPENGL=''
EXTRALIBS_SDL=''
EXTRALIBS_STC=''
EXTRALIBS_WEBVIEW=''
EXTRALIBS_XML=''
GCC=''
GCC_PCH=''
GLU_CFLAGS=''
GLU_LIBS=''
GL_CFLAGS=''
GL_LIBS=''
GNOMEVFS_CFLAGS=''
GNOMEVFS_LIBS=''
GREP=''
GST_CFLAGS=''
GST_LIBS=''
GTKPRINT_CFLAGS=''
GTKPRINT_LIBS=''
GTK_CFLAGS=''
GTK_CONFIG=''
GTK_LIBS=''
GUIDIST=''
GXX_VERSION=''
HAVE_CXX11=''
HAVE_CXX14=''
HAVE_CXX17=''
HEADER_PAD_OPTION=''
HOST_SUFFIX=''
ICC_PCH=''
ICC_PCH_CREATE_SWITCH=''
ICC_PCH_USE_SWITCH=''
IF_GNU_MAKE=''
INSTALL_DATA=''
INSTALL_DIR=''
INSTALL_PROGRAM=''
INSTALL_SCRIPT=''
LDFLAGS=''
LDFLAGS_GL=''
LDFLAGS_GUI=''
LIBEXT=''
LIBICONV=''
LIBNOTIFY_CFLAGS=''
LIBNOTIFY_LIBS=''
LIBOBJS=''
LIBPREFIX=''
LIBS=''
LIBSECRET_CFLAGS=''
LIBSECRET_LIBS=''
LIBTIFF_CFLAGS=''
LIBTIFF_LIBS=''
LN_S=''
LTLIBOBJS=''
MAKE_SET=''
MONOLITHIC=''
MesaGL_CFLAGS=''
MesaGL_LIBS=''
NM=''
OBJCXXFLAGS=''
OBJEXT=''
OFFICIAL_BUILD=''
OPENGL_LIBS=''
PACKAGE_BUGREPORT='wx-dev@googlegroups.com'
PACKAGE_NAME='wxWidgets'
PACKAGE_STRING='wxWidgets 3.1.3'
PACKAGE_TARNAME='wxwidgets'
PACKAGE_URL=''
PACKAGE_VERSION='3.1.3'
PANGOFT2_CFLAGS=''
PANGOFT2_LIBS=''
PANGOXFT_CFLAGS=''
PANGOXFT_LIBS=''
PATH_SEPARATOR=':'
PIC_FLAG=''
PKG_CONFIG=''
PLATFORM_BEOS=''
PLATFORM_MAC=''
PLATFORM_MACOS=''
PLATFORM_MACOSX=''
PLATFORM_UNIX=''
PLATFORM_WIN32=''
PRIVATE_FONTS_CFLAGS=''
PRIVATE_FONTS_LIBS=''
PYTHON=''
QT5_CFLAGS=''
QT5_LIBS=''
RANLIB=''
RESCOMP=''
SAMPLES_CXXFLAGS=''
SAMPLES_RPATH_FLAG=''
SAMPLES_SUBDIRS=''
SDL_CFLAGS=''
SDL_CONFIG=''
SDL_LIBS=''
SET_MAKE=''
SHARED=''
SHARED_LD_CC=''
SHARED_LD_CXX=''
SHARED_LD_MODULE_CC=''
SHARED_LD_MODULE_CXX=''
SHELL='/bin/bash'
SM_CFLAGS=''
SM_LIBS=''
SONAME_FLAG=''
SO_SUFFIX=''
SO_SUFFIX_MODULE=''
STD_BASE_LIBS=''
STD_GUI_LIBS=''
STRIP=''
TOOLCHAIN_FULLNAME=''
TOOLCHAIN_NAME=''
TOOLKIT=''
TOOLKIT_DIR=''
TOOLKIT_LOWERCASE=''
TOOLKIT_VERSION=''
UNICODE=''
USE_GUI=''
USE_MACVERSION=''
USE_PLUGINS=''
USE_SOTWOSYMLINKS=''
USE_SOVERCYGWIN=''
USE_SOVERLINUX=''
USE_SOVERSION=''
USE_SOVERSOLARIS=''
VENDOR=''
WEBKIT_CFLAGS=''
WEBKIT_LIBS=''
WIDGET_SET=''
WINDOWS_IMPLIB=''
WINDRES=''
WITH_PLUGIN_SDL=''
WXCONFIG_CFLAGS=''
WXCONFIG_CPPFLAGS=''
WXCONFIG_CXXFLAGS=''
WXCONFIG_LDFLAGS=''
WXCONFIG_LDFLAGS_GUI=''
WXCONFIG_LIBS=''
WXCONFIG_RESFLAGS=''
WXCONFIG_RPATH=''
WXUNIV=''
WX_CHARTYPE=''
WX_FLAVOUR=''
WX_LIBRARY_BASENAME_GUI=''
WX_LIBRARY_BASENAME_NOGUI=''
WX_LIB_FLAVOUR=''
WX_RELEASE=''
WX_SUBVERSION=''
WX_VERSION=''
WX_VERSION_TAG=''
XMKMF=''
XTST_CFLAGS=''
XTST_LIBS=''
X_CFLAGS=''
X_EXTRA_LIBS=''
X_LIBS=''
X_PRE_LIBS=''
Xinerama_CFLAGS=''
Xinerama_LIBS=''
Xxf86vm_CFLAGS=''
Xxf86vm_LIBS=''
ac_ct_CC=''
ac_ct_CXX=''
bindir='${exec_prefix}/bin'
build=''
build_alias=''
build_cpu=''
build_os=''
build_vendor=''
cross_compiling='no'
datadir='${datarootdir}'
datarootdir='${prefix}/share'
dlldir=''
docdir='${datarootdir}/doc/${PACKAGE_TARNAME}'
dvidir='${docdir}'
exec_prefix='NONE'
host=''
host_alias=''
host_cpu=''
host_os=''
host_vendor=''
htmldir='${docdir}'
includedir='${prefix}/include'
infodir='${datarootdir}/info'
libdir='${exec_prefix}/lib'
libexecdir='${exec_prefix}/libexec'
localedir='${datarootdir}/locale'
localstatedir='${prefix}/var'
mandir='${datarootdir}/man'
oldincludedir='/usr/include'
pdfdir='${docdir}'
prefix='NONE'
program_transform_name='s,x,x,'
psdir='${docdir}'
runstatedir='${localstatedir}/run'
sbindir='${exec_prefix}/sbin'
sharedstatedir='${prefix}/com'
subdirs=''
sysconfdir='${prefix}/etc'
target_alias=''
wxCFLAGS_C99=''
wxUSE_EXPAT=''
wxUSE_LIBJPEG=''
wxUSE_LIBPNG=''
wxUSE_LIBTIFF=''
wxUSE_REGEX=''
wxUSE_ZLIB=''
wx_top_builddir=''

## ----------- ##
## confdefs.h. ##
## ----------- ##

/* confdefs.h */
#define PACKAGE_NAME "wxWidgets"
#define PACKAGE_TARNAME "wxwidgets"
#define PACKAGE_VERSION "3.1.3"
#define PACKAGE_STRING "wxWidgets 3.1.3"
#define PACKAGE_BUGREPORT "wx-dev@googlegroups.com"
#define PACKAGE_URL ""

configure: exit 1
